#
# A fatal error has been detected by the Java Runtime Environment:
#
#  SIGSEGV (0xb) at pc=0x00007ff1695b8ee0, pid=29557, tid=140674812823296
#
# JRE version: Java(TM) SE Runtime Environment (7.0_79-b15) (build 1.7.0_79-b15)
# Java VM: Java HotSpot(TM) 64-Bit Server VM (24.79-b02 mixed mode linux-amd64 compressed oops)
# Problematic frame:
# C  [sqlite-3.15.1-9a71d116-7be9-448e-8418-99fd633c3310-libsqlitejdbc.so+0x79ee0]  Java_org_sqlite_core_NativeDB_shared_1cache+0x6d5f0
#
# Failed to write core dump. Core dumps have been disabled. To enable core dumping, try "ulimit -c unlimited" before starting Java again
#
# If you would like to submit a bug report, please visit:
#   http://bugreport.java.com/bugreport/crash.jsp
# The crash happened outside the Java Virtual Machine in native code.
# See problematic frame for where to report the bug.
#

---------------  T H R E A D  ---------------

Current thread (0x00007ff174ac5000):  JavaThread "nioEventLoopGroup-12-1" [_thread_in_native, id=29599, stack(0x00007ff1682f4000,0x00007ff1683f5000)]

siginfo:si_signo=SIGSEGV: si_errno=0, si_code=1 (SEGV_MAPERR), si_addr=0x0000000000000018

Registers:
RAX=0x00007ff128018588, RBX=0x0000000000000000, RCX=0x00007ff174ac5af0, RDX=0x00007ff128018588
RSP=0x00007ff1683f3020, RBP=0x00007ff128018588, RSI=0x00007ff1683f30d8, RDI=0x00007ff128018588
R8 =0x00007ff17a1ab320, R9 =0x0000000000000000, R10=0x00007ff170df8766, R11=0x00007ff179c15ac0
R12=0x0000000000000000, R13=0x000000077faec0a8, R14=0x00007ff1683f30d8, R15=0x00007ff174ac5000
RIP=0x00007ff1695b8ee0, EFLAGS=0x0000000000010206, CSGSFS=0x0000000000000033, ERR=0x0000000000000004
  TRAPNO=0x000000000000000e

Top of Stack: (sp=0x00007ff1683f3020)
0x00007ff1683f3020:   000000077faec0a8 00007ff1683f30a8
0x00007ff1683f3030:   0000000000000000 00007ff170df8792
0x00007ff1683f3040:   00007ff1683f30a8 00007ff170df854e
0x00007ff1683f3050:   00007ff170df850c 0000000000000003
0x00007ff1683f3060:   00000007d7ec9608 00007ff1683f3058
0x00007ff1683f3070:   000000077faec0a8 00007ff1683f30d8
0x00007ff1683f3080:   000000077fc0d930 0000000000000000
0x00007ff1683f3090:   000000077faec0a8 0000000000000000
0x00007ff1683f30a0:   00007ff1683f30c8 00007ff1683f3120
0x00007ff1683f30b0:   00007ff170deb1d4 0000000000000000
0x00007ff1683f30c0:   00007ff170df3cd6 00007ff128018588
0x00007ff1683f30d0:   00007ff128018588 00000007d7ec9608
0x00007ff1683f30e0:   00007ff1683f30e0 000000077fc7c221
0x00007ff1683f30f0:   00007ff1683f3130 000000077fc9b168
0x00007ff1683f3100:   0000000000000000 000000077fc7c268
0x00007ff1683f3110:   00007ff1683f30c8 00007ff1683f3130
0x00007ff1683f3120:   00007ff1683f3178 00007ff170deb058
0x00007ff1683f3130:   00000007d7eca150 00007ff1683f3138
0x00007ff1683f3140:   000000077fc8940e 00007ff1683f3198
0x00007ff1683f3150:   000000077fc9dab0 0000000000000000
0x00007ff1683f3160:   000000077fc89470 00007ff1683f3130
0x00007ff1683f3170:   00007ff1683f31a0 00000007d7eca0f0
0x00007ff1683f3180:   00007ff170ecbde0 0000000000000000
0x00007ff1683f3190:   0000000000000001 00000007d7eca150
0x00007ff1683f31a0:   0000000000000000 000000077faebe38
0x00007ff1683f31b0:   0000000000000000 00007ff1683f31e0
0x00007ff1683f31c0:   00007ff1683f3228 00007ff170deb058
0x00007ff1683f31d0:   0000000000000000 00007ff170deb058
0x00007ff1683f31e0:   00000007d7eca0f0 00007ff1683f31e8
0x00007ff1683f31f0:   000000077fc7766b 00007ff1683f3260
0x00007ff1683f3200:   000000077fc9a908 0000000780175058
0x00007ff1683f3210:   000000077fc776e8 00007ff1683f31e0 

Instructions: (pc=0x00007ff1695b8ee0)
0x00007ff1695b8ec0:   48 89 5c 24 e8 48 89 6c 24 f0 31 db 4c 89 64 24
0x00007ff1695b8ed0:   f8 48 83 ec 18 48 85 ff 48 89 fd 74 4a 4c 8b 27
0x00007ff1695b8ee0:   49 8b 7c 24 18 e8 b6 37 f9 ff 48 83 bd b0 00 00
0x00007ff1695b8ef0:   00 00 7e 0b 48 89 ee 4c 89 e7 e8 11 8a f9 ff 48 

Register to memory mapping:

RAX=0x00007ff128018588 is an unknown value
RBX=0x0000000000000000 is an unknown value
RCX=0x00007ff174ac5af0 is an unknown value
RDX=0x00007ff128018588 is an unknown value
RSP=0x00007ff1683f3020 is pointing into the stack for thread: 0x00007ff174ac5000
RBP=0x00007ff128018588 is an unknown value
RSI=0x00007ff1683f30d8 is pointing into the stack for thread: 0x00007ff174ac5000
RDI=0x00007ff128018588 is an unknown value
R8 =0x00007ff17a1ab320: <offset 0xe4b320> in /opt/jdk1.7.0_79/jre/lib/amd64/server/libjvm.so at 0x00007ff179360000
R9 =0x0000000000000000 is an unknown value
R10=0x00007ff170df8766 is at code_begin+998 in an Interpreter codelet
method entry point (kind = native_synchronized)  [0x00007ff170df8380, 0x00007ff170df8d60]  2528 bytes
R11=0x00007ff179c15ac0: <offset 0x8b5ac0> in /opt/jdk1.7.0_79/jre/lib/amd64/server/libjvm.so at 0x00007ff179360000
R12=0x0000000000000000 is an unknown value
R13=0x000000077faec0a8 is an oop
{method} 
 - klass: {other class}
R14=0x00007ff1683f30d8 is pointing into the stack for thread: 0x00007ff174ac5000
R15=0x00007ff174ac5000 is a thread


Stack: [0x00007ff1682f4000,0x00007ff1683f5000],  sp=0x00007ff1683f3020,  free space=1020k
Native frames: (J=compiled Java code, j=interpreted, Vv=VM code, C=native code)
C  [sqlite-3.15.1-9a71d116-7be9-448e-8418-99fd633c3310-libsqlitejdbc.so+0x79ee0]  Java_org_sqlite_core_NativeDB_shared_1cache+0x6d5f0

Java frames: (J=compiled Java code, j=interpreted, Vv=VM code)
j  org.sqlite.core.NativeDB.reset(J)I+0
j  org.sqlite.core.CoreResultSet.close()V+81
j  org.sqlite.jdbc4.JDBC4ResultSet.close()V+6
J 227 C2 org.sqlite.core.CoreStatement.internalClose()V (75 bytes) @ 0x00007ff170ecbde0 [0x00007ff170ecbc40+0x1a0]
j  org.sqlite.jdbc3.JDBC3Statement.executeUpdate(Ljava/lang/String;)I+75
j  com.hit.heat.data.SqlOperate.createtables()V+16
j  com.hit.heat.data.SqlOperate.connect(Ljava/lang/String;)V+24
j  com.hit.heat.data.SqlOperate.append(Lcom/hit/heat/model/Energy;)V+2
J 228 C2 com.hit.heat.cn.ConsoleMainServer$NIOUdpNetDataHandler.messageHandler(Ljava/lang/String;[B)[B (267 bytes) @ 0x00007ff170ed4bb4 [0x00007ff170ed45e0+0x5d4]
j  com.hit.heat.net.NIOUDPServer$UdpServerHandler.channelRead0(Lio/netty/channel/ChannelHandlerContext;Lio/netty/channel/socket/DatagramPacket;)V+87
j  com.hit.heat.net.NIOUDPServer$UdpServerHandler.channelRead0(Lio/netty/channel/ChannelHandlerContext;Ljava/lang/Object;)V+6
j  io.netty.channel.SimpleChannelInboundHandler.channelRead(Lio/netty/channel/ChannelHandlerContext;Ljava/lang/Object;)V+17
j  io.netty.channel.AbstractChannelHandlerContext.invokeChannelRead(Ljava/lang/Object;)V+9
j  io.netty.channel.AbstractChannelHandlerContext.fireChannelRead(Ljava/lang/Object;)Lio/netty/channel/ChannelHandlerContext;+35
j  io.netty.channel.DefaultChannelPipeline.fireChannelRead(Ljava/lang/Object;)Lio/netty/channel/ChannelPipeline;+5
j  io.netty.channel.nio.AbstractNioMessageChannel$NioMessageUnsafe.read()V+193
j  io.netty.channel.nio.NioEventLoop.processSelectedKey(Ljava/nio/channels/SelectionKey;Lio/netty/channel/nio/AbstractNioChannel;)V+42
J 150 C2 io.netty.channel.nio.NioEventLoop.processSelectedKeys()V (33 bytes) @ 0x00007ff170e8f7f4 [0x00007ff170e8f6e0+0x114]
J 173% C2 io.netty.channel.nio.NioEventLoop.run()V (160 bytes) @ 0x00007ff170ea252c [0x00007ff170ea2460+0xcc]
j  io.netty.util.concurrent.SingleThreadEventExecutor$2.run()V+13
j  io.netty.util.concurrent.DefaultThreadFactory$DefaultRunnableDecorator.run()V+4
j  java.lang.Thread.run()V+11
v  ~StubRoutines::call_stub

---------------  P R O C E S S  ---------------

Java Threads: ( => current thread )
  0x00007ff0f000d000 JavaThread "nioEventLoopGroup-10-8" [_thread_in_native, id=1993, stack(0x00007ff1629ea000,0x00007ff162aeb000)]
  0x00007ff0f000c000 JavaThread "nioEventLoopGroup-10-7" [_thread_in_native, id=1863, stack(0x00007ff1627e8000,0x00007ff1628e9000)]
  0x00007ff0f000b000 JavaThread "nioEventLoopGroup-10-6" [_thread_in_native, id=1765, stack(0x00007ff1631f2000,0x00007ff1632f3000)]
  0x00007ff0f000a000 JavaThread "nioEventLoopGroup-10-5" [_thread_in_native, id=1703, stack(0x00007ff1638f9000,0x00007ff1639fa000)]
  0x00007ff0f0009000 JavaThread "nioEventLoopGroup-10-4" [_thread_in_native, id=1620, stack(0x00007ff163afb000,0x00007ff163bfc000)]
  0x00007ff0f0008000 JavaThread "nioEventLoopGroup-10-3" [_thread_in_native, id=1596, stack(0x00007ff163dfe000,0x00007ff163eff000)]
  0x00007ff0f0007000 JavaThread "nioEventLoopGroup-10-2" [_thread_in_native, id=29904, stack(0x00007ff163cfd000,0x00007ff163dfe000)]
  0x00007ff0f0002000 JavaThread "nioEventLoopGroup-10-1" [_thread_in_native, id=29676, stack(0x00007ff1680f2000,0x00007ff1681f3000)]
  0x00007ff17400a000 JavaThread "DestroyJavaVM" [_thread_blocked, id=29559, stack(0x00007ff17acdd000,0x00007ff17adde000)]
  0x00007ff174b8f800 JavaThread "nioEventLoopGroup-13-1" [_thread_in_native, id=29600, stack(0x00007ff1681f3000,0x00007ff1682f4000)]
=>0x00007ff174ac5000 JavaThread "nioEventLoopGroup-12-1" [_thread_in_native, id=29599, stack(0x00007ff1682f4000,0x00007ff1683f5000)]
  0x00007ff17492f000 JavaThread "nioEventLoopGroup-11-1" [_thread_in_native, id=29598, stack(0x00007ff1683f5000,0x00007ff1684f6000)]
  0x00007ff17492e000 JavaThread "nioEventLoopGroup-9-1" [_thread_in_native, id=29597, stack(0x00007ff1684f6000,0x00007ff1685f7000)]
  0x00007ff1747f3800 JavaThread "nioEventLoopGroup-6-1" [_thread_in_native, id=29596, stack(0x00007ff1685f7000,0x00007ff1686f8000)]
  0x00007ff1747f2800 JavaThread "nioEventLoopGroup-8-1" [_thread_in_native, id=29594, stack(0x00007ff1686f8000,0x00007ff1687f9000)]
  0x00007ff1747f1000 JavaThread "nioEventLoopGroup-7-1" [_thread_in_native, id=29593, stack(0x00007ff1687f9000,0x00007ff1688fa000)]
  0x00007ff174571800 JavaThread "Thread-12" [_thread_blocked, id=29591, stack(0x00007ff1688fa000,0x00007ff1689fb000)]
  0x00007ff1744a8000 JavaThread "Thread-11" [_thread_blocked, id=29590, stack(0x00007ff1689fb000,0x00007ff168afc000)]
  0x00007ff1743df000 JavaThread "Thread-10" [_thread_blocked, id=29589, stack(0x00007ff168afc000,0x00007ff168bfd000)]
  0x00007ff174238000 JavaThread "Thread-9" [_thread_blocked, id=29588, stack(0x00007ff168bfd000,0x00007ff168cfe000)]
  0x00007ff1741da000 JavaThread "Timer-7" [_thread_blocked, id=29585, stack(0x00007ff168d37000,0x00007ff168e38000)]
  0x00007ff1741d6800 JavaThread "Timer-6" [_thread_blocked, id=29582, stack(0x00007ff168e38000,0x00007ff168f39000)]
  0x00007ff1741d4800 JavaThread "Timer-5" [_thread_blocked, id=29581, stack(0x00007ff168f39000,0x00007ff16903a000)]
  0x00007ff1741d2800 JavaThread "Timer-4" [_thread_blocked, id=29580, stack(0x00007ff16903a000,0x00007ff16913b000)]
  0x00007ff1741d1000 JavaThread "Timer-3" [_thread_blocked, id=29579, stack(0x00007ff16913b000,0x00007ff16923c000)]
  0x00007ff1741a9000 JavaThread "Timer-2" [_thread_in_native, id=29578, stack(0x00007ff16923c000,0x00007ff16933d000)]
  0x00007ff1741a7000 JavaThread "Timer-1" [_thread_blocked, id=29577, stack(0x00007ff16933d000,0x00007ff16943e000)]
  0x00007ff1741a6000 JavaThread "Timer-0" [_thread_blocked, id=29576, stack(0x00007ff16943e000,0x00007ff16953f000)]
  0x00007ff174099000 JavaThread "Service Thread" daemon [_thread_blocked, id=29574, stack(0x00007ff16a240000,0x00007ff16a341000)]
  0x00007ff174097000 JavaThread "C2 CompilerThread1" daemon [_thread_blocked, id=29573, stack(0x00007ff16a341000,0x00007ff16a442000)]
  0x00007ff174094000 JavaThread "C2 CompilerThread0" daemon [_thread_blocked, id=29572, stack(0x00007ff16a442000,0x00007ff16a543000)]
  0x00007ff174091800 JavaThread "Signal Dispatcher" daemon [_thread_blocked, id=29571, stack(0x00007ff16a543000,0x00007ff16a644000)]
  0x00007ff174070000 JavaThread "Finalizer" daemon [_thread_blocked, id=29570, stack(0x00007ff16aacf000,0x00007ff16abd0000)]
  0x00007ff17406e000 JavaThread "Reference Handler" daemon [_thread_blocked, id=29569, stack(0x00007ff16abd0000,0x00007ff16acd1000)]

Other Threads:
  0x00007ff174069800 VMThread [stack: 0x00007ff16acd1000,0x00007ff16add2000] [id=29568]
  0x00007ff1740ac000 WatcherThread [stack: 0x00007ff16a13f000,0x00007ff16a240000] [id=29575]

VM state:not at safepoint (normal execution)

VM Mutex/Monitor currently owned by a thread: None

Heap
 PSYoungGen      total 40448K, used 18022K [0x00000007d6e00000, 0x00000007da180000, 0x0000000800000000)
  eden space 39424K, 44% used [0x00000007d6e00000,0x00000007d7f11b08,0x00000007d9480000)
  from space 1024K, 53% used [0x00000007d9580000,0x00000007d9608000,0x00000007d9680000)
  to   space 6656K, 0% used [0x00000007d9b00000,0x00000007d9b00000,0x00000007da180000)
 ParOldGen       total 83968K, used 11427K [0x0000000784a00000, 0x0000000789c00000, 0x00000007d6e00000)
  object space 83968K, 13% used [0x0000000784a00000,0x0000000785528f38,0x0000000789c00000)
 PSPermGen       total 21504K, used 9801K [0x000000077f800000, 0x0000000780d00000, 0x0000000784a00000)
  object space 21504K, 45% used [0x000000077f800000,0x0000000780192780,0x0000000780d00000)

Card table byte_map: [0x00007ff1709e0000,0x00007ff170de5000] byte_map_base: 0x00007ff16cde4000

Polling page: 0x00007ff17adfe000

Code Cache  [0x00007ff170de5000, 0x00007ff171055000, 0x00007ff173de5000)
 total_blobs=533 nmethods=252 adapters=234 free_code_cache=48112Kb largest_free_block=49232896

Compilation events (10 events):
Event: 18758.273 Thread 0x00007ff174097000  254   !         java.lang.ThreadGroup::remove (94 bytes)
Event: 18758.281 Thread 0x00007ff174097000 nmethod 254 0x00007ff170edabd0 code [0x00007ff170edad20, 0x00007ff170edb378]
Event: 19320.429 Thread 0x00007ff174094000  255             sun.net.util.IPAddressUtil::textToNumericFormatV6 (500 bytes)
Event: 19320.461 Thread 0x00007ff174094000 nmethod 255 0x00007ff170ee2550 code [0x00007ff170ee2720, 0x00007ff170ee3560]
Event: 20987.845 Thread 0x00007ff174097000  256  s          java.util.Hashtable::get (70 bytes)
Event: 20987.853 Thread 0x00007ff174097000 nmethod 256 0x00007ff170eebb10 code [0x00007ff170eebc80, 0x00007ff170eec2f8]
Event: 24675.426 Thread 0x00007ff174094000  257             java.util.HashMap::removeEntryForKey (159 bytes)
Event: 24675.434 Thread 0x00007ff174094000 nmethod 257 0x00007ff170eeb150 code [0x00007ff170eeb2e0, 0x00007ff170eeb758]
Event: 26367.624 Thread 0x00007ff174097000  258  s          java.lang.StringBuffer::append (8 bytes)
Event: 26367.627 Thread 0x00007ff174097000 nmethod 258 0x00007ff170ee8f10 code [0x00007ff170ee9060, 0x00007ff170ee9428]

GC Heap History (10 events):
Event: 24730.565 GC heap before
{Heap before GC invocations=19 (full 0):
 PSYoungGen      total 51712K, used 44992K [0x00000007d6e00000, 0x00000007daa80000, 0x0000000800000000)
  eden space 44544K, 100% used [0x00000007d6e00000,0x00000007d9980000,0x00000007d9980000)
  from space 7168K, 6% used [0x00000007da380000,0x00000007da3f0000,0x00000007daa80000)
  to   space 8704K, 0% used [0x00000007d9980000,0x00000007d9980000,0x00000007da200000)
 ParOldGen       total 83968K, used 11307K [0x0000000784a00000, 0x0000000789c00000, 0x00000007d6e00000)
  object space 83968K, 13% used [0x0000000784a00000,0x000000078550af38,0x0000000789c00000)
 PSPermGen       total 21504K, used 9786K [0x000000077f800000, 0x0000000780d00000, 0x0000000784a00000)
  object space 21504K, 45% used [0x000000077f800000,0x000000078018eb38,0x0000000780d00000)
Event: 24730.570 GC heap after
Heap after GC invocations=19 (full 0):
 PSYoungGen      total 44032K, used 416K [0x00000007d6e00000, 0x00000007da880000, 0x0000000800000000)
  eden space 43520K, 0% used [0x00000007d6e00000,0x00000007d6e00000,0x00000007d9880000)
  from space 512K, 81% used [0x00000007d9980000,0x00000007d99e8000,0x00000007d9a00000)
  to   space 8192K, 0% used [0x00000007da080000,0x00000007da080000,0x00000007da880000)
 ParOldGen       total 83968K, used 11315K [0x0000000784a00000, 0x0000000789c00000, 0x00000007d6e00000)
  object space 83968K, 13% used [0x0000000784a00000,0x000000078550cf38,0x0000000789c00000)
 PSPermGen       total 21504K, used 9786K [0x000000077f800000, 0x0000000780d00000, 0x0000000784a00000)
  object space 21504K, 45% used [0x000000077f800000,0x000000078018eb38,0x0000000780d00000)
}
Event: 25169.667 GC heap before
{Heap before GC invocations=20 (full 0):
 PSYoungGen      total 44032K, used 43936K [0x00000007d6e00000, 0x00000007da880000, 0x0000000800000000)
  eden space 43520K, 100% used [0x00000007d6e00000,0x00000007d9880000,0x00000007d9880000)
  from space 512K, 81% used [0x00000007d9980000,0x00000007d99e8000,0x00000007d9a00000)
  to   space 8192K, 0% used [0x00000007da080000,0x00000007da080000,0x00000007da880000)
 ParOldGen       total 83968K, used 11315K [0x0000000784a00000, 0x0000000789c00000, 0x00000007d6e00000)
  object space 83968K, 13% used [0x0000000784a00000,0x000000078550cf38,0x0000000789c00000)
 PSPermGen       total 21504K, used 9786K [0x000000077f800000, 0x0000000780d00000, 0x0000000784a00000)
  object space 21504K, 45% used [0x000000077f800000,0x000000078018eb38,0x0000000780d00000)
Event: 25169.669 GC heap after
Heap after GC invocations=20 (full 0):
 PSYoungGen      total 49664K, used 256K [0x00000007d6e00000, 0x00000007da780000, 0x0000000800000000)
  eden space 42496K, 0% used [0x00000007d6e00000,0x00000007d6e00000,0x00000007d9780000)
  from space 7168K, 3% used [0x00000007da080000,0x00000007da0c0000,0x00000007da780000)
  to   space 8192K, 0% used [0x00000007d9780000,0x00000007d9780000,0x00000007d9f80000)
 ParOldGen       total 83968K, used 11331K [0x0000000784a00000, 0x0000000789c00000, 0x00000007d6e00000)
  object space 83968K, 13% used [0x0000000784a00000,0x0000000785510f38,0x0000000789c00000)
 PSPermGen       total 21504K, used 9786K [0x000000077f800000, 0x0000000780d00000, 0x0000000784a00000)
  object space 21504K, 45% used [0x000000077f800000,0x000000078018eb38,0x0000000780d00000)
}
Event: 25373.259 GC heap before
{Heap before GC invocations=21 (full 0):
 PSYoungGen      total 49664K, used 42752K [0x00000007d6e00000, 0x00000007da780000, 0x0000000800000000)
  eden space 42496K, 100% used [0x00000007d6e00000,0x00000007d9780000,0x00000007d9780000)
  from space 7168K, 3% used [0x00000007da080000,0x00000007da0c0000,0x00000007da780000)
  to   space 8192K, 0% used [0x00000007d9780000,0x00000007d9780000,0x00000007d9f80000)
 ParOldGen       total 83968K, used 11331K [0x0000000784a00000, 0x0000000789c00000, 0x00000007d6e00000)
  object space 83968K, 13% used [0x0000000784a00000,0x0000000785510f38,0x0000000789c00000)
 PSPermGen       total 21504K, used 9786K [0x000000077f800000, 0x0000000780d00000, 0x0000000784a00000)
  object space 21504K, 45% used [0x000000077f800000,0x000000078018eb38,0x0000000780d00000)
Event: 25373.262 GC heap after
Heap after GC invocations=21 (full 0):
 PSYoungGen      total 41984K, used 224K [0x00000007d6e00000, 0x00000007da580000, 0x0000000800000000)
  eden space 41472K, 0% used [0x00000007d6e00000,0x00000007d6e00000,0x00000007d9680000)
  from space 512K, 43% used [0x00000007d9780000,0x00000007d97b8000,0x00000007d9800000)
  to   space 7680K, 0% used [0x00000007d9e00000,0x00000007d9e00000,0x00000007da580000)
 ParOldGen       total 83968K, used 11371K [0x0000000784a00000, 0x0000000789c00000, 0x00000007d6e00000)
  object space 83968K, 13% used [0x0000000784a00000,0x000000078551af38,0x0000000789c00000)
 PSPermGen       total 21504K, used 9786K [0x000000077f800000, 0x0000000780d00000, 0x0000000784a00000)
  object space 21504K, 45% used [0x000000077f800000,0x000000078018eb38,0x0000000780d00000)
}
Event: 25531.796 GC heap before
{Heap before GC invocations=22 (full 0):
 PSYoungGen      total 41984K, used 41696K [0x00000007d6e00000, 0x00000007da580000, 0x0000000800000000)
  eden space 41472K, 100% used [0x00000007d6e00000,0x00000007d9680000,0x00000007d9680000)
  from space 512K, 43% used [0x00000007d9780000,0x00000007d97b8000,0x00000007d9800000)
  to   space 7680K, 0% used [0x00000007d9e00000,0x00000007d9e00000,0x00000007da580000)
 ParOldGen       total 83968K, used 11371K [0x0000000784a00000, 0x0000000789c00000, 0x00000007d6e00000)
  object space 83968K, 13% used [0x0000000784a00000,0x000000078551af38,0x0000000789c00000)
 PSPermGen       total 21504K, used 9789K [0x000000077f800000, 0x0000000780d00000, 0x0000000784a00000)
  object space 21504K, 45% used [0x000000077f800000,0x000000078018f6e0,0x0000000780d00000)
Event: 25531.798 GC heap after
Heap after GC invocations=22 (full 0):
 PSYoungGen      total 46080K, used 192K [0x00000007d6e00000, 0x00000007da380000, 0x0000000800000000)
  eden space 40448K, 0% used [0x00000007d6e00000,0x00000007d6e00000,0x00000007d9580000)
  from space 5632K, 3% used [0x00000007d9e00000,0x00000007d9e30000,0x00000007da380000)
  to   space 7168K, 0% used [0x00000007d9580000,0x00000007d9580000,0x00000007d9c80000)
 ParOldGen       total 83968K, used 11395K [0x0000000784a00000, 0x0000000789c00000, 0x00000007d6e00000)
  object space 83968K, 13% used [0x0000000784a00000,0x0000000785520f38,0x0000000789c00000)
 PSPermGen       total 21504K, used 9789K [0x000000077f800000, 0x0000000780d00000, 0x0000000784a00000)
  object space 21504K, 45% used [0x000000077f800000,0x000000078018f6e0,0x0000000780d00000)
}
Event: 26928.623 GC heap before
{Heap before GC invocations=23 (full 0):
 PSYoungGen      total 46080K, used 40640K [0x00000007d6e00000, 0x00000007da380000, 0x0000000800000000)
  eden space 40448K, 100% used [0x00000007d6e00000,0x00000007d9580000,0x00000007d9580000)
  from space 5632K, 3% used [0x00000007d9e00000,0x00000007d9e30000,0x00000007da380000)
  to   space 7168K, 0% used [0x00000007d9580000,0x00000007d9580000,0x00000007d9c80000)
 ParOldGen       total 83968K, used 11395K [0x0000000784a00000, 0x0000000789c00000, 0x00000007d6e00000)
  object space 83968K, 13% used [0x0000000784a00000,0x0000000785520f38,0x0000000789c00000)
 PSPermGen       total 21504K, used 9799K [0x000000077f800000, 0x0000000780d00000, 0x0000000784a00000)
  object space 21504K, 45% used [0x000000077f800000,0x0000000780191dd8,0x0000000780d00000)
Event: 26928.627 GC heap after
Heap after GC invocations=23 (full 0):
 PSYoungGen      total 40448K, used 544K [0x00000007d6e00000, 0x00000007da180000, 0x0000000800000000)
  eden space 39424K, 0% used [0x00000007d6e00000,0x00000007d6e00000,0x00000007d9480000)
  from space 1024K, 53% used [0x00000007d9580000,0x00000007d9608000,0x00000007d9680000)
  to   space 6656K, 0% used [0x00000007d9b00000,0x00000007d9b00000,0x00000007da180000)
 ParOldGen       total 83968K, used 11427K [0x0000000784a00000, 0x0000000789c00000, 0x00000007d6e00000)
  object space 83968K, 13% used [0x0000000784a00000,0x0000000785528f38,0x0000000789c00000)
 PSPermGen       total 21504K, used 9799K [0x000000077f800000, 0x0000000780d00000, 0x0000000784a00000)
  object space 21504K, 45% used [0x000000077f800000,0x0000000780191dd8,0x0000000780d00000)
}

Deoptimization events (10 events):
Event: 10512.443 Thread 0x00007ff1747f2800 Uncommon trap: reason=class_check action=maybe_recompile pc=0x00007ff170eaed50 method=java.lang.StringBuilder.append(Ljava/lang/CharSequence;)Ljava/lang/StringBuilder; @ 8
Event: 10512.443 Thread 0x00007ff1747f2800 Uncommon trap: reason=class_check action=maybe_recompile pc=0x00007ff170eaed50 method=java.lang.StringBuilder.append(Ljava/lang/CharSequence;)Ljava/lang/StringBuilder; @ 8
Event: 10512.443 Thread 0x00007ff1747f2800 Uncommon trap: reason=class_check action=maybe_recompile pc=0x00007ff170eaed50 method=java.lang.StringBuilder.append(Ljava/lang/CharSequence;)Ljava/lang/StringBuilder; @ 8
Event: 10512.443 Thread 0x00007ff1747f2800 Uncommon trap: reason=class_check action=maybe_recompile pc=0x00007ff170eaed50 method=java.lang.StringBuilder.append(Ljava/lang/CharSequence;)Ljava/lang/StringBuilder; @ 8
Event: 10512.444 Thread 0x00007ff1747f2800 Uncommon trap: reason=class_check action=maybe_recompile pc=0x00007ff170ea63a0 method=java.util.Formatter.format(Ljava/util/Locale;Ljava/lang/String;[Ljava/lang/Object;)Ljava/util/Formatter; @ 76
Event: 18912.759 Thread 0x00007ff1747f2800 Uncommon trap: reason=class_check action=maybe_recompile pc=0x00007ff170ea63a0 method=java.util.Formatter.format(Ljava/util/Locale;Ljava/lang/String;[Ljava/lang/Object;)Ljava/util/Formatter; @ 76
Event: 24988.937 Thread 0x00007ff0f0008000 Uncommon trap: reason=class_check action=maybe_recompile pc=0x00007ff170eeb6ac method=java.util.HashMap.removeEntryForKey(Ljava/lang/Object;)Ljava/util/HashMap$Entry; @ 85
Event: 25124.755 Thread 0x00007ff0f0009000 Uncommon trap: reason=class_check action=maybe_recompile pc=0x00007ff170eeb6ac method=java.util.HashMap.removeEntryForKey(Ljava/lang/Object;)Ljava/util/HashMap$Entry; @ 85
Event: 25250.620 Thread 0x00007ff0f000a000 Uncommon trap: reason=class_check action=maybe_recompile pc=0x00007ff170eeb6ac method=java.util.HashMap.removeEntryForKey(Ljava/lang/Object;)Ljava/util/HashMap$Entry; @ 85
Event: 25333.710 Thread 0x00007ff0f000b000 Uncommon trap: reason=class_check action=maybe_recompile pc=0x00007ff170eeb6ac method=java.util.HashMap.removeEntryForKey(Ljava/lang/Object;)Ljava/util/HashMap$Entry; @ 85

Internal exceptions (10 events):
Event: 27303.225 Thread 0x00007ff174ac5000 Threw 0x00000007d7b46b40 at /HUDSON/workspace/7u-2-build-linux-amd64/jdk7u79/2331/hotspot/src/share/vm/prims/jni.cpp:717
Event: 27303.367 Thread 0x00007ff174ac5000 Threw 0x00000007d7b5cf80 at /HUDSON/workspace/7u-2-build-linux-amd64/jdk7u79/2331/hotspot/src/share/vm/prims/jni.cpp:717
Event: 27303.526 Thread 0x00007ff174ac5000 Threw 0x00000007d7b745c8 at /HUDSON/workspace/7u-2-build-linux-amd64/jdk7u79/2331/hotspot/src/share/vm/prims/jni.cpp:717
Event: 27303.651 Thread 0x00007ff174ac5000 Threw 0x00000007d7b8aa20 at /HUDSON/workspace/7u-2-build-linux-amd64/jdk7u79/2331/hotspot/src/share/vm/prims/jni.cpp:717
Event: 27304.393 Thread 0x00007ff174ac5000 Threw 0x00000007d7ba0f08 at /HUDSON/workspace/7u-2-build-linux-amd64/jdk7u79/2331/hotspot/src/share/vm/prims/jni.cpp:717
Event: 27304.918 Thread 0x00007ff174ac5000 Threw 0x00000007d7bb74c0 at /HUDSON/workspace/7u-2-build-linux-amd64/jdk7u79/2331/hotspot/src/share/vm/prims/jni.cpp:717
Event: 27305.693 Thread 0x00007ff174ac5000 Threw 0x00000007d7bcdbb8 at /HUDSON/workspace/7u-2-build-linux-amd64/jdk7u79/2331/hotspot/src/share/vm/prims/jni.cpp:717
Event: 27455.213 Thread 0x00007ff174ac5000 Threw 0x00000007d7e8ad18 at /HUDSON/workspace/7u-2-build-linux-amd64/jdk7u79/2331/hotspot/src/share/vm/prims/jni.cpp:717
Event: 27455.396 Thread 0x00007ff174ac5000 Threw 0x00000007d7ea1160 at /HUDSON/workspace/7u-2-build-linux-amd64/jdk7u79/2331/hotspot/src/share/vm/prims/jni.cpp:717
Event: 27456.618 Thread 0x00007ff174ac5000 Threw 0x00000007d7eb7590 at /HUDSON/workspace/7u-2-build-linux-amd64/jdk7u79/2331/hotspot/src/share/vm/prims/jni.cpp:717

Events (10 events):
Event: 27424.470 Executing VM operation: RevokeBias
Event: 27424.470 Executing VM operation: RevokeBias done
Event: 27424.470 Executing VM operation: RevokeBias
Event: 27424.470 Executing VM operation: RevokeBias done
Event: 27424.470 Executing VM operation: RevokeBias
Event: 27424.470 Executing VM operation: RevokeBias done
Event: 27455.680 Executing VM operation: RevokeBias
Event: 27455.680 Executing VM operation: RevokeBias done
Event: 27456.619 Executing VM operation: RevokeBias
Event: 27456.619 Executing VM operation: RevokeBias done


Dynamic libraries:
00400000-00401000 r-xp 00000000 08:01 18483539                           /opt/jdk1.7.0_79/bin/java
00600000-00601000 rw-p 00000000 08:01 18483539                           /opt/jdk1.7.0_79/bin/java
01c95000-01e3f000 rw-p 00000000 00:00 0                                  [heap]
77f800000-780d00000 rw-p 00000000 00:00 0 
780d00000-784a00000 rw-p 00000000 00:00 0 
784a00000-789c00000 rw-p 00000000 00:00 0 
789c00000-7d6e00000 rw-p 00000000 00:00 0 
7d6e00000-7da180000 rw-p 00000000 00:00 0 
7da180000-7dbe00000 ---p 00000000 00:00 0 
7dbe00000-800000000 rw-p 00000000 00:00 0 
7ff0e4000000-7ff0e4250000 rw-p 00000000 00:00 0 
7ff0e4250000-7ff0e8000000 ---p 00000000 00:00 0 
7ff0ec000000-7ff0ec021000 rw-p 00000000 00:00 0 
7ff0ec021000-7ff0f0000000 ---p 00000000 00:00 0 
7ff0f0000000-7ff0f0021000 rw-p 00000000 00:00 0 
7ff0f0021000-7ff0f4000000 ---p 00000000 00:00 0 
7ff0f4000000-7ff0f4021000 rw-p 00000000 00:00 0 
7ff0f4021000-7ff0f8000000 ---p 00000000 00:00 0 
7ff0f8000000-7ff0f8021000 rw-p 00000000 00:00 0 
7ff0f8021000-7ff0fc000000 ---p 00000000 00:00 0 
7ff0fc000000-7ff0fc021000 rw-p 00000000 00:00 0 
7ff0fc021000-7ff100000000 ---p 00000000 00:00 0 
7ff100000000-7ff10024f000 rw-p 00000000 00:00 0 
7ff10024f000-7ff104000000 ---p 00000000 00:00 0 
7ff104000000-7ff104021000 rw-p 00000000 00:00 0 
7ff104021000-7ff108000000 ---p 00000000 00:00 0 
7ff108000000-7ff108021000 rw-p 00000000 00:00 0 
7ff108021000-7ff10c000000 ---p 00000000 00:00 0 
7ff10c000000-7ff10c021000 rw-p 00000000 00:00 0 
7ff10c021000-7ff110000000 ---p 00000000 00:00 0 
7ff110000000-7ff110021000 rw-p 00000000 00:00 0 
7ff110021000-7ff114000000 ---p 00000000 00:00 0 
7ff114000000-7ff114021000 rw-p 00000000 00:00 0 
7ff114021000-7ff118000000 ---p 00000000 00:00 0 
7ff118000000-7ff118021000 rw-p 00000000 00:00 0 
7ff118021000-7ff11c000000 ---p 00000000 00:00 0 
7ff11c000000-7ff11c087000 rw-p 00000000 00:00 0 
7ff11c087000-7ff120000000 ---p 00000000 00:00 0 
7ff120000000-7ff120021000 rw-p 00000000 00:00 0 
7ff120021000-7ff124000000 ---p 00000000 00:00 0 
7ff124000000-7ff124108000 rw-p 00000000 00:00 0 
7ff124108000-7ff128000000 ---p 00000000 00:00 0 
7ff128000000-7ff1281a3000 rw-p 00000000 00:00 0 
7ff1281a3000-7ff12c000000 ---p 00000000 00:00 0 
7ff12c000000-7ff12c021000 rw-p 00000000 00:00 0 
7ff12c021000-7ff130000000 ---p 00000000 00:00 0 
7ff130000000-7ff130021000 rw-p 00000000 00:00 0 
7ff130021000-7ff134000000 ---p 00000000 00:00 0 
7ff134000000-7ff1349c1000 rw-p 00000000 00:00 0 
7ff1349c1000-7ff138000000 ---p 00000000 00:00 0 
7ff138000000-7ff138021000 rw-p 00000000 00:00 0 
7ff138021000-7ff13c000000 ---p 00000000 00:00 0 
7ff13c000000-7ff13c021000 rw-p 00000000 00:00 0 
7ff13c021000-7ff140000000 ---p 00000000 00:00 0 
7ff140000000-7ff140541000 rw-p 00000000 00:00 0 
7ff140541000-7ff144000000 ---p 00000000 00:00 0 
7ff144000000-7ff144021000 rw-p 00000000 00:00 0 
7ff144021000-7ff148000000 ---p 00000000 00:00 0 
7ff148000000-7ff148021000 rw-p 00000000 00:00 0 
7ff148021000-7ff14c000000 ---p 00000000 00:00 0 
7ff14c000000-7ff14c021000 rw-p 00000000 00:00 0 
7ff14c021000-7ff150000000 ---p 00000000 00:00 0 
7ff150000000-7ff150079000 rw-p 00000000 00:00 0 
7ff150079000-7ff154000000 ---p 00000000 00:00 0 
7ff154000000-7ff154021000 rw-p 00000000 00:00 0 
7ff154021000-7ff158000000 ---p 00000000 00:00 0 
7ff15c000000-7ff15c021000 rw-p 00000000 00:00 0 
7ff15c021000-7ff160000000 ---p 00000000 00:00 0 
7ff1627e8000-7ff1627eb000 ---p 00000000 00:00 0 
7ff1627eb000-7ff1628e9000 rw-p 00000000 00:00 0 
7ff1628e9000-7ff1628ec000 ---p 00000000 00:00 0 
7ff1628ec000-7ff1629ea000 rw-p 00000000 00:00 0 
7ff1629ea000-7ff1629ed000 ---p 00000000 00:00 0 
7ff1629ed000-7ff162aeb000 rw-p 00000000 00:00 0 
7ff162aeb000-7ff162aee000 ---p 00000000 00:00 0 
7ff162aee000-7ff162bec000 rw-p 00000000 00:00 0 
7ff162bec000-7ff162bef000 ---p 00000000 00:00 0 
7ff162bef000-7ff162ced000 rw-p 00000000 00:00 0 
7ff162ced000-7ff162cf0000 ---p 00000000 00:00 0 
7ff162cf0000-7ff162dee000 rw-p 00000000 00:00 0 
7ff162dee000-7ff162df1000 ---p 00000000 00:00 0 
7ff162df1000-7ff162eef000 rw-p 00000000 00:00 0 
7ff162eef000-7ff162ef2000 ---p 00000000 00:00 0 
7ff162ef2000-7ff162ff0000 rw-p 00000000 00:00 0 
7ff162ff0000-7ff162ff3000 ---p 00000000 00:00 0 
7ff162ff3000-7ff1630f1000 rw-p 00000000 00:00 0 
7ff1630f1000-7ff1630f4000 ---p 00000000 00:00 0 
7ff1630f4000-7ff1631f2000 rw-p 00000000 00:00 0 
7ff1631f2000-7ff1631f5000 ---p 00000000 00:00 0 
7ff1631f5000-7ff1632f3000 rw-p 00000000 00:00 0 
7ff1632f3000-7ff1632f6000 ---p 00000000 00:00 0 
7ff1632f6000-7ff1633f4000 rw-p 00000000 00:00 0 
7ff1633f4000-7ff1633f7000 ---p 00000000 00:00 0 
7ff1633f7000-7ff1634f5000 rw-p 00000000 00:00 0 
7ff1634f5000-7ff1634f8000 ---p 00000000 00:00 0 
7ff1634f8000-7ff1635f6000 rw-p 00000000 00:00 0 
7ff1635f6000-7ff1635f9000 ---p 00000000 00:00 0 
7ff1635f9000-7ff1636f7000 rw-p 00000000 00:00 0 
7ff1636f7000-7ff1636fa000 ---p 00000000 00:00 0 
7ff1636fa000-7ff1637f8000 rw-p 00000000 00:00 0 
7ff1637f8000-7ff1637fb000 ---p 00000000 00:00 0 
7ff1637fb000-7ff1638f9000 rw-p 00000000 00:00 0 
7ff1638f9000-7ff1638fc000 ---p 00000000 00:00 0 
7ff1638fc000-7ff1639fa000 rw-p 00000000 00:00 0 
7ff1639fa000-7ff1639fd000 ---p 00000000 00:00 0 
7ff1639fd000-7ff163afb000 rw-p 00000000 00:00 0 
7ff163afb000-7ff163afe000 ---p 00000000 00:00 0 
7ff163afe000-7ff163bfc000 rw-p 00000000 00:00 0 
7ff163bfc000-7ff163bff000 ---p 00000000 00:00 0 
7ff163bff000-7ff163cfd000 rw-p 00000000 00:00 0 
7ff163cfd000-7ff163d00000 ---p 00000000 00:00 0 
7ff163d00000-7ff163dfe000 rw-p 00000000 00:00 0 
7ff163dfe000-7ff163e01000 ---p 00000000 00:00 0 
7ff163e01000-7ff163eff000 rw-p 00000000 00:00 0 
7ff163eff000-7ff163f02000 ---p 00000000 00:00 0 
7ff163f02000-7ff164000000 rw-p 00000000 00:00 0 
7ff164000000-7ff164021000 rw-p 00000000 00:00 0 
7ff164021000-7ff168000000 ---p 00000000 00:00 0 
7ff1680ee000-7ff1680f2000 r--s 000f7000 08:01 18482171                   /opt/jdk1.7.0_79/jre/lib/ext/localedata.jar
7ff1680f2000-7ff1680f5000 ---p 00000000 00:00 0 
7ff1680f5000-7ff1681f3000 rw-p 00000000 00:00 0 
7ff1681f3000-7ff1681f6000 ---p 00000000 00:00 0 
7ff1681f6000-7ff1682f4000 rw-p 00000000 00:00 0 
7ff1682f4000-7ff1682f7000 ---p 00000000 00:00 0 
7ff1682f7000-7ff1683f5000 rw-p 00000000 00:00 0 
7ff1683f5000-7ff1683f8000 ---p 00000000 00:00 0 
7ff1683f8000-7ff1684f6000 rw-p 00000000 00:00 0 
7ff1684f6000-7ff1684f9000 ---p 00000000 00:00 0 
7ff1684f9000-7ff1685f7000 rw-p 00000000 00:00 0 
7ff1685f7000-7ff1685fa000 ---p 00000000 00:00 0 
7ff1685fa000-7ff1686f8000 rw-p 00000000 00:00 0 
7ff1686f8000-7ff1686fb000 ---p 00000000 00:00 0 
7ff1686fb000-7ff1687f9000 rw-p 00000000 00:00 0 
7ff1687f9000-7ff1687fc000 ---p 00000000 00:00 0 
7ff1687fc000-7ff1688fa000 rw-p 00000000 00:00 0 
7ff1688fa000-7ff1688fd000 ---p 00000000 00:00 0 
7ff1688fd000-7ff1689fb000 rw-p 00000000 00:00 0 
7ff1689fb000-7ff1689fe000 ---p 00000000 00:00 0 
7ff1689fe000-7ff168afc000 rw-p 00000000 00:00 0 
7ff168afc000-7ff168aff000 ---p 00000000 00:00 0 
7ff168aff000-7ff168bfd000 rw-p 00000000 00:00 0 
7ff168bfd000-7ff168c00000 ---p 00000000 00:00 0 
7ff168c00000-7ff168cfe000 rw-p 00000000 00:00 0 
7ff168cfe000-7ff168d01000 ---p 00000000 00:00 0 
7ff168d01000-7ff168d37000 rw-p 00000000 00:00 0 
7ff168d37000-7ff168d3a000 ---p 00000000 00:00 0 
7ff168d3a000-7ff168e38000 rw-p 00000000 00:00 0 
7ff168e38000-7ff168e3b000 ---p 00000000 00:00 0 
7ff168e3b000-7ff168f39000 rw-p 00000000 00:00 0 
7ff168f39000-7ff168f3c000 ---p 00000000 00:00 0 
7ff168f3c000-7ff16903a000 rw-p 00000000 00:00 0 
7ff16903a000-7ff16903d000 ---p 00000000 00:00 0 
7ff16903d000-7ff16913b000 rw-p 00000000 00:00 0 
7ff16913b000-7ff16913e000 ---p 00000000 00:00 0 
7ff16913e000-7ff16923c000 rw-p 00000000 00:00 0 
7ff16923c000-7ff16923f000 ---p 00000000 00:00 0 
7ff16923f000-7ff16933d000 rw-p 00000000 00:00 0 
7ff16933d000-7ff169340000 ---p 00000000 00:00 0 
7ff169340000-7ff16943e000 rw-p 00000000 00:00 0 
7ff16943e000-7ff169441000 ---p 00000000 00:00 0 
7ff169441000-7ff16953f000 rw-p 00000000 00:00 0 
7ff16953f000-7ff169621000 r-xp 00000000 08:01 42205248                   /tmp/sqlite-3.15.1-9a71d116-7be9-448e-8418-99fd633c3310-libsqlitejdbc.so
7ff169621000-7ff169820000 ---p 000e2000 08:01 42205248                   /tmp/sqlite-3.15.1-9a71d116-7be9-448e-8418-99fd633c3310-libsqlitejdbc.so
7ff169820000-7ff169825000 rw-p 000e1000 08:01 42205248                   /tmp/sqlite-3.15.1-9a71d116-7be9-448e-8418-99fd633c3310-libsqlitejdbc.so
7ff169825000-7ff169829000 r--s 0008b000 08:01 18482160                   /opt/jdk1.7.0_79/jre/lib/jsse.jar
7ff169829000-7ff169b2a000 rw-p 00000000 00:00 0 
7ff169b2a000-7ff169b40000 r-xp 00000000 08:01 18481568                   /opt/jdk1.7.0_79/jre/lib/amd64/libnet.so
7ff169b40000-7ff169d40000 ---p 00016000 08:01 18481568                   /opt/jdk1.7.0_79/jre/lib/amd64/libnet.so
7ff169d40000-7ff169d41000 rw-p 00016000 08:01 18481568                   /opt/jdk1.7.0_79/jre/lib/amd64/libnet.so
7ff169d41000-7ff169d51000 r-xp 00000000 08:01 18481534                   /opt/jdk1.7.0_79/jre/lib/amd64/libnio.so
7ff169d51000-7ff169f51000 ---p 00010000 08:01 18481534                   /opt/jdk1.7.0_79/jre/lib/amd64/libnio.so
7ff169f51000-7ff169f52000 rw-p 00010000 08:01 18481534                   /opt/jdk1.7.0_79/jre/lib/amd64/libnio.so
7ff169f52000-7ff169f54000 r--s 00008000 08:01 37360542                   /home/ubuntu/graduate_project/ConsoleMainServerProgram/lib/commons-logging.jar
7ff169f54000-7ff169f57000 r--s 00428000 08:01 37360537                   /home/ubuntu/graduate_project/ConsoleMainServerProgram/lib/sqlite-jdbc-3.15.1.jar
7ff169f57000-7ff169f74000 r--s 00196000 08:01 37360541                   /home/ubuntu/graduate_project/ConsoleMainServerProgram/lib/netty-all-4.0.23.Final.jar
7ff169f74000-7ff169fb6000 rw-p 00000000 00:00 0 
7ff169fb6000-7ff16a13f000 r--s 02cfb000 08:01 37360539                   /home/ubuntu/graduate_project/ConsoleMainServerProgram/lib/com.sun.jar
7ff16a13f000-7ff16a140000 ---p 00000000 00:00 0 
7ff16a140000-7ff16a240000 rw-p 00000000 00:00 0 
7ff16a240000-7ff16a243000 ---p 00000000 00:00 0 
7ff16a243000-7ff16a341000 rw-p 00000000 00:00 0 
7ff16a341000-7ff16a344000 ---p 00000000 00:00 0 
7ff16a344000-7ff16a442000 rw-p 00000000 00:00 0 
7ff16a442000-7ff16a445000 ---p 00000000 00:00 0 
7ff16a445000-7ff16a543000 rw-p 00000000 00:00 0 
7ff16a543000-7ff16a546000 ---p 00000000 00:00 0 
7ff16a546000-7ff16a644000 rw-p 00000000 00:00 0 
7ff16a644000-7ff16aacf000 r--p 00000000 08:01 58730663                   /usr/lib/locale/locale-archive
7ff16aacf000-7ff16aad2000 ---p 00000000 00:00 0 
7ff16aad2000-7ff16abd0000 rw-p 00000000 00:00 0 
7ff16abd0000-7ff16abd3000 ---p 00000000 00:00 0 
7ff16abd3000-7ff16acd1000 rw-p 00000000 00:00 0 
7ff16acd1000-7ff16acd2000 ---p 00000000 00:00 0 
7ff16acd2000-7ff16bdd1000 rw-p 00000000 00:00 0 
7ff16bdd1000-7ff16bf91000 r--s 039f7000 08:01 18482216                   /opt/jdk1.7.0_79/jre/lib/rt.jar
7ff16bf91000-7ff17044b000 rw-p 00000000 00:00 0 
7ff17044b000-7ff17044c000 ---p 00000000 00:00 0 
7ff17044c000-7ff17054c000 rw-p 00000000 00:00 0 
7ff17054c000-7ff17054d000 ---p 00000000 00:00 0 
7ff17054d000-7ff17064d000 rw-p 00000000 00:00 0 
7ff17064d000-7ff17064e000 ---p 00000000 00:00 0 
7ff17064e000-7ff170777000 rw-p 00000000 00:00 0 
7ff170777000-7ff1709e0000 rw-p 00000000 00:00 0 
7ff1709e0000-7ff1709eb000 rw-p 00000000 00:00 0 
7ff1709eb000-7ff170a09000 rw-p 00000000 00:00 0 
7ff170a09000-7ff170a32000 rw-p 00000000 00:00 0 
7ff170a32000-7ff170c9b000 rw-p 00000000 00:00 0 
7ff170c9b000-7ff170cb5000 rw-p 00000000 00:00 0 
7ff170cb5000-7ff170cc3000 ---p 00000000 00:00 0 
7ff170cc3000-7ff170de4000 rw-p 00000000 00:00 0 
7ff170de4000-7ff170de5000 rw-p 00000000 00:00 0 
7ff170de5000-7ff171055000 rwxp 00000000 00:00 0 
7ff171055000-7ff173de5000 rw-p 00000000 00:00 0 
7ff173de5000-7ff173dff000 r-xp 00000000 08:01 18481563                   /opt/jdk1.7.0_79/jre/lib/amd64/libzip.so
7ff173dff000-7ff173fff000 ---p 0001a000 08:01 18481563                   /opt/jdk1.7.0_79/jre/lib/amd64/libzip.so
7ff173fff000-7ff174000000 rw-p 0001a000 08:01 18481563                   /opt/jdk1.7.0_79/jre/lib/amd64/libzip.so
7ff174000000-7ff174b91000 rw-p 00000000 00:00 0 
7ff174b91000-7ff178000000 ---p 00000000 00:00 0 
7ff178000000-7ff1780ac000 rw-p 00000000 00:00 0 
7ff1780ac000-7ff1780ad000 ---p 00000000 00:00 0 
7ff1780ad000-7ff1781b8000 rw-p 00000000 00:00 0 
7ff1781b8000-7ff1781d6000 rw-p 00000000 00:00 0 
7ff1781d6000-7ff1781e1000 r-xp 00000000 08:01 58458354                   /lib/x86_64-linux-gnu/libnss_files-2.23.so
7ff1781e1000-7ff1783e0000 ---p 0000b000 08:01 58458354                   /lib/x86_64-linux-gnu/libnss_files-2.23.so
7ff1783e0000-7ff1783e1000 r--p 0000a000 08:01 58458354                   /lib/x86_64-linux-gnu/libnss_files-2.23.so
7ff1783e1000-7ff1783e2000 rw-p 0000b000 08:01 58458354                   /lib/x86_64-linux-gnu/libnss_files-2.23.so
7ff1783e2000-7ff1783e8000 rw-p 00000000 00:00 0 
7ff1783e8000-7ff1783f3000 r-xp 00000000 08:01 58458360                   /lib/x86_64-linux-gnu/libnss_nis-2.23.so
7ff1783f3000-7ff1785f2000 ---p 0000b000 08:01 58458360                   /lib/x86_64-linux-gnu/libnss_nis-2.23.so
7ff1785f2000-7ff1785f3000 r--p 0000a000 08:01 58458360                   /lib/x86_64-linux-gnu/libnss_nis-2.23.so
7ff1785f3000-7ff1785f4000 rw-p 0000b000 08:01 58458360                   /lib/x86_64-linux-gnu/libnss_nis-2.23.so
7ff1785f4000-7ff17860a000 r-xp 00000000 08:01 58458346                   /lib/x86_64-linux-gnu/libnsl-2.23.so
7ff17860a000-7ff178809000 ---p 00016000 08:01 58458346                   /lib/x86_64-linux-gnu/libnsl-2.23.so
7ff178809000-7ff17880a000 r--p 00015000 08:01 58458346                   /lib/x86_64-linux-gnu/libnsl-2.23.so
7ff17880a000-7ff17880b000 rw-p 00016000 08:01 58458346                   /lib/x86_64-linux-gnu/libnsl-2.23.so
7ff17880b000-7ff17880d000 rw-p 00000000 00:00 0 
7ff17880d000-7ff178815000 r-xp 00000000 08:01 58458372                   /lib/x86_64-linux-gnu/libnss_compat-2.23.so
7ff178815000-7ff178a14000 ---p 00008000 08:01 58458372                   /lib/x86_64-linux-gnu/libnss_compat-2.23.so
7ff178a14000-7ff178a15000 r--p 00007000 08:01 58458372                   /lib/x86_64-linux-gnu/libnss_compat-2.23.so
7ff178a15000-7ff178a16000 rw-p 00008000 08:01 58458372                   /lib/x86_64-linux-gnu/libnss_compat-2.23.so
7ff178a16000-7ff178a3f000 r-xp 00000000 08:01 18481529                   /opt/jdk1.7.0_79/jre/lib/amd64/libjava.so
7ff178a3f000-7ff178c3f000 ---p 00029000 08:01 18481529                   /opt/jdk1.7.0_79/jre/lib/amd64/libjava.so
7ff178c3f000-7ff178c41000 rw-p 00029000 08:01 18481529                   /opt/jdk1.7.0_79/jre/lib/amd64/libjava.so
7ff178c41000-7ff178c4e000 r-xp 00000000 08:01 18481556                   /opt/jdk1.7.0_79/jre/lib/amd64/libverify.so
7ff178c4e000-7ff178e4d000 ---p 0000d000 08:01 18481556                   /opt/jdk1.7.0_79/jre/lib/amd64/libverify.so
7ff178e4d000-7ff178e4f000 rw-p 0000c000 08:01 18481556                   /opt/jdk1.7.0_79/jre/lib/amd64/libverify.so
7ff178e4f000-7ff178e56000 r-xp 00000000 08:01 58458364                   /lib/x86_64-linux-gnu/librt-2.23.so
7ff178e56000-7ff179055000 ---p 00007000 08:01 58458364                   /lib/x86_64-linux-gnu/librt-2.23.so
7ff179055000-7ff179056000 r--p 00006000 08:01 58458364                   /lib/x86_64-linux-gnu/librt-2.23.so
7ff179056000-7ff179057000 rw-p 00007000 08:01 58458364                   /lib/x86_64-linux-gnu/librt-2.23.so
7ff179057000-7ff17915f000 r-xp 00000000 08:01 58458382                   /lib/x86_64-linux-gnu/libm-2.23.so
7ff17915f000-7ff17935e000 ---p 00108000 08:01 58458382                   /lib/x86_64-linux-gnu/libm-2.23.so
7ff17935e000-7ff17935f000 r--p 00107000 08:01 58458382                   /lib/x86_64-linux-gnu/libm-2.23.so
7ff17935f000-7ff179360000 rw-p 00108000 08:01 58458382                   /lib/x86_64-linux-gnu/libm-2.23.so
7ff179360000-7ff179ed5000 r-xp 00000000 08:01 18481583                   /opt/jdk1.7.0_79/jre/lib/amd64/server/libjvm.so
7ff179ed5000-7ff17a0d5000 ---p 00b75000 08:01 18481583                   /opt/jdk1.7.0_79/jre/lib/amd64/server/libjvm.so
7ff17a0d5000-7ff17a199000 rw-p 00b75000 08:01 18481583                   /opt/jdk1.7.0_79/jre/lib/amd64/server/libjvm.so
7ff17a199000-7ff17a1da000 rw-p 00000000 00:00 0 
7ff17a1da000-7ff17a39a000 r-xp 00000000 08:01 58458389                   /lib/x86_64-linux-gnu/libc-2.23.so
7ff17a39a000-7ff17a59a000 ---p 001c0000 08:01 58458389                   /lib/x86_64-linux-gnu/libc-2.23.so
7ff17a59a000-7ff17a59e000 r--p 001c0000 08:01 58458389                   /lib/x86_64-linux-gnu/libc-2.23.so
7ff17a59e000-7ff17a5a0000 rw-p 001c4000 08:01 58458389                   /lib/x86_64-linux-gnu/libc-2.23.so
7ff17a5a0000-7ff17a5a4000 rw-p 00000000 00:00 0 
7ff17a5a4000-7ff17a5a7000 r-xp 00000000 08:01 58458370                   /lib/x86_64-linux-gnu/libdl-2.23.so
7ff17a5a7000-7ff17a7a6000 ---p 00003000 08:01 58458370                   /lib/x86_64-linux-gnu/libdl-2.23.so
7ff17a7a6000-7ff17a7a7000 r--p 00002000 08:01 58458370                   /lib/x86_64-linux-gnu/libdl-2.23.so
7ff17a7a7000-7ff17a7a8000 rw-p 00003000 08:01 58458370                   /lib/x86_64-linux-gnu/libdl-2.23.so
7ff17a7a8000-7ff17a7be000 r-xp 00000000 08:01 18482260                   /opt/jdk1.7.0_79/lib/amd64/jli/libjli.so
7ff17a7be000-7ff17a9be000 ---p 00016000 08:01 18482260                   /opt/jdk1.7.0_79/lib/amd64/jli/libjli.so
7ff17a9be000-7ff17a9bf000 rw-p 00016000 08:01 18482260                   /opt/jdk1.7.0_79/lib/amd64/jli/libjli.so
7ff17a9bf000-7ff17a9d7000 r-xp 00000000 08:01 58458358                   /lib/x86_64-linux-gnu/libpthread-2.23.so
7ff17a9d7000-7ff17abd6000 ---p 00018000 08:01 58458358                   /lib/x86_64-linux-gnu/libpthread-2.23.so
7ff17abd6000-7ff17abd7000 r--p 00017000 08:01 58458358                   /lib/x86_64-linux-gnu/libpthread-2.23.so
7ff17abd7000-7ff17abd8000 rw-p 00018000 08:01 58458358                   /lib/x86_64-linux-gnu/libpthread-2.23.so
7ff17abd8000-7ff17abdc000 rw-p 00000000 00:00 0 
7ff17abdc000-7ff17ac02000 r-xp 00000000 08:01 58458348                   /lib/x86_64-linux-gnu/ld-2.23.so
7ff17ac03000-7ff17ac0a000 r--s 00067000 08:01 37360535                   /home/ubuntu/graduate_project/ConsoleMainServerProgram/lib/quartz-1.6.5.jar
7ff17ac0a000-7ff17ac0c000 r--s 00016000 08:01 37360543                   /home/ubuntu/graduate_project/ConsoleMainServerProgram/lib/json.jar
7ff17ac0c000-7ff17ac1d000 r--s 0016f000 08:01 37360540                   /home/ubuntu/graduate_project/ConsoleMainServerProgram/lib/jfreechart-1.0.19.jar
7ff17ac1d000-7ff17ac27000 rw-p 00000000 00:00 0 
7ff17ac27000-7ff17acdd000 rw-p 00000000 00:00 0 
7ff17acdd000-7ff17ace0000 ---p 00000000 00:00 0 
7ff17ace0000-7ff17ade2000 rw-p 00000000 00:00 0 
7ff17ade2000-7ff17ade8000 r--s 0004b000 08:01 37360534                   /home/ubuntu/graduate_project/ConsoleMainServerProgram/lib/jcommon-1.0.23.jar
7ff17ade8000-7ff17adeb000 r--s 00014000 08:01 37360536                   /home/ubuntu/graduate_project/ConsoleMainServerProgram/lib/commons-net-ftp-2.0.jar
7ff17adeb000-7ff17adf5000 r--s 00253000 08:01 18481611                   /opt/jdk1.7.0_79/jre/lib/resources.jar
7ff17adf5000-7ff17adfd000 rw-s 00000000 08:01 42336277                   /tmp/hsperfdata_ubuntu/29557
7ff17adfd000-7ff17adfe000 rw-p 00000000 00:00 0 
7ff17adfe000-7ff17adff000 r--p 00000000 00:00 0 
7ff17adff000-7ff17ae01000 rw-p 00000000 00:00 0 
7ff17ae01000-7ff17ae02000 r--p 00025000 08:01 58458348                   /lib/x86_64-linux-gnu/ld-2.23.so
7ff17ae02000-7ff17ae03000 rw-p 00026000 08:01 58458348                   /lib/x86_64-linux-gnu/ld-2.23.so
7ff17ae03000-7ff17ae04000 rw-p 00000000 00:00 0 
7ffd0095a000-7ffd0097b000 rw-p 00000000 00:00 0                          [stack]
7ffd00983000-7ffd00985000 r--p 00000000 00:00 0                          [vvar]
7ffd00985000-7ffd00987000 r-xp 00000000 00:00 0                          [vdso]
ffffffffff600000-ffffffffff601000 r-xp 00000000 00:00 0                  [vsyscall]

VM Arguments:
jvm_args: -Dfile.encoding=UTF-8 
java_command: com.hit.heat.cn.Main
Launcher Type: SUN_STANDARD

Environment Variables:
JAVA_HOME=/opt/jdk1.8.0_102
CLASSPATH=.:/opt/jdk1.8.0_102/lib/dt.jar:/opt/jdk1.8.0_102/lib/tools.jar:
PATH=/opt/jdk1.8.0_102/bin:/usr/local/sbin:/usr/local/bin:/usr/sbin:/usr/bin:/sbin:/bin:/usr/games:/usr/local/games:/snap/bin
SHELL=/bin/bash
DISPLAY=:0

Signal Handlers:
SIGSEGV: [libjvm.so+0x9a3bf0], sa_mask[0]=0x7ffbfeff, sa_flags=0x10000004
SIGBUS: [libjvm.so+0x9a3bf0], sa_mask[0]=0x7ffbfeff, sa_flags=0x10000004
SIGFPE: [libjvm.so+0x81cb60], sa_mask[0]=0x7ffbfeff, sa_flags=0x10000004
SIGPIPE: [libjvm.so+0x81cb60], sa_mask[0]=0x7ffbfeff, sa_flags=0x10000004
SIGXFSZ: [libjvm.so+0x81cb60], sa_mask[0]=0x7ffbfeff, sa_flags=0x10000004
SIGILL: [libjvm.so+0x81cb60], sa_mask[0]=0x7ffbfeff, sa_flags=0x10000004
SIGUSR1: SIG_DFL, sa_mask[0]=0x00000000, sa_flags=0x00000000
SIGUSR2: [libjvm.so+0x81e360], sa_mask[0]=0x00000004, sa_flags=0x10000004
SIGHUP: [libjvm.so+0x81f480], sa_mask[0]=0x7ffbfeff, sa_flags=0x10000004
SIGINT: [libjvm.so+0x81f480], sa_mask[0]=0x7ffbfeff, sa_flags=0x10000004
SIGTERM: [libjvm.so+0x81f480], sa_mask[0]=0x7ffbfeff, sa_flags=0x10000004
SIGQUIT: [libjvm.so+0x81f480], sa_mask[0]=0x7ffbfeff, sa_flags=0x10000004


---------------  S Y S T E M  ---------------

OS:stretch/sid

uname:Linux 4.4.0-97-generic #120-Ubuntu SMP Tue Sep 19 17:28:18 UTC 2017 x86_64
libc:glibc 2.23 NPTL 2.23 
rlimit: STACK 8192k, CORE 0k, NPROC 31428, NOFILE 65536, AS infinity
load average:0.82 0.53 0.42

/proc/meminfo:
MemTotal:        8085092 kB
MemFree:          326984 kB
MemAvailable:    3560536 kB
Buffers:         1670016 kB
Cached:          1831140 kB
SwapCached:         8828 kB
Active:          4927688 kB
Inactive:        1875168 kB
Active(anon):    3169884 kB
Inactive(anon):   873780 kB
Active(file):    1757804 kB
Inactive(file):  1001388 kB
Unevictable:          32 kB
Mlocked:              32 kB
SwapTotal:       8296444 kB
SwapFree:        7852956 kB
Dirty:               408 kB
Writeback:             0 kB
AnonPages:       3294904 kB
Mapped:           621916 kB
Shmem:            741964 kB
Slab:             832232 kB
SReclaimable:     779792 kB
SUnreclaim:        52440 kB
KernelStack:       12000 kB
PageTables:        53908 kB
NFS_Unstable:          0 kB
Bounce:                0 kB
WritebackTmp:          0 kB
CommitLimit:    12338988 kB
Committed_AS:   12112016 kB
VmallocTotal:   34359738367 kB
VmallocUsed:           0 kB
VmallocChunk:          0 kB
HardwareCorrupted:     0 kB
AnonHugePages:   2439168 kB
CmaTotal:              0 kB
CmaFree:               0 kB
HugePages_Total:       0
HugePages_Free:        0
HugePages_Rsvd:        0
HugePages_Surp:        0
Hugepagesize:       2048 kB
DirectMap4k:      236228 kB
DirectMap2M:     8062976 kB


CPU:total 4 (2 cores per cpu, 2 threads per core) family 6 model 42 stepping 7, cmov, cx8, fxsr, mmx, sse, sse2, sse3, ssse3, sse4.1, sse4.2, popcnt, avx, ht, tsc, tscinvbit

/proc/cpuinfo:
processor	: 0
vendor_id	: GenuineIntel
cpu family	: 6
model		: 42
model name	: Intel(R) Core(TM) i3-2100 CPU @ 3.10GHz
stepping	: 7
microcode	: 0x18
cpu MHz		: 2446.578
cache size	: 3072 KB
physical id	: 0
siblings	: 4
core id		: 0
cpu cores	: 2
apicid		: 0
initial apicid	: 0
fpu		: yes
fpu_exception	: yes
cpuid level	: 13
wp		: yes
flags		: fpu vme de pse tsc msr pae mce cx8 apic sep mtrr pge mca cmov pat pse36 clflush dts acpi mmx fxsr sse sse2 ss ht tm pbe syscall nx rdtscp lm constant_tsc arch_perfmon pebs bts rep_good nopl xtopology nonstop_tsc aperfmperf eagerfpu pni pclmulqdq dtes64 monitor ds_cpl vmx est tm2 ssse3 cx16 xtpr pdcm pcid sse4_1 sse4_2 popcnt tsc_deadline_timer xsave avx lahf_lm epb tpr_shadow vnmi flexpriority ept vpid xsaveopt dtherm arat pln pts
bugs		:
bogomips	: 6185.66
clflush size	: 64
cache_alignment	: 64
address sizes	: 36 bits physical, 48 bits virtual
power management:

processor	: 1
vendor_id	: GenuineIntel
cpu family	: 6
model		: 42
model name	: Intel(R) Core(TM) i3-2100 CPU @ 3.10GHz
stepping	: 7
microcode	: 0x18
cpu MHz		: 2606.785
cache size	: 3072 KB
physical id	: 0
siblings	: 4
core id		: 1
cpu cores	: 2
apicid		: 2
initial apicid	: 2
fpu		: yes
fpu_exception	: yes
cpuid level	: 13
wp		: yes
flags		: fpu vme de pse tsc msr pae mce cx8 apic sep mtrr pge mca cmov pat pse36 clflush dts acpi mmx fxsr sse sse2 ss ht tm pbe syscall nx rdtscp lm constant_tsc arch_perfmon pebs bts rep_good nopl xtopology nonstop_tsc aperfmperf eagerfpu pni pclmulqdq dtes64 monitor ds_cpl vmx est tm2 ssse3 cx16 xtpr pdcm pcid sse4_1 sse4_2 popcnt tsc_deadline_timer xsave avx lahf_lm epb tpr_shadow vnmi flexpriority ept vpid xsaveopt dtherm arat pln pts
bugs		:
bogomips	: 6185.66
clflush size	: 64
cache_alignment	: 64
address sizes	: 36 bits physical, 48 bits virtual
power management:

processor	: 2
vendor_id	: GenuineIntel
cpu family	: 6
model		: 42
model name	: Intel(R) Core(TM) i3-2100 CPU @ 3.10GHz
stepping	: 7
microcode	: 0x18
cpu MHz		: 2585.109
cache size	: 3072 KB
physical id	: 0
siblings	: 4
core id		: 0
cpu cores	: 2
apicid		: 1
initial apicid	: 1
fpu		: yes
fpu_exception	: yes
cpuid level	: 13
wp		: yes
flags		: fpu vme de pse tsc msr pae mce cx8 apic sep mtrr pge mca cmov pat pse36 clflush dts acpi mmx fxsr sse sse2 ss ht tm pbe syscall nx rdtscp lm constant_tsc arch_perfmon pebs bts rep_good nopl xtopology nonstop_tsc aperfmperf eagerfpu pni pclmulqdq dtes64 monitor ds_cpl vmx est tm2 ssse3 cx16 xtpr pdcm pcid sse4_1 sse4_2 popcnt tsc_deadline_timer xsave avx lahf_lm epb tpr_shadow vnmi flexpriority ept vpid xsaveopt dtherm arat pln pts
bugs		:
bogomips	: 6185.66
clflush size	: 64
cache_alignment	: 64
address sizes	: 36 bits physical, 48 bits virtual
power management:

processor	: 3
vendor_id	: GenuineIntel
cpu family	: 6
model		: 42
model name	: Intel(R) Core(TM) i3-2100 CPU @ 3.10GHz
stepping	: 7
microcode	: 0x18
cpu MHz		: 2614.777
cache size	: 3072 KB
physical id	: 0
siblings	: 4
core id		: 1
cpu cores	: 2
apicid		: 3
initial apicid	: 3
fpu		: yes
fpu_exception	: yes
cpuid level	: 13
wp		: yes
flags		: fpu vme de pse tsc msr pae mce cx8 apic sep mtrr pge mca cmov pat pse36 clflush dts acpi mmx fxsr sse sse2 ss ht tm pbe syscall nx rdtscp lm constant_tsc arch_perfmon pebs bts rep_good nopl xtopology nonstop_tsc aperfmperf eagerfpu pni pclmulqdq dtes64 monitor ds_cpl vmx est tm2 ssse3 cx16 xtpr pdcm pcid sse4_1 sse4_2 popcnt tsc_deadline_timer xsave avx lahf_lm epb tpr_shadow vnmi flexpriority ept vpid xsaveopt dtherm arat pln pts
bugs		:
bogomips	: 6185.66
clflush size	: 64
cache_alignment	: 64
address sizes	: 36 bits physical, 48 bits virtual
power management:



Memory: 4k page, physical 8085092k(326984k free), swap 8296444k(7852956k free)

vm_info: Java HotSpot(TM) 64-Bit Server VM (24.79-b02) for linux-amd64 JRE (1.7.0_79-b15), built on Apr 10 2015 11:34:48 by "java_re" with gcc 4.3.0 20080428 (Red Hat 4.3.0-8)

time: Mon Dec  4 16:49:11 2017
elapsed time: 27456 seconds

