#
# A fatal error has been detected by the Java Runtime Environment:
#
#  SIGSEGV (0xb) at pc=0x00007ff76e64c12b, pid=3859, tid=140700683142912
#
# JRE version: Java(TM) SE Runtime Environment (7.0_79-b15) (build 1.7.0_79-b15)
# Java VM: Java HotSpot(TM) 64-Bit Server VM (24.79-b02 mixed mode linux-amd64 compressed oops)
# Problematic frame:
# C  [sqlite-3.15.1-908a8bed-cc31-49a3-b18d-d9e57f3ebbcd-libsqlitejdbc.so+0x7912b]  Java_org_sqlite_core_NativeDB_shared_1cache+0x6c83b
#
# Failed to write core dump. Core dumps have been disabled. To enable core dumping, try "ulimit -c unlimited" before starting Java again
#
# If you would like to submit a bug report, please visit:
#   http://bugreport.java.com/bugreport/crash.jsp
# The crash happened outside the Java Virtual Machine in native code.
# See problematic frame for where to report the bug.
#

---------------  T H R E A D  ---------------

Current thread (0x00007ff7841a1000):  JavaThread "Timer-2" [_thread_in_native, id=3880, stack(0x00007ff76e2d0000,0x00007ff76e3d1000)]

siginfo:si_signo=SIGSEGV: si_errno=0, si_code=1 (SEGV_MAPERR), si_addr=0x0000000000000530

Registers:
RAX=0x00007ff74000f1b0, RBX=0x0000000000000530, RCX=0x0000000000000068, RDX=0x0000000040000078
RSP=0x00007ff76e3ce9c0, RBP=0x0000000000000000, RSI=0x0000000000000530, RDI=0x00007ff74000ec98
R8 =0x00007ff78b2f5320, R9 =0x0000000000000001, R10=0x0000000000000000, R11=0x00007ff76e5ff880
R12=0x0000000000000000, R13=0x00007ff74000ec98, R14=0x00007ff74000ec98, R15=0x00007ff740000078
RIP=0x00007ff76e64c12b, EFLAGS=0x0000000000010206, CSGSFS=0x0000000000000033, ERR=0x0000000000000004
  TRAPNO=0x000000000000000e

Top of Stack: (sp=0x00007ff76e3ce9c0)
0x00007ff76e3ce9c0:   00007ff74000ec98 0000000000000000
0x00007ff76e3ce9d0:   0000000000000000 00007ff76e64c375
0x00007ff76e3ce9e0:   00007ff74000ec98 00007ff740000078
0x00007ff76e3ce9f0:   00007ff740000078 00007ff76e64c4a2
0x00007ff76e3cea00:   00000000fffffffe 0000000000000010
0x00007ff76e3cea10:   0000001100000000 00007ff74000fb40
0x00007ff76e3cea20:   00007ff74000fa38 000000128b3a5cde
0x00007ff76e3cea30:   0000000000000000 00007ff740022e48
0x00007ff76e3cea40:   00007ff76e3ceb80 00007ff76e3cee90
0x00007ff76e3cea50:   0000000100000000 00007ff74000ec98
0x00007ff76e3cea60:   00007ff740000078 00007ff740000078
0x00007ff76e3cea70:   00007ff74000ec98 00007ff76e3cf4c0
0x00007ff76e3cea80:   00007ff76e3cf360 00007ff76e64cdf1
0x00007ff76e3cea90:   00007ff74000ec98 0000000000000000
0x00007ff76e3ceaa0:   00007ff74000ec98 00007ff76e64cf07
0x00007ff76e3ceab0:   00000007d84e7990 00007ff74000ec98
0x00007ff76e3ceac0:   0000000000000000 00007ff76e651ae6
0x00007ff76e3cead0:   0000000000000000 00007ff740000020
0x00007ff76e3ceae0:   0000000000000064 00007ff74000f258
0x00007ff76e3ceaf0:   0000000000000020 0000000000000064
0x00007ff76e3ceb00:   00007ff74008ce97 00007ff76e3cf2f4
0x00007ff76e3ceb10:   00007ff74000f648 00007ff74000faf0
0x00007ff76e3ceb20:   ffff800800000011 00007ff76e3ceb6f
0x00007ff76e3ceb30:   0000000000000011 0000004100000044
0x00007ff76e3ceb40:   0000000000000002 00007ff7400021e8
0x00007ff76e3ceb50:   0000000000000000 0000000000000000
0x00007ff76e3ceb60:   000000114000f258 00007ff74000fb40
0x00007ff76e3ceb70:   0001000000000000 000000124000edc8
0x00007ff76e3ceb80:   0000000000000000 0000000000000000
0x00007ff76e3ceb90:   0000000000000000 00007ff740000020
0x00007ff76e3ceba0:   0000000000000430 00007ff740002708
0x00007ff76e3cebb0:   00007ff7400021e8 0000000000000008 

Instructions: (pc=0x00007ff76e64c12b)
0x00007ff76e64c10b:   0f 1f 44 00 00 48 89 5c 24 e8 48 89 6c 24 f0 48
0x00007ff76e64c11b:   89 f3 4c 89 64 24 f8 48 83 ec 18 48 85 f6 74 60
0x00007ff76e64c12b:   0f b6 06 3c 01 74 26 73 6c 48 8b 7e 18 48 85 ff
0x00007ff76e64c13b:   0f 84 8a 00 00 00 48 8b 1c 24 48 8b 6c 24 08 4c 

Register to memory mapping:

RAX=0x00007ff74000f1b0 is an unknown value
RBX=0x0000000000000530 is an unknown value
RCX=0x0000000000000068 is an unknown value
RDX=0x0000000040000078 is an unknown value
RSP=0x00007ff76e3ce9c0 is pointing into the stack for thread: 0x00007ff7841a1000
RBP=0x0000000000000000 is an unknown value
RSI=0x0000000000000530 is an unknown value
RDI=0x00007ff74000ec98 is an unknown value
R8 =0x00007ff78b2f5320: <offset 0xe4b320> in /opt/jdk1.7.0_79/jre/lib/amd64/server/libjvm.so at 0x00007ff78a4aa000
R9 =0x0000000000000001 is an unknown value
R10=0x0000000000000000 is an unknown value
R11=0x00007ff76e5ff880: <offset 0x2c880> in /tmp/sqlite-3.15.1-908a8bed-cc31-49a3-b18d-d9e57f3ebbcd-libsqlitejdbc.so at 0x00007ff76e5d3000
R12=0x0000000000000000 is an unknown value
R13=0x00007ff74000ec98 is an unknown value
R14=0x00007ff74000ec98 is an unknown value
R15=0x00007ff740000078 is an unknown value


Stack: [0x00007ff76e2d0000,0x00007ff76e3d1000],  sp=0x00007ff76e3ce9c0,  free space=1018k
Native frames: (J=compiled Java code, j=interpreted, Vv=VM code, C=native code)
C  [sqlite-3.15.1-908a8bed-cc31-49a3-b18d-d9e57f3ebbcd-libsqlitejdbc.so+0x7912b]  Java_org_sqlite_core_NativeDB_shared_1cache+0x6c83b

[error occurred during error reporting (printing native stack), id 0xb]

Java frames: (J=compiled Java code, j=interpreted, Vv=VM code)
J 175  org.sqlite.core.NativeDB.step(J)I (0 bytes) @ 0x00007ff7810cfc18 [0x00007ff7810cfbe0+0x38]
J 171 C2 org.sqlite.jdbc3.JDBC3ResultSet.next()Z (132 bytes) @ 0x00007ff7810dfb80 [0x00007ff7810dfb00+0x80]
J 172 C2 com.hit.heat.data.SqlOperate.NetMonitor_count()I (60 bytes) @ 0x00007ff7810e0c7c [0x00007ff7810e0ae0+0x19c]
j  com.hit.heat.cn.ConsoleMainServer.heartbeat()V+172
j  com.hit.heat.cn.ConsoleMainServer$9.run()V+4
j  java.util.TimerThread.mainLoop()V+221
j  java.util.TimerThread.run()V+1
v  ~StubRoutines::call_stub

---------------  P R O C E S S  ---------------

Java Threads: ( => current thread )
  0x00007ff78400a000 JavaThread "DestroyJavaVM" [_thread_blocked, id=3861, stack(0x00007ff78be27000,0x00007ff78bf28000)]
  0x00007ff784b93800 JavaThread "nioEventLoopGroup-13-1" [_thread_in_native, id=3901, stack(0x00007ff76d2c0000,0x00007ff76d3c1000)]
  0x00007ff784ac9800 JavaThread "nioEventLoopGroup-12-1" [_thread_in_native, id=3900, stack(0x00007ff76d3c1000,0x00007ff76d4c2000)]
  0x00007ff7849ff800 JavaThread "nioEventLoopGroup-11-1" [_thread_in_native, id=3899, stack(0x00007ff76d4c2000,0x00007ff76d5c3000)]
  0x00007ff784936000 JavaThread "nioEventLoopGroup-9-1" [_thread_in_native, id=3898, stack(0x00007ff76d5c3000,0x00007ff76d6c4000)]
  0x00007ff7847fb000 JavaThread "nioEventLoopGroup-6-1" [_thread_in_native, id=3896, stack(0x00007ff76d6c4000,0x00007ff76d7c5000)]
  0x00007ff7847fa000 JavaThread "nioEventLoopGroup-8-1" [_thread_in_native, id=3895, stack(0x00007ff76d7c5000,0x00007ff76d8c6000)]
  0x00007ff7847f9000 JavaThread "nioEventLoopGroup-7-1" [_thread_in_native, id=3894, stack(0x00007ff76d8c6000,0x00007ff76d9c7000)]
  0x00007ff784579800 JavaThread "Thread-12" [_thread_blocked, id=3892, stack(0x00007ff76d9c7000,0x00007ff76dac8000)]
  0x00007ff7844af800 JavaThread "Thread-11" [_thread_blocked, id=3891, stack(0x00007ff76dac8000,0x00007ff76dbc9000)]
  0x00007ff7843e7000 JavaThread "Thread-10" [_thread_blocked, id=3890, stack(0x00007ff76dbc9000,0x00007ff76dcca000)]
  0x00007ff78423f800 JavaThread "Thread-9" [_thread_blocked, id=3889, stack(0x00007ff76dcca000,0x00007ff76ddcb000)]
  0x00007ff7841d1800 JavaThread "Timer-7" [_thread_blocked, id=3886, stack(0x00007ff76ddcb000,0x00007ff76decc000)]
  0x00007ff7841ce800 JavaThread "Timer-6" [_thread_blocked, id=3884, stack(0x00007ff76decc000,0x00007ff76dfcd000)]
  0x00007ff7841cc800 JavaThread "Timer-5" [_thread_blocked, id=3883, stack(0x00007ff76dfcd000,0x00007ff76e0ce000)]
  0x00007ff7841ca800 JavaThread "Timer-4" [_thread_blocked, id=3882, stack(0x00007ff76e0ce000,0x00007ff76e1cf000)]
  0x00007ff7841c9000 JavaThread "Timer-3" [_thread_blocked, id=3881, stack(0x00007ff76e1cf000,0x00007ff76e2d0000)]
=>0x00007ff7841a1000 JavaThread "Timer-2" [_thread_in_native, id=3880, stack(0x00007ff76e2d0000,0x00007ff76e3d1000)]
  0x00007ff78419f800 JavaThread "Timer-1" [_thread_blocked, id=3879, stack(0x00007ff76e3d1000,0x00007ff76e4d2000)]
  0x00007ff78419e000 JavaThread "Timer-0" [_thread_blocked, id=3878, stack(0x00007ff76e4d2000,0x00007ff76e5d3000)]
  0x00007ff7840a1000 JavaThread "Service Thread" daemon [_thread_blocked, id=3876, stack(0x00007ff76f26c000,0x00007ff76f36d000)]
  0x00007ff78409f000 JavaThread "C2 CompilerThread1" daemon [_thread_blocked, id=3875, stack(0x00007ff76f36d000,0x00007ff76f46e000)]
  0x00007ff78409c000 JavaThread "C2 CompilerThread0" daemon [_thread_blocked, id=3874, stack(0x00007ff76f46e000,0x00007ff76f56f000)]
  0x00007ff784099800 JavaThread "Signal Dispatcher" daemon [_thread_blocked, id=3873, stack(0x00007ff76f56f000,0x00007ff76f670000)]
  0x00007ff784070000 JavaThread "Finalizer" daemon [_thread_blocked, id=3872, stack(0x00007ff76fafb000,0x00007ff76fbfc000)]
  0x00007ff78406e000 JavaThread "Reference Handler" daemon [_thread_blocked, id=3871, stack(0x00007ff76fbfc000,0x00007ff76fcfd000)]

Other Threads:
  0x00007ff784069800 VMThread [stack: 0x00007ff76fcfd000,0x00007ff76fdfe000] [id=3870]
  0x00007ff7840ac000 WatcherThread [stack: 0x00007ff76f16b000,0x00007ff76f26c000] [id=3877]

VM state:not at safepoint (normal execution)

VM Mutex/Monitor currently owned by a thread: None

Heap
 PSYoungGen      total 40448K, used 29618K [0x00000007d6e00000, 0x00000007d9f80000, 0x0000000800000000)
  eden space 31232K, 78% used [0x00000007d6e00000,0x00000007d85d0580,0x00000007d8c80000)
  from space 9216K, 56% used [0x00000007d9680000,0x00000007d9b9c390,0x00000007d9f80000)
  to   space 9728K, 0% used [0x00000007d8c80000,0x00000007d8c80000,0x00000007d9600000)
 ParOldGen       total 83968K, used 5383K [0x0000000784a00000, 0x0000000789c00000, 0x00000007d6e00000)
  object space 83968K, 6% used [0x0000000784a00000,0x0000000784f41e70,0x0000000789c00000)
 PSPermGen       total 21504K, used 9537K [0x000000077f800000, 0x0000000780d00000, 0x0000000784a00000)
  object space 21504K, 44% used [0x000000077f800000,0x0000000780150568,0x0000000780d00000)

Card table byte_map: [0x00007ff788d00000,0x00007ff789105000] byte_map_base: 0x00007ff785104000

Polling page: 0x00007ff78bf48000

Code Cache  [0x00007ff781000000, 0x00007ff781270000, 0x00007ff784000000)
 total_blobs=470 nmethods=191 adapters=232 free_code_cache=48197Kb largest_free_block=49326656

Compilation events (10 events):
Event: 4035.943 Thread 0x00007ff78409c000  190             java.net.URI$Parser::scan (73 bytes)
Event: 4035.946 Thread 0x00007ff78409c000 nmethod 190 0x00007ff7810cea50 code [0x00007ff7810ceba0, 0x00007ff7810ced88]
Event: 4060.030 Thread 0x00007ff78409f000  191             java.net.URI$Parser::scan (50 bytes)
Event: 4060.038 Thread 0x00007ff78409f000 nmethod 191 0x00007ff7810eaf10 code [0x00007ff7810eb060, 0x00007ff7810eb398]
Event: 4203.391 Thread 0x00007ff78409c000  192 %           java.util.Arrays::fill @ 5 (21 bytes)
Event: 4203.394 Thread 0x00007ff78409c000 nmethod 192% 0x00007ff7810ed9d0 code [0x00007ff7810edb20, 0x00007ff7810edd58]
Event: 4204.541 Thread 0x00007ff78409f000  193             java.util.Arrays::fill (21 bytes)
Event: 4204.545 Thread 0x00007ff78409f000 nmethod 193 0x00007ff7810ebbd0 code [0x00007ff7810ebd20, 0x00007ff7810ebeb8]
Event: 4206.581 Thread 0x00007ff78409c000  194             java.util.Arrays::fill (21 bytes)
Event: 4206.589 Thread 0x00007ff78409c000 nmethod 194 0x00007ff7810ef150 code [0x00007ff7810ef2a0, 0x00007ff7810ef698]

GC Heap History (10 events):
Event: 558.223 GC heap before
{Heap before GC invocations=2 (full 0):
 PSYoungGen      total 37376K, used 37344K [0x00000007d6e00000, 0x00000007d9780000, 0x0000000800000000)
  eden space 32256K, 100% used [0x00000007d6e00000,0x00000007d8d80000,0x00000007d8d80000)
  from space 5120K, 99% used [0x00000007d8d80000,0x00000007d9278360,0x00000007d9280000)
  to   space 5120K, 0% used [0x00000007d9280000,0x00000007d9280000,0x00000007d9780000)
 ParOldGen       total 83968K, used 4565K [0x0000000784a00000, 0x0000000789c00000, 0x00000007d6e00000)
  object space 83968K, 5% used [0x0000000784a00000,0x0000000784e754f0,0x0000000789c00000)
 PSPermGen       total 21504K, used 9485K [0x000000077f800000, 0x0000000780d00000, 0x0000000784a00000)
  object space 21504K, 44% used [0x000000077f800000,0x0000000780143648,0x0000000780d00000)
Event: 558.236 GC heap after
Heap after GC invocations=2 (full 0):
 PSYoungGen      total 37376K, used 5088K [0x00000007d6e00000, 0x00000007d9780000, 0x0000000800000000)
  eden space 32256K, 0% used [0x00000007d6e00000,0x00000007d6e00000,0x00000007d8d80000)
  from space 5120K, 99% used [0x00000007d9280000,0x00000007d9778380,0x00000007d9780000)
  to   space 5120K, 0% used [0x00000007d8d80000,0x00000007d8d80000,0x00000007d9280000)
 ParOldGen       total 83968K, used 4735K [0x0000000784a00000, 0x0000000789c00000, 0x00000007d6e00000)
  object space 83968K, 5% used [0x0000000784a00000,0x0000000784e9fe70,0x0000000789c00000)
 PSPermGen       total 21504K, used 9485K [0x000000077f800000, 0x0000000780d00000, 0x0000000784a00000)
  object space 21504K, 44% used [0x000000077f800000,0x0000000780143648,0x0000000780d00000)
}
Event: 1772.187 GC heap before
{Heap before GC invocations=3 (full 0):
 PSYoungGen      total 37376K, used 37344K [0x00000007d6e00000, 0x00000007d9780000, 0x0000000800000000)
  eden space 32256K, 100% used [0x00000007d6e00000,0x00000007d8d80000,0x00000007d8d80000)
  from space 5120K, 99% used [0x00000007d9280000,0x00000007d9778380,0x00000007d9780000)
  to   space 5120K, 0% used [0x00000007d8d80000,0x00000007d8d80000,0x00000007d9280000)
 ParOldGen       total 83968K, used 4735K [0x0000000784a00000, 0x0000000789c00000, 0x00000007d6e00000)
  object space 83968K, 5% used [0x0000000784a00000,0x0000000784e9fe70,0x0000000789c00000)
 PSPermGen       total 21504K, used 9525K [0x000000077f800000, 0x0000000780d00000, 0x0000000784a00000)
  object space 21504K, 44% used [0x000000077f800000,0x000000078014d440,0x0000000780d00000)
Event: 1772.194 GC heap after
Heap after GC invocations=3 (full 0):
 PSYoungGen      total 37376K, used 5104K [0x00000007d6e00000, 0x00000007d9780000, 0x0000000800000000)
  eden space 32256K, 0% used [0x00000007d6e00000,0x00000007d6e00000,0x00000007d8d80000)
  from space 5120K, 99% used [0x00000007d8d80000,0x00000007d927c390,0x00000007d9280000)
  to   space 5120K, 0% used [0x00000007d9280000,0x00000007d9280000,0x00000007d9780000)
 ParOldGen       total 83968K, used 5055K [0x0000000784a00000, 0x0000000789c00000, 0x00000007d6e00000)
  object space 83968K, 6% used [0x0000000784a00000,0x0000000784eefe70,0x0000000789c00000)
 PSPermGen       total 21504K, used 9525K [0x000000077f800000, 0x0000000780d00000, 0x0000000784a00000)
  object space 21504K, 44% used [0x000000077f800000,0x000000078014d440,0x0000000780d00000)
}
Event: 2916.463 GC heap before
{Heap before GC invocations=4 (full 0):
 PSYoungGen      total 37376K, used 37360K [0x00000007d6e00000, 0x00000007d9780000, 0x0000000800000000)
  eden space 32256K, 100% used [0x00000007d6e00000,0x00000007d8d80000,0x00000007d8d80000)
  from space 5120K, 99% used [0x00000007d8d80000,0x00000007d927c390,0x00000007d9280000)
  to   space 5120K, 0% used [0x00000007d9280000,0x00000007d9280000,0x00000007d9780000)
 ParOldGen       total 83968K, used 5055K [0x0000000784a00000, 0x0000000789c00000, 0x00000007d6e00000)
  object space 83968K, 6% used [0x0000000784a00000,0x0000000784eefe70,0x0000000789c00000)
 PSPermGen       total 21504K, used 9531K [0x000000077f800000, 0x0000000780d00000, 0x0000000784a00000)
  object space 21504K, 44% used [0x000000077f800000,0x000000078014ee98,0x0000000780d00000)
Event: 2916.471 GC heap after
Heap after GC invocations=4 (full 0):
 PSYoungGen      total 37376K, used 5088K [0x00000007d6e00000, 0x00000007d9780000, 0x0000000800000000)
  eden space 32256K, 0% used [0x00000007d6e00000,0x00000007d6e00000,0x00000007d8d80000)
  from space 5120K, 99% used [0x00000007d9280000,0x00000007d9778360,0x00000007d9780000)
  to   space 5120K, 0% used [0x00000007d8d80000,0x00000007d8d80000,0x00000007d9280000)
 ParOldGen       total 83968K, used 5375K [0x0000000784a00000, 0x0000000789c00000, 0x00000007d6e00000)
  object space 83968K, 6% used [0x0000000784a00000,0x0000000784f3fe70,0x0000000789c00000)
 PSPermGen       total 21504K, used 9531K [0x000000077f800000, 0x0000000780d00000, 0x0000000784a00000)
  object space 21504K, 44% used [0x000000077f800000,0x000000078014ee98,0x0000000780d00000)
}
Event: 3068.943 GC heap before
{Heap before GC invocations=5 (full 0):
 PSYoungGen      total 37376K, used 37344K [0x00000007d6e00000, 0x00000007d9780000, 0x0000000800000000)
  eden space 32256K, 100% used [0x00000007d6e00000,0x00000007d8d80000,0x00000007d8d80000)
  from space 5120K, 99% used [0x00000007d9280000,0x00000007d9778360,0x00000007d9780000)
  to   space 5120K, 0% used [0x00000007d8d80000,0x00000007d8d80000,0x00000007d9280000)
 ParOldGen       total 83968K, used 5375K [0x0000000784a00000, 0x0000000789c00000, 0x00000007d6e00000)
  object space 83968K, 6% used [0x0000000784a00000,0x0000000784f3fe70,0x0000000789c00000)
 PSPermGen       total 21504K, used 9534K [0x000000077f800000, 0x0000000780d00000, 0x0000000784a00000)
  object space 21504K, 44% used [0x000000077f800000,0x000000078014fa80,0x0000000780d00000)
Event: 3068.949 GC heap after
Heap after GC invocations=5 (full 0):
 PSYoungGen      total 36864K, used 5088K [0x00000007d6e00000, 0x00000007da000000, 0x0000000800000000)
  eden space 31744K, 0% used [0x00000007d6e00000,0x00000007d6e00000,0x00000007d8d00000)
  from space 5120K, 99% used [0x00000007d8d80000,0x00000007d9278380,0x00000007d9280000)
  to   space 9728K, 0% used [0x00000007d9680000,0x00000007d9680000,0x00000007da000000)
 ParOldGen       total 83968K, used 5375K [0x0000000784a00000, 0x0000000789c00000, 0x00000007d6e00000)
  object space 83968K, 6% used [0x0000000784a00000,0x0000000784f3fe70,0x0000000789c00000)
 PSPermGen       total 21504K, used 9534K [0x000000077f800000, 0x0000000780d00000, 0x0000000784a00000)
  object space 21504K, 44% used [0x000000077f800000,0x000000078014fa80,0x0000000780d00000)
}
Event: 4183.525 GC heap before
{Heap before GC invocations=6 (full 0):
 PSYoungGen      total 36864K, used 36832K [0x00000007d6e00000, 0x00000007da000000, 0x0000000800000000)
  eden space 31744K, 100% used [0x00000007d6e00000,0x00000007d8d00000,0x00000007d8d00000)
  from space 5120K, 99% used [0x00000007d8d80000,0x00000007d9278380,0x00000007d9280000)
  to   space 9728K, 0% used [0x00000007d9680000,0x00000007d9680000,0x00000007da000000)
 ParOldGen       total 83968K, used 5375K [0x0000000784a00000, 0x0000000789c00000, 0x00000007d6e00000)
  object space 83968K, 6% used [0x0000000784a00000,0x0000000784f3fe70,0x0000000789c00000)
 PSPermGen       total 21504K, used 9536K [0x000000077f800000, 0x0000000780d00000, 0x0000000784a00000)
  object space 21504K, 44% used [0x000000077f800000,0x00000007801503c8,0x0000000780d00000)
Event: 4183.536 GC heap after
Heap after GC invocations=6 (full 0):
 PSYoungGen      total 40448K, used 5232K [0x00000007d6e00000, 0x00000007d9f80000, 0x0000000800000000)
  eden space 31232K, 0% used [0x00000007d6e00000,0x00000007d6e00000,0x00000007d8c80000)
  from space 9216K, 56% used [0x00000007d9680000,0x00000007d9b9c390,0x00000007d9f80000)
  to   space 9728K, 0% used [0x00000007d8c80000,0x00000007d8c80000,0x00000007d9600000)
 ParOldGen       total 83968K, used 5383K [0x0000000784a00000, 0x0000000789c00000, 0x00000007d6e00000)
  object space 83968K, 6% used [0x0000000784a00000,0x0000000784f41e70,0x0000000789c00000)
 PSPermGen       total 21504K, used 9536K [0x000000077f800000, 0x0000000780d00000, 0x0000000784a00000)
  object space 21504K, 44% used [0x000000077f800000,0x00000007801503c8,0x0000000780d00000)
}

Deoptimization events (7 events):
Event: 0.255 Thread 0x00007ff7841c9000 Uncommon trap: reason=null_check action=make_not_entrant pc=0x00007ff781069150 method=java.lang.String.equals(Ljava/lang/Object;)Z @ 8
Event: 1768.542 Thread 0x00007ff7841a1000 Uncommon trap: reason=range_check action=make_not_entrant pc=0x00007ff7810d1f08 method=java.text.SimpleDateFormat.format(Ljava/util/Date;Ljava/lang/StringBuffer;Ljava/text/Format$FieldDelegate;)Ljava/lang/StringBuffer; @ 48
Event: 3005.353 Thread 0x00007ff7841cc800 Uncommon trap: reason=predicate action=maybe_recompile pc=0x00007ff7810e28c0 method=java.util.Arrays.fill([Ljava/lang/Object;Ljava/lang/Object;)V @ 10
Event: 4204.763 Thread 0x00007ff7841cc800 Uncommon trap: reason=array_check action=maybe_recompile pc=0x00007ff7810ebe78 method=java.util.Arrays.fill([Ljava/lang/Object;Ljava/lang/Object;)V @ 13
Event: 4204.869 Thread 0x00007ff7841cc800 Uncommon trap: reason=array_check action=maybe_recompile pc=0x00007ff7810ebe78 method=java.util.Arrays.fill([Ljava/lang/Object;Ljava/lang/Object;)V @ 13
Event: 4205.299 Thread 0x00007ff7841cc800 Uncommon trap: reason=array_check action=maybe_recompile pc=0x00007ff7810ebe78 method=java.util.Arrays.fill([Ljava/lang/Object;Ljava/lang/Object;)V @ 13
Event: 4205.607 Thread 0x00007ff6fc004000 Uncommon trap: reason=array_check action=maybe_recompile pc=0x00007ff7810ebe78 method=java.util.Arrays.fill([Ljava/lang/Object;Ljava/lang/Object;)V @ 13

Internal exceptions (10 events):
Event: 5216.847 Thread 0x00007ff784ac9800 Threw 0x00000007d84c0b70 at /HUDSON/workspace/7u-2-build-linux-amd64/jdk7u79/2331/hotspot/src/share/vm/prims/jni.cpp:717
Event: 5218.521 Thread 0x00007ff784ac9800 Threw 0x00000007d84d6f70 at /HUDSON/workspace/7u-2-build-linux-amd64/jdk7u79/2331/hotspot/src/share/vm/prims/jni.cpp:717
Event: 5223.708 Thread 0x00007ff784ac9800 Threw 0x00000007d850c278 at /HUDSON/workspace/7u-2-build-linux-amd64/jdk7u79/2331/hotspot/src/share/vm/prims/jni.cpp:717
Event: 5224.849 Thread 0x00007ff784ac9800 Threw 0x00000007d8522660 at /HUDSON/workspace/7u-2-build-linux-amd64/jdk7u79/2331/hotspot/src/share/vm/prims/jni.cpp:717
Event: 5227.880 Thread 0x00007ff784ac9800 Threw 0x00000007d8539c28 at /HUDSON/workspace/7u-2-build-linux-amd64/jdk7u79/2331/hotspot/src/share/vm/prims/jni.cpp:717
Event: 5228.563 Thread 0x00007ff784ac9800 Threw 0x00000007d854ffd0 at /HUDSON/workspace/7u-2-build-linux-amd64/jdk7u79/2331/hotspot/src/share/vm/prims/jni.cpp:717
Event: 5229.329 Thread 0x00007ff784ac9800 Threw 0x00000007d85664a8 at /HUDSON/workspace/7u-2-build-linux-amd64/jdk7u79/2331/hotspot/src/share/vm/prims/jni.cpp:717
Event: 5230.071 Thread 0x00007ff784ac9800 Threw 0x00000007d857eba8 at /HUDSON/workspace/7u-2-build-linux-amd64/jdk7u79/2331/hotspot/src/share/vm/prims/jni.cpp:717
Event: 5232.127 Thread 0x00007ff784ac9800 Threw 0x00000007d85974f8 at /HUDSON/workspace/7u-2-build-linux-amd64/jdk7u79/2331/hotspot/src/share/vm/prims/jni.cpp:717
Event: 5232.802 Thread 0x00007ff784ac9800 Threw 0x00000007d85ad900 at /HUDSON/workspace/7u-2-build-linux-amd64/jdk7u79/2331/hotspot/src/share/vm/prims/jni.cpp:717

Events (10 events):
Event: 5102.495 Executing VM operation: RevokeBias done
Event: 5102.495 Executing VM operation: RevokeBias
Event: 5102.495 Executing VM operation: RevokeBias done
Event: 5162.495 Executing VM operation: RevokeBias
Event: 5162.495 Executing VM operation: RevokeBias done
Event: 5162.495 Thread 0x00007ff730001000 Thread exited: 0x00007ff730001000
Event: 5179.722 Executing VM operation: RevokeBias
Event: 5179.722 Executing VM operation: RevokeBias done
Event: 5236.732 Executing VM operation: RevokeBias
Event: 5236.732 Executing VM operation: RevokeBias done


Dynamic libraries:
00400000-00401000 r-xp 00000000 08:01 18483539                           /opt/jdk1.7.0_79/bin/java
00600000-00601000 rw-p 00000000 08:01 18483539                           /opt/jdk1.7.0_79/bin/java
0102e000-010d3000 rw-p 00000000 00:00 0                                  [heap]
77f800000-780d00000 rw-p 00000000 00:00 0 
780d00000-784a00000 rw-p 00000000 00:00 0 
784a00000-789c00000 rw-p 00000000 00:00 0 
789c00000-7d6e00000 rw-p 00000000 00:00 0 
7d6e00000-7d9f80000 rw-p 00000000 00:00 0 
7d9f80000-7da000000 ---p 00000000 00:00 0 
7da000000-800000000 rw-p 00000000 00:00 0 
7ff6fc000000-7ff6fc11d000 rw-p 00000000 00:00 0 
7ff6fc11d000-7ff700000000 ---p 00000000 00:00 0 
7ff703cfd000-7ff703d00000 ---p 00000000 00:00 0 
7ff703d00000-7ff703dfe000 rw-p 00000000 00:00 0 
7ff703dfe000-7ff703e01000 ---p 00000000 00:00 0 
7ff703e01000-7ff703eff000 rw-p 00000000 00:00 0 
7ff703eff000-7ff703f02000 ---p 00000000 00:00 0 
7ff703f02000-7ff704000000 rw-p 00000000 00:00 0 
7ff704000000-7ff70424f000 rw-p 00000000 00:00 0 
7ff70424f000-7ff708000000 ---p 00000000 00:00 0 
7ff708000000-7ff708021000 rw-p 00000000 00:00 0 
7ff708021000-7ff70c000000 ---p 00000000 00:00 0 
7ff70c000000-7ff70c021000 rw-p 00000000 00:00 0 
7ff70c021000-7ff710000000 ---p 00000000 00:00 0 
7ff710000000-7ff710021000 rw-p 00000000 00:00 0 
7ff710021000-7ff714000000 ---p 00000000 00:00 0 
7ff714000000-7ff714021000 rw-p 00000000 00:00 0 
7ff714021000-7ff718000000 ---p 00000000 00:00 0 
7ff718000000-7ff718021000 rw-p 00000000 00:00 0 
7ff718021000-7ff71c000000 ---p 00000000 00:00 0 
7ff71c000000-7ff71c021000 rw-p 00000000 00:00 0 
7ff71c021000-7ff720000000 ---p 00000000 00:00 0 
7ff720000000-7ff720254000 rw-p 00000000 00:00 0 
7ff720254000-7ff724000000 ---p 00000000 00:00 0 
7ff724000000-7ff724021000 rw-p 00000000 00:00 0 
7ff724021000-7ff728000000 ---p 00000000 00:00 0 
7ff728000000-7ff728021000 rw-p 00000000 00:00 0 
7ff728021000-7ff72c000000 ---p 00000000 00:00 0 
7ff72c000000-7ff72c021000 rw-p 00000000 00:00 0 
7ff72c021000-7ff730000000 ---p 00000000 00:00 0 
7ff730000000-7ff730021000 rw-p 00000000 00:00 0 
7ff730021000-7ff734000000 ---p 00000000 00:00 0 
7ff734000000-7ff734087000 rw-p 00000000 00:00 0 
7ff734087000-7ff738000000 ---p 00000000 00:00 0 
7ff738000000-7ff738021000 rw-p 00000000 00:00 0 
7ff738021000-7ff73c000000 ---p 00000000 00:00 0 
7ff73c000000-7ff73c08b000 rw-p 00000000 00:00 0 
7ff73c08b000-7ff740000000 ---p 00000000 00:00 0 
7ff740000000-7ff740090000 rw-p 00000000 00:00 0 
7ff740090000-7ff744000000 ---p 00000000 00:00 0 
7ff744000000-7ff744021000 rw-p 00000000 00:00 0 
7ff744021000-7ff748000000 ---p 00000000 00:00 0 
7ff748000000-7ff748021000 rw-p 00000000 00:00 0 
7ff748021000-7ff74c000000 ---p 00000000 00:00 0 
7ff74c000000-7ff74c912000 rw-p 00000000 00:00 0 
7ff74c912000-7ff750000000 ---p 00000000 00:00 0 
7ff750000000-7ff750021000 rw-p 00000000 00:00 0 
7ff750021000-7ff754000000 ---p 00000000 00:00 0 
7ff754000000-7ff754021000 rw-p 00000000 00:00 0 
7ff754021000-7ff758000000 ---p 00000000 00:00 0 
7ff758000000-7ff758dc9000 rw-p 00000000 00:00 0 
7ff758dc9000-7ff75c000000 ---p 00000000 00:00 0 
7ff75c000000-7ff75c021000 rw-p 00000000 00:00 0 
7ff75c021000-7ff760000000 ---p 00000000 00:00 0 
7ff760000000-7ff760021000 rw-p 00000000 00:00 0 
7ff760021000-7ff764000000 ---p 00000000 00:00 0 
7ff764000000-7ff764039000 rw-p 00000000 00:00 0 
7ff764039000-7ff768000000 ---p 00000000 00:00 0 
7ff768000000-7ff768021000 rw-p 00000000 00:00 0 
7ff768021000-7ff76c000000 ---p 00000000 00:00 0 
7ff76c0ae000-7ff76c0b1000 ---p 00000000 00:00 0 
7ff76c0b1000-7ff76c1af000 rw-p 00000000 00:00 0 
7ff76c1af000-7ff76c1b2000 ---p 00000000 00:00 0 
7ff76c1b2000-7ff76c2b0000 rw-p 00000000 00:00 0 
7ff76c2b0000-7ff76c2b3000 ---p 00000000 00:00 0 
7ff76c2b3000-7ff76c3b1000 rw-p 00000000 00:00 0 
7ff76c3b1000-7ff76c3b4000 ---p 00000000 00:00 0 
7ff76c3b4000-7ff76c4b2000 rw-p 00000000 00:00 0 
7ff76c4b2000-7ff76c4b5000 ---p 00000000 00:00 0 
7ff76c4b5000-7ff76c5b3000 rw-p 00000000 00:00 0 
7ff76c5b3000-7ff76c5b6000 ---p 00000000 00:00 0 
7ff76c5b6000-7ff76c6b4000 rw-p 00000000 00:00 0 
7ff76c6b4000-7ff76c6b7000 ---p 00000000 00:00 0 
7ff76c6b7000-7ff76c7b5000 rw-p 00000000 00:00 0 
7ff76c7b5000-7ff76c7b8000 ---p 00000000 00:00 0 
7ff76c7b8000-7ff76c8b6000 rw-p 00000000 00:00 0 
7ff76c8b6000-7ff76c8b9000 ---p 00000000 00:00 0 
7ff76c8b9000-7ff76c9b7000 rw-p 00000000 00:00 0 
7ff76c9b7000-7ff76c9ba000 ---p 00000000 00:00 0 
7ff76c9ba000-7ff76cab8000 rw-p 00000000 00:00 0 
7ff76cab8000-7ff76cabb000 ---p 00000000 00:00 0 
7ff76cabb000-7ff76cbb9000 rw-p 00000000 00:00 0 
7ff76cbb9000-7ff76cbbc000 ---p 00000000 00:00 0 
7ff76cbbc000-7ff76ccba000 rw-p 00000000 00:00 0 
7ff76ccba000-7ff76ccbd000 ---p 00000000 00:00 0 
7ff76ccbd000-7ff76cdbb000 rw-p 00000000 00:00 0 
7ff76cdbb000-7ff76cdbe000 ---p 00000000 00:00 0 
7ff76cdbe000-7ff76cebc000 rw-p 00000000 00:00 0 
7ff76cebc000-7ff76cebf000 ---p 00000000 00:00 0 
7ff76cebf000-7ff76cfbd000 rw-p 00000000 00:00 0 
7ff76cfbd000-7ff76cfc0000 ---p 00000000 00:00 0 
7ff76cfc0000-7ff76d0be000 rw-p 00000000 00:00 0 
7ff76d0be000-7ff76d0c1000 ---p 00000000 00:00 0 
7ff76d0c1000-7ff76d1bf000 rw-p 00000000 00:00 0 
7ff76d1bf000-7ff76d1c2000 ---p 00000000 00:00 0 
7ff76d1c2000-7ff76d2c0000 rw-p 00000000 00:00 0 
7ff76d2c0000-7ff76d2c3000 ---p 00000000 00:00 0 
7ff76d2c3000-7ff76d3c1000 rw-p 00000000 00:00 0 
7ff76d3c1000-7ff76d3c4000 ---p 00000000 00:00 0 
7ff76d3c4000-7ff76d4c2000 rw-p 00000000 00:00 0 
7ff76d4c2000-7ff76d4c5000 ---p 00000000 00:00 0 
7ff76d4c5000-7ff76d5c3000 rw-p 00000000 00:00 0 
7ff76d5c3000-7ff76d5c6000 ---p 00000000 00:00 0 
7ff76d5c6000-7ff76d6c4000 rw-p 00000000 00:00 0 
7ff76d6c4000-7ff76d6c7000 ---p 00000000 00:00 0 
7ff76d6c7000-7ff76d7c5000 rw-p 00000000 00:00 0 
7ff76d7c5000-7ff76d7c8000 ---p 00000000 00:00 0 
7ff76d7c8000-7ff76d8c6000 rw-p 00000000 00:00 0 
7ff76d8c6000-7ff76d8c9000 ---p 00000000 00:00 0 
7ff76d8c9000-7ff76d9c7000 rw-p 00000000 00:00 0 
7ff76d9c7000-7ff76d9ca000 ---p 00000000 00:00 0 
7ff76d9ca000-7ff76dac8000 rw-p 00000000 00:00 0 
7ff76dac8000-7ff76dacb000 ---p 00000000 00:00 0 
7ff76dacb000-7ff76dbc9000 rw-p 00000000 00:00 0 
7ff76dbc9000-7ff76dbcc000 ---p 00000000 00:00 0 
7ff76dbcc000-7ff76dcca000 rw-p 00000000 00:00 0 
7ff76dcca000-7ff76dccd000 ---p 00000000 00:00 0 
7ff76dccd000-7ff76ddcb000 rw-p 00000000 00:00 0 
7ff76ddcb000-7ff76ddce000 ---p 00000000 00:00 0 
7ff76ddce000-7ff76decc000 rw-p 00000000 00:00 0 
7ff76decc000-7ff76decf000 ---p 00000000 00:00 0 
7ff76decf000-7ff76dfcd000 rw-p 00000000 00:00 0 
7ff76dfcd000-7ff76dfd0000 ---p 00000000 00:00 0 
7ff76dfd0000-7ff76e0ce000 rw-p 00000000 00:00 0 
7ff76e0ce000-7ff76e0d1000 ---p 00000000 00:00 0 
7ff76e0d1000-7ff76e1cf000 rw-p 00000000 00:00 0 
7ff76e1cf000-7ff76e1d2000 ---p 00000000 00:00 0 
7ff76e1d2000-7ff76e2d0000 rw-p 00000000 00:00 0 
7ff76e2d0000-7ff76e2d3000 ---p 00000000 00:00 0 
7ff76e2d3000-7ff76e3d1000 rw-p 00000000 00:00 0 
7ff76e3d1000-7ff76e3d4000 ---p 00000000 00:00 0 
7ff76e3d4000-7ff76e4d2000 rw-p 00000000 00:00 0 
7ff76e4d2000-7ff76e4d5000 ---p 00000000 00:00 0 
7ff76e4d5000-7ff76e5d3000 rw-p 00000000 00:00 0 
7ff76e5d3000-7ff76e6b5000 r-xp 00000000 08:01 42205248                   /tmp/sqlite-3.15.1-908a8bed-cc31-49a3-b18d-d9e57f3ebbcd-libsqlitejdbc.so
7ff76e6b5000-7ff76e8b4000 ---p 000e2000 08:01 42205248                   /tmp/sqlite-3.15.1-908a8bed-cc31-49a3-b18d-d9e57f3ebbcd-libsqlitejdbc.so
7ff76e8b4000-7ff76e8b9000 rw-p 000e1000 08:01 42205248                   /tmp/sqlite-3.15.1-908a8bed-cc31-49a3-b18d-d9e57f3ebbcd-libsqlitejdbc.so
7ff76e8b9000-7ff76ebba000 rw-p 00000000 00:00 0 
7ff76ebba000-7ff76ebd0000 r-xp 00000000 08:01 18481568                   /opt/jdk1.7.0_79/jre/lib/amd64/libnet.so
7ff76ebd0000-7ff76edd0000 ---p 00016000 08:01 18481568                   /opt/jdk1.7.0_79/jre/lib/amd64/libnet.so
7ff76edd0000-7ff76edd1000 rw-p 00016000 08:01 18481568                   /opt/jdk1.7.0_79/jre/lib/amd64/libnet.so
7ff76edd1000-7ff76ede1000 r-xp 00000000 08:01 18481534                   /opt/jdk1.7.0_79/jre/lib/amd64/libnio.so
7ff76ede1000-7ff76efe1000 ---p 00010000 08:01 18481534                   /opt/jdk1.7.0_79/jre/lib/amd64/libnio.so
7ff76efe1000-7ff76efe2000 rw-p 00010000 08:01 18481534                   /opt/jdk1.7.0_79/jre/lib/amd64/libnio.so
7ff76efe2000-7ff76f16b000 r--s 02cfb000 08:01 37360539                   /home/ubuntu/graduate_project/ConsoleMainServerProgram/lib/com.sun.jar
7ff76f16b000-7ff76f16c000 ---p 00000000 00:00 0 
7ff76f16c000-7ff76f26c000 rw-p 00000000 00:00 0 
7ff76f26c000-7ff76f26f000 ---p 00000000 00:00 0 
7ff76f26f000-7ff76f36d000 rw-p 00000000 00:00 0 
7ff76f36d000-7ff76f370000 ---p 00000000 00:00 0 
7ff76f370000-7ff76f46e000 rw-p 00000000 00:00 0 
7ff76f46e000-7ff76f471000 ---p 00000000 00:00 0 
7ff76f471000-7ff76f56f000 rw-p 00000000 00:00 0 
7ff76f56f000-7ff76f572000 ---p 00000000 00:00 0 
7ff76f572000-7ff76f670000 rw-p 00000000 00:00 0 
7ff76f670000-7ff76fafb000 r--p 00000000 08:01 58730663                   /usr/lib/locale/locale-archive
7ff76fafb000-7ff76fafe000 ---p 00000000 00:00 0 
7ff76fafe000-7ff76fbfc000 rw-p 00000000 00:00 0 
7ff76fbfc000-7ff76fbff000 ---p 00000000 00:00 0 
7ff76fbff000-7ff76fcfd000 rw-p 00000000 00:00 0 
7ff76fcfd000-7ff76fcfe000 ---p 00000000 00:00 0 
7ff76fcfe000-7ff770000000 rw-p 00000000 00:00 0 
7ff770000000-7ff770021000 rw-p 00000000 00:00 0 
7ff770021000-7ff774000000 ---p 00000000 00:00 0 
7ff774000000-7ff774021000 rw-p 00000000 00:00 0 
7ff774021000-7ff778000000 ---p 00000000 00:00 0 
7ff778000000-7ff778021000 rw-p 00000000 00:00 0 
7ff778021000-7ff77c000000 ---p 00000000 00:00 0 
7ff77c078000-7ff77c07b000 ---p 00000000 00:00 0 
7ff77c07b000-7ff77ce00000 rw-p 00000000 00:00 0 
7ff77ce00000-7ff77cfc0000 r--s 039f7000 08:01 18482216                   /opt/jdk1.7.0_79/jre/lib/rt.jar
7ff77cfc0000-7ff781000000 rw-p 00000000 00:00 0 
7ff781000000-7ff781270000 rwxp 00000000 00:00 0 
7ff781270000-7ff784b95000 rw-p 00000000 00:00 0 
7ff784b95000-7ff788000000 ---p 00000000 00:00 0 
7ff788005000-7ff788009000 r--s 0008b000 08:01 18482160                   /opt/jdk1.7.0_79/jre/lib/jsse.jar
7ff788009000-7ff78800b000 r--s 00008000 08:01 37360542                   /home/ubuntu/graduate_project/ConsoleMainServerProgram/lib/commons-logging.jar
7ff78800b000-7ff78800e000 r--s 00428000 08:01 37360537                   /home/ubuntu/graduate_project/ConsoleMainServerProgram/lib/sqlite-jdbc-3.15.1.jar
7ff78800e000-7ff78802b000 r--s 00196000 08:01 37360541                   /home/ubuntu/graduate_project/ConsoleMainServerProgram/lib/netty-all-4.0.23.Final.jar
7ff78802b000-7ff788641000 rw-p 00000000 00:00 0 
7ff788641000-7ff788642000 ---p 00000000 00:00 0 
7ff788642000-7ff788742000 rw-p 00000000 00:00 0 
7ff788742000-7ff788743000 ---p 00000000 00:00 0 
7ff788743000-7ff788843000 rw-p 00000000 00:00 0 
7ff788843000-7ff788844000 ---p 00000000 00:00 0 
7ff788844000-7ff788944000 rw-p 00000000 00:00 0 
7ff788944000-7ff788945000 ---p 00000000 00:00 0 
7ff788945000-7ff788a50000 rw-p 00000000 00:00 0 
7ff788a50000-7ff788a6e000 rw-p 00000000 00:00 0 
7ff788a6e000-7ff788a97000 rw-p 00000000 00:00 0 
7ff788a97000-7ff788d00000 rw-p 00000000 00:00 0 
7ff788d00000-7ff788d0b000 rw-p 00000000 00:00 0 
7ff788d0b000-7ff788d29000 rw-p 00000000 00:00 0 
7ff788d29000-7ff788d52000 rw-p 00000000 00:00 0 
7ff788d52000-7ff788fbb000 rw-p 00000000 00:00 0 
7ff788fbb000-7ff788fd4000 rw-p 00000000 00:00 0 
7ff788fd4000-7ff789104000 rw-p 00000000 00:00 0 
7ff789104000-7ff789105000 rw-p 00000000 00:00 0 
7ff789105000-7ff78911f000 r-xp 00000000 08:01 18481563                   /opt/jdk1.7.0_79/jre/lib/amd64/libzip.so
7ff78911f000-7ff78931f000 ---p 0001a000 08:01 18481563                   /opt/jdk1.7.0_79/jre/lib/amd64/libzip.so
7ff78931f000-7ff789320000 rw-p 0001a000 08:01 18481563                   /opt/jdk1.7.0_79/jre/lib/amd64/libzip.so
7ff789320000-7ff78932b000 r-xp 00000000 08:01 58458354                   /lib/x86_64-linux-gnu/libnss_files-2.23.so
7ff78932b000-7ff78952a000 ---p 0000b000 08:01 58458354                   /lib/x86_64-linux-gnu/libnss_files-2.23.so
7ff78952a000-7ff78952b000 r--p 0000a000 08:01 58458354                   /lib/x86_64-linux-gnu/libnss_files-2.23.so
7ff78952b000-7ff78952c000 rw-p 0000b000 08:01 58458354                   /lib/x86_64-linux-gnu/libnss_files-2.23.so
7ff78952c000-7ff789532000 rw-p 00000000 00:00 0 
7ff789532000-7ff78953d000 r-xp 00000000 08:01 58458360                   /lib/x86_64-linux-gnu/libnss_nis-2.23.so
7ff78953d000-7ff78973c000 ---p 0000b000 08:01 58458360                   /lib/x86_64-linux-gnu/libnss_nis-2.23.so
7ff78973c000-7ff78973d000 r--p 0000a000 08:01 58458360                   /lib/x86_64-linux-gnu/libnss_nis-2.23.so
7ff78973d000-7ff78973e000 rw-p 0000b000 08:01 58458360                   /lib/x86_64-linux-gnu/libnss_nis-2.23.so
7ff78973e000-7ff789754000 r-xp 00000000 08:01 58458346                   /lib/x86_64-linux-gnu/libnsl-2.23.so
7ff789754000-7ff789953000 ---p 00016000 08:01 58458346                   /lib/x86_64-linux-gnu/libnsl-2.23.so
7ff789953000-7ff789954000 r--p 00015000 08:01 58458346                   /lib/x86_64-linux-gnu/libnsl-2.23.so
7ff789954000-7ff789955000 rw-p 00016000 08:01 58458346                   /lib/x86_64-linux-gnu/libnsl-2.23.so
7ff789955000-7ff789957000 rw-p 00000000 00:00 0 
7ff789957000-7ff78995f000 r-xp 00000000 08:01 58458372                   /lib/x86_64-linux-gnu/libnss_compat-2.23.so
7ff78995f000-7ff789b5e000 ---p 00008000 08:01 58458372                   /lib/x86_64-linux-gnu/libnss_compat-2.23.so
7ff789b5e000-7ff789b5f000 r--p 00007000 08:01 58458372                   /lib/x86_64-linux-gnu/libnss_compat-2.23.so
7ff789b5f000-7ff789b60000 rw-p 00008000 08:01 58458372                   /lib/x86_64-linux-gnu/libnss_compat-2.23.so
7ff789b60000-7ff789b89000 r-xp 00000000 08:01 18481529                   /opt/jdk1.7.0_79/jre/lib/amd64/libjava.so
7ff789b89000-7ff789d89000 ---p 00029000 08:01 18481529                   /opt/jdk1.7.0_79/jre/lib/amd64/libjava.so
7ff789d89000-7ff789d8b000 rw-p 00029000 08:01 18481529                   /opt/jdk1.7.0_79/jre/lib/amd64/libjava.so
7ff789d8b000-7ff789d98000 r-xp 00000000 08:01 18481556                   /opt/jdk1.7.0_79/jre/lib/amd64/libverify.so
7ff789d98000-7ff789f97000 ---p 0000d000 08:01 18481556                   /opt/jdk1.7.0_79/jre/lib/amd64/libverify.so
7ff789f97000-7ff789f99000 rw-p 0000c000 08:01 18481556                   /opt/jdk1.7.0_79/jre/lib/amd64/libverify.so
7ff789f99000-7ff789fa0000 r-xp 00000000 08:01 58458364                   /lib/x86_64-linux-gnu/librt-2.23.so
7ff789fa0000-7ff78a19f000 ---p 00007000 08:01 58458364                   /lib/x86_64-linux-gnu/librt-2.23.so
7ff78a19f000-7ff78a1a0000 r--p 00006000 08:01 58458364                   /lib/x86_64-linux-gnu/librt-2.23.so
7ff78a1a0000-7ff78a1a1000 rw-p 00007000 08:01 58458364                   /lib/x86_64-linux-gnu/librt-2.23.so
7ff78a1a1000-7ff78a2a9000 r-xp 00000000 08:01 58458382                   /lib/x86_64-linux-gnu/libm-2.23.so
7ff78a2a9000-7ff78a4a8000 ---p 00108000 08:01 58458382                   /lib/x86_64-linux-gnu/libm-2.23.so
7ff78a4a8000-7ff78a4a9000 r--p 00107000 08:01 58458382                   /lib/x86_64-linux-gnu/libm-2.23.so
7ff78a4a9000-7ff78a4aa000 rw-p 00108000 08:01 58458382                   /lib/x86_64-linux-gnu/libm-2.23.so
7ff78a4aa000-7ff78b01f000 r-xp 00000000 08:01 18481583                   /opt/jdk1.7.0_79/jre/lib/amd64/server/libjvm.so
7ff78b01f000-7ff78b21f000 ---p 00b75000 08:01 18481583                   /opt/jdk1.7.0_79/jre/lib/amd64/server/libjvm.so
7ff78b21f000-7ff78b2e3000 rw-p 00b75000 08:01 18481583                   /opt/jdk1.7.0_79/jre/lib/amd64/server/libjvm.so
7ff78b2e3000-7ff78b324000 rw-p 00000000 00:00 0 
7ff78b324000-7ff78b4e4000 r-xp 00000000 08:01 58458389                   /lib/x86_64-linux-gnu/libc-2.23.so
7ff78b4e4000-7ff78b6e4000 ---p 001c0000 08:01 58458389                   /lib/x86_64-linux-gnu/libc-2.23.so
7ff78b6e4000-7ff78b6e8000 r--p 001c0000 08:01 58458389                   /lib/x86_64-linux-gnu/libc-2.23.so
7ff78b6e8000-7ff78b6ea000 rw-p 001c4000 08:01 58458389                   /lib/x86_64-linux-gnu/libc-2.23.so
7ff78b6ea000-7ff78b6ee000 rw-p 00000000 00:00 0 
7ff78b6ee000-7ff78b6f1000 r-xp 00000000 08:01 58458370                   /lib/x86_64-linux-gnu/libdl-2.23.so
7ff78b6f1000-7ff78b8f0000 ---p 00003000 08:01 58458370                   /lib/x86_64-linux-gnu/libdl-2.23.so
7ff78b8f0000-7ff78b8f1000 r--p 00002000 08:01 58458370                   /lib/x86_64-linux-gnu/libdl-2.23.so
7ff78b8f1000-7ff78b8f2000 rw-p 00003000 08:01 58458370                   /lib/x86_64-linux-gnu/libdl-2.23.so
7ff78b8f2000-7ff78b908000 r-xp 00000000 08:01 18482260                   /opt/jdk1.7.0_79/lib/amd64/jli/libjli.so
7ff78b908000-7ff78bb08000 ---p 00016000 08:01 18482260                   /opt/jdk1.7.0_79/lib/amd64/jli/libjli.so
7ff78bb08000-7ff78bb09000 rw-p 00016000 08:01 18482260                   /opt/jdk1.7.0_79/lib/amd64/jli/libjli.so
7ff78bb09000-7ff78bb21000 r-xp 00000000 08:01 58458358                   /lib/x86_64-linux-gnu/libpthread-2.23.so
7ff78bb21000-7ff78bd20000 ---p 00018000 08:01 58458358                   /lib/x86_64-linux-gnu/libpthread-2.23.so
7ff78bd20000-7ff78bd21000 r--p 00017000 08:01 58458358                   /lib/x86_64-linux-gnu/libpthread-2.23.so
7ff78bd21000-7ff78bd22000 rw-p 00018000 08:01 58458358                   /lib/x86_64-linux-gnu/libpthread-2.23.so
7ff78bd22000-7ff78bd26000 rw-p 00000000 00:00 0 
7ff78bd26000-7ff78bd4c000 r-xp 00000000 08:01 58458348                   /lib/x86_64-linux-gnu/ld-2.23.so
7ff78bd4d000-7ff78bd54000 r--s 00067000 08:01 37360535                   /home/ubuntu/graduate_project/ConsoleMainServerProgram/lib/quartz-1.6.5.jar
7ff78bd54000-7ff78bd56000 r--s 00016000 08:01 37360543                   /home/ubuntu/graduate_project/ConsoleMainServerProgram/lib/json.jar
7ff78bd56000-7ff78bd67000 r--s 0016f000 08:01 37360540                   /home/ubuntu/graduate_project/ConsoleMainServerProgram/lib/jfreechart-1.0.19.jar
7ff78bd67000-7ff78bd71000 rw-p 00000000 00:00 0 
7ff78bd71000-7ff78be27000 rw-p 00000000 00:00 0 
7ff78be27000-7ff78be2a000 ---p 00000000 00:00 0 
7ff78be2a000-7ff78bf2c000 rw-p 00000000 00:00 0 
7ff78bf2c000-7ff78bf32000 r--s 0004b000 08:01 37360534                   /home/ubuntu/graduate_project/ConsoleMainServerProgram/lib/jcommon-1.0.23.jar
7ff78bf32000-7ff78bf35000 r--s 00014000 08:01 37360536                   /home/ubuntu/graduate_project/ConsoleMainServerProgram/lib/commons-net-ftp-2.0.jar
7ff78bf35000-7ff78bf3f000 r--s 00253000 08:01 18481611                   /opt/jdk1.7.0_79/jre/lib/resources.jar
7ff78bf3f000-7ff78bf47000 rw-s 00000000 08:01 42336290                   /tmp/hsperfdata_ubuntu/3859
7ff78bf47000-7ff78bf48000 rw-p 00000000 00:00 0 
7ff78bf48000-7ff78bf49000 r--p 00000000 00:00 0 
7ff78bf49000-7ff78bf4b000 rw-p 00000000 00:00 0 
7ff78bf4b000-7ff78bf4c000 r--p 00025000 08:01 58458348                   /lib/x86_64-linux-gnu/ld-2.23.so
7ff78bf4c000-7ff78bf4d000 rw-p 00026000 08:01 58458348                   /lib/x86_64-linux-gnu/ld-2.23.so
7ff78bf4d000-7ff78bf4e000 rw-p 00000000 00:00 0 
7ffd98670000-7ffd98691000 rw-p 00000000 00:00 0                          [stack]
7ffd987a2000-7ffd987a4000 r--p 00000000 00:00 0                          [vvar]
7ffd987a4000-7ffd987a6000 r-xp 00000000 00:00 0                          [vdso]
ffffffffff600000-ffffffffff601000 r-xp 00000000 00:00 0                  [vsyscall]

VM Arguments:
jvm_args: -Dfile.encoding=UTF-8 
java_command: com.hit.heat.cn.Main
Launcher Type: SUN_STANDARD

Environment Variables:
JAVA_HOME=/opt/jdk1.8.0_102
CLASSPATH=.:/opt/jdk1.8.0_102/lib/dt.jar:/opt/jdk1.8.0_102/lib/tools.jar:
PATH=/opt/jdk1.8.0_102/bin:/usr/local/sbin:/usr/local/bin:/usr/sbin:/usr/bin:/sbin:/bin:/usr/games:/usr/local/games:/snap/bin
SHELL=/bin/bash
DISPLAY=:0

Signal Handlers:
SIGSEGV: [libjvm.so+0x9a3bf0], sa_mask[0]=0x7ffbfeff, sa_flags=0x10000004
SIGBUS: [libjvm.so+0x9a3bf0], sa_mask[0]=0x7ffbfeff, sa_flags=0x10000004
SIGFPE: [libjvm.so+0x81cb60], sa_mask[0]=0x7ffbfeff, sa_flags=0x10000004
SIGPIPE: [libjvm.so+0x81cb60], sa_mask[0]=0x7ffbfeff, sa_flags=0x10000004
SIGXFSZ: [libjvm.so+0x81cb60], sa_mask[0]=0x7ffbfeff, sa_flags=0x10000004
SIGILL: [libjvm.so+0x81cb60], sa_mask[0]=0x7ffbfeff, sa_flags=0x10000004
SIGUSR1: SIG_DFL, sa_mask[0]=0x00000000, sa_flags=0x00000000
SIGUSR2: [libjvm.so+0x81e360], sa_mask[0]=0x00000004, sa_flags=0x10000004
SIGHUP: [libjvm.so+0x81f480], sa_mask[0]=0x7ffbfeff, sa_flags=0x10000004
SIGINT: [libjvm.so+0x81f480], sa_mask[0]=0x7ffbfeff, sa_flags=0x10000004
SIGTERM: [libjvm.so+0x81f480], sa_mask[0]=0x7ffbfeff, sa_flags=0x10000004
SIGQUIT: [libjvm.so+0x81f480], sa_mask[0]=0x7ffbfeff, sa_flags=0x10000004


---------------  S Y S T E M  ---------------

OS:stretch/sid

uname:Linux 4.4.0-97-generic #120-Ubuntu SMP Tue Sep 19 17:28:18 UTC 2017 x86_64
libc:glibc 2.23 NPTL 2.23 
rlimit: STACK 8192k, CORE 0k, NPROC 31428, NOFILE 65536, AS infinity
load average:0.07 0.23 0.25

/proc/meminfo:
MemTotal:        8085092 kB
MemFree:          207920 kB
MemAvailable:    2339824 kB
Buffers:          298112 kB
Cached:          1840464 kB
SwapCached:        84636 kB
Active:          4852480 kB
Inactive:        1670160 kB
Active(anon):    3958180 kB
Inactive(anon):  1294884 kB
Active(file):     894300 kB
Inactive(file):   375276 kB
Unevictable:          32 kB
Mlocked:              32 kB
SwapTotal:       8296444 kB
SwapFree:        7033932 kB
Dirty:               504 kB
Writeback:             0 kB
AnonPages:       4325276 kB
Mapped:           637068 kB
Shmem:            868984 kB
Slab:            1219728 kB
SReclaimable:    1167760 kB
SUnreclaim:        51968 kB
KernelStack:       12608 kB
PageTables:        63564 kB
NFS_Unstable:          0 kB
Bounce:                0 kB
WritebackTmp:          0 kB
CommitLimit:    12338988 kB
Committed_AS:   16053896 kB
VmallocTotal:   34359738367 kB
VmallocUsed:           0 kB
VmallocChunk:          0 kB
HardwareCorrupted:     0 kB
AnonHugePages:   2232320 kB
CmaTotal:              0 kB
CmaFree:               0 kB
HugePages_Total:       0
HugePages_Free:        0
HugePages_Rsvd:        0
HugePages_Surp:        0
Hugepagesize:       2048 kB
DirectMap4k:      248516 kB
DirectMap2M:     8050688 kB


CPU:total 4 (2 cores per cpu, 2 threads per core) family 6 model 42 stepping 7, cmov, cx8, fxsr, mmx, sse, sse2, sse3, ssse3, sse4.1, sse4.2, popcnt, avx, ht, tsc, tscinvbit

/proc/cpuinfo:
processor	: 0
vendor_id	: GenuineIntel
cpu family	: 6
model		: 42
model name	: Intel(R) Core(TM) i3-2100 CPU @ 3.10GHz
stepping	: 7
microcode	: 0x18
cpu MHz		: 1929.507
cache size	: 3072 KB
physical id	: 0
siblings	: 4
core id		: 0
cpu cores	: 2
apicid		: 0
initial apicid	: 0
fpu		: yes
fpu_exception	: yes
cpuid level	: 13
wp		: yes
flags		: fpu vme de pse tsc msr pae mce cx8 apic sep mtrr pge mca cmov pat pse36 clflush dts acpi mmx fxsr sse sse2 ss ht tm pbe syscall nx rdtscp lm constant_tsc arch_perfmon pebs bts rep_good nopl xtopology nonstop_tsc aperfmperf eagerfpu pni pclmulqdq dtes64 monitor ds_cpl vmx est tm2 ssse3 cx16 xtpr pdcm pcid sse4_1 sse4_2 popcnt tsc_deadline_timer xsave avx lahf_lm epb tpr_shadow vnmi flexpriority ept vpid xsaveopt dtherm arat pln pts
bugs		:
bogomips	: 6185.66
clflush size	: 64
cache_alignment	: 64
address sizes	: 36 bits physical, 48 bits virtual
power management:

processor	: 1
vendor_id	: GenuineIntel
cpu family	: 6
model		: 42
model name	: Intel(R) Core(TM) i3-2100 CPU @ 3.10GHz
stepping	: 7
microcode	: 0x18
cpu MHz		: 1889.062
cache size	: 3072 KB
physical id	: 0
siblings	: 4
core id		: 1
cpu cores	: 2
apicid		: 2
initial apicid	: 2
fpu		: yes
fpu_exception	: yes
cpuid level	: 13
wp		: yes
flags		: fpu vme de pse tsc msr pae mce cx8 apic sep mtrr pge mca cmov pat pse36 clflush dts acpi mmx fxsr sse sse2 ss ht tm pbe syscall nx rdtscp lm constant_tsc arch_perfmon pebs bts rep_good nopl xtopology nonstop_tsc aperfmperf eagerfpu pni pclmulqdq dtes64 monitor ds_cpl vmx est tm2 ssse3 cx16 xtpr pdcm pcid sse4_1 sse4_2 popcnt tsc_deadline_timer xsave avx lahf_lm epb tpr_shadow vnmi flexpriority ept vpid xsaveopt dtherm arat pln pts
bugs		:
bogomips	: 6185.66
clflush size	: 64
cache_alignment	: 64
address sizes	: 36 bits physical, 48 bits virtual
power management:

processor	: 2
vendor_id	: GenuineIntel
cpu family	: 6
model		: 42
model name	: Intel(R) Core(TM) i3-2100 CPU @ 3.10GHz
stepping	: 7
microcode	: 0x18
cpu MHz		: 2084.386
cache size	: 3072 KB
physical id	: 0
siblings	: 4
core id		: 0
cpu cores	: 2
apicid		: 1
initial apicid	: 1
fpu		: yes
fpu_exception	: yes
cpuid level	: 13
wp		: yes
flags		: fpu vme de pse tsc msr pae mce cx8 apic sep mtrr pge mca cmov pat pse36 clflush dts acpi mmx fxsr sse sse2 ss ht tm pbe syscall nx rdtscp lm constant_tsc arch_perfmon pebs bts rep_good nopl xtopology nonstop_tsc aperfmperf eagerfpu pni pclmulqdq dtes64 monitor ds_cpl vmx est tm2 ssse3 cx16 xtpr pdcm pcid sse4_1 sse4_2 popcnt tsc_deadline_timer xsave avx lahf_lm epb tpr_shadow vnmi flexpriority ept vpid xsaveopt dtherm arat pln pts
bugs		:
bogomips	: 6185.66
clflush size	: 64
cache_alignment	: 64
address sizes	: 36 bits physical, 48 bits virtual
power management:

processor	: 3
vendor_id	: GenuineIntel
cpu family	: 6
model		: 42
model name	: Intel(R) Core(TM) i3-2100 CPU @ 3.10GHz
stepping	: 7
microcode	: 0x18
cpu MHz		: 1941.617
cache size	: 3072 KB
physical id	: 0
siblings	: 4
core id		: 1
cpu cores	: 2
apicid		: 3
initial apicid	: 3
fpu		: yes
fpu_exception	: yes
cpuid level	: 13
wp		: yes
flags		: fpu vme de pse tsc msr pae mce cx8 apic sep mtrr pge mca cmov pat pse36 clflush dts acpi mmx fxsr sse sse2 ss ht tm pbe syscall nx rdtscp lm constant_tsc arch_perfmon pebs bts rep_good nopl xtopology nonstop_tsc aperfmperf eagerfpu pni pclmulqdq dtes64 monitor ds_cpl vmx est tm2 ssse3 cx16 xtpr pdcm pcid sse4_1 sse4_2 popcnt tsc_deadline_timer xsave avx lahf_lm epb tpr_shadow vnmi flexpriority ept vpid xsaveopt dtherm arat pln pts
bugs		:
bogomips	: 6185.66
clflush size	: 64
cache_alignment	: 64
address sizes	: 36 bits physical, 48 bits virtual
power management:



Memory: 4k page, physical 8085092k(207920k free), swap 8296444k(7033932k free)

vm_info: Java HotSpot(TM) 64-Bit Server VM (24.79-b02) for linux-amd64 JRE (1.7.0_79-b15), built on Apr 10 2015 11:34:48 by "java_re" with gcc 4.3.0 20080428 (Red Hat 4.3.0-8)

time: Tue Dec 12 23:41:33 2017
elapsed time: 5237 seconds

