#
# A fatal error has been detected by the Java Runtime Environment:
#
#  SIGSEGV (0xb) at pc=0x00007f605b62aee0, pid=12775, tid=140051824174848
#
# JRE version: Java(TM) SE Runtime Environment (7.0_79-b15) (build 1.7.0_79-b15)
# Java VM: Java HotSpot(TM) 64-Bit Server VM (24.79-b02 mixed mode linux-amd64 compressed oops)
# Problematic frame:
# C  [sqlite-3.15.1-08ec11fd-802c-46ff-9070-6a341a0edc77-libsqlitejdbc.so+0x79ee0]  Java_org_sqlite_core_NativeDB_shared_1cache+0x6d5f0
#
# Failed to write core dump. Core dumps have been disabled. To enable core dumping, try "ulimit -c unlimited" before starting Java again
#
# If you would like to submit a bug report, please visit:
#   http://bugreport.java.com/bugreport/crash.jsp
# The crash happened outside the Java Virtual Machine in native code.
# See problematic frame for where to report the bug.
#

---------------  T H R E A D  ---------------

Current thread (0x00007f60741b9000):  JavaThread "Timer-2" [_thread_in_native, id=12800, stack(0x00007f605b2ae000,0x00007f605b3af000)]

siginfo:si_signo=SIGSEGV: si_errno=0, si_code=1 (SEGV_MAPERR), si_addr=0x0000000000000018

Registers:
RAX=0x00007f6030016dd8, RBX=0x0000000000000000, RCX=0x00007f60741b9990, RDX=0x00007f6030016dd8
RSP=0x00007f605b3ad520, RBP=0x00007f6030016dd8, RSI=0x00007f605b3ad5d8, RDI=0x00007f6030016dd8
R8 =0x00007f607c338320, R9 =0x0000000000000000, R10=0x00007f6071013766, R11=0x00007f607bda2ac0
R12=0x0000000000000000, R13=0x000000077faec0a8, R14=0x00007f605b3ad5d8, R15=0x00007f60741b9000
RIP=0x00007f605b62aee0, EFLAGS=0x0000000000010206, CSGSFS=0x0000000000000033, ERR=0x0000000000000004
  TRAPNO=0x000000000000000e

Top of Stack: (sp=0x00007f605b3ad520)
0x00007f605b3ad520:   000000077faec0a8 00007f605b3ad5a8
0x00007f605b3ad530:   0000000000000000 00007f6071013792
0x00007f605b3ad540:   00007f605b3ad5a8 00007f607101354e
0x00007f605b3ad550:   00007f607101350c 0000000000000003
0x00007f605b3ad560:   00000007d7772630 00007f605b3ad558
0x00007f605b3ad570:   000000077faec0a8 00007f605b3ad5d8
0x00007f605b3ad580:   000000077fc0d930 0000000000000000
0x00007f605b3ad590:   000000077faec0a8 0000000000000000
0x00007f605b3ad5a0:   00007f605b3ad5c8 00007f605b3ad620
0x00007f605b3ad5b0:   00007f60710061d4 0000000000000000
0x00007f605b3ad5c0:   00007f607100ecd6 00007f6030016dd8
0x00007f605b3ad5d0:   00007f6030016dd8 00000007d7772630
0x00007f605b3ad5e0:   00007f605b3ad5e0 000000077fc7c221
0x00007f605b3ad5f0:   00007f605b3ad630 000000077fc9b168
0x00007f605b3ad600:   0000000780192868 000000077fc7c268
0x00007f605b3ad610:   00007f605b3ad5c8 00007f605b3ad630
0x00007f605b3ad620:   00007f605b3ad678 00007f6071006058
0x00007f605b3ad630:   00000007d77731a8 00007f605b3ad638
0x00007f605b3ad640:   000000077fc8940e 00007f605b3ad698
0x00007f605b3ad650:   000000077fc9dab0 0000000780195648
0x00007f605b3ad660:   000000077fc89470 00007f605b3ad630
0x00007f605b3ad670:   00007f605b3ad6a0 00000007d7773148
0x00007f605b3ad680:   00007f6071113d60 0000000000000000
0x00007f605b3ad690:   0000000000000000 00000007d77731a8
0x00007f605b3ad6a0:   000000077fc7a460 0000000000000000
0x00007f605b3ad6b0:   00007f605b3ad6e0 00007f605b3ad728
0x00007f605b3ad6c0:   00007f605b3ad728 00007f6071006058
0x00007f605b3ad6d0:   0000000000000000 00007f6071006058
0x00007f605b3ad6e0:   00000007d7773148 00007f605b3ad6e8
0x00007f605b3ad6f0:   000000077fc774e9 00007f605b3ad740
0x00007f605b3ad700:   000000077fc9a908 0000000000000000
0x00007f605b3ad710:   000000077fc77528 00007f605b3ad6e0 

Instructions: (pc=0x00007f605b62aee0)
0x00007f605b62aec0:   48 89 5c 24 e8 48 89 6c 24 f0 31 db 4c 89 64 24
0x00007f605b62aed0:   f8 48 83 ec 18 48 85 ff 48 89 fd 74 4a 4c 8b 27
0x00007f605b62aee0:   49 8b 7c 24 18 e8 b6 37 f9 ff 48 83 bd b0 00 00
0x00007f605b62aef0:   00 00 7e 0b 48 89 ee 4c 89 e7 e8 11 8a f9 ff 48 

Register to memory mapping:

RAX=0x00007f6030016dd8 is an unknown value
RBX=0x0000000000000000 is an unknown value
RCX=0x00007f60741b9990 is an unknown value
RDX=0x00007f6030016dd8 is an unknown value
RSP=0x00007f605b3ad520 is pointing into the stack for thread: 0x00007f60741b9000
RBP=0x00007f6030016dd8 is an unknown value
RSI=0x00007f605b3ad5d8 is pointing into the stack for thread: 0x00007f60741b9000
RDI=0x00007f6030016dd8 is an unknown value
R8 =0x00007f607c338320: <offset 0xe4b320> in /opt/jdk1.7.0_79/jre/lib/amd64/server/libjvm.so at 0x00007f607b4ed000
R9 =0x0000000000000000 is an unknown value
R10=0x00007f6071013766 is at code_begin+998 in an Interpreter codelet
method entry point (kind = native_synchronized)  [0x00007f6071013380, 0x00007f6071013d60]  2528 bytes
R11=0x00007f607bda2ac0: <offset 0x8b5ac0> in /opt/jdk1.7.0_79/jre/lib/amd64/server/libjvm.so at 0x00007f607b4ed000
R12=0x0000000000000000 is an unknown value
R13=0x000000077faec0a8 is an oop
{method} 
 - klass: {other class}
R14=0x00007f605b3ad5d8 is pointing into the stack for thread: 0x00007f60741b9000
R15=0x00007f60741b9000 is a thread


Stack: [0x00007f605b2ae000,0x00007f605b3af000],  sp=0x00007f605b3ad520,  free space=1021k
Native frames: (J=compiled Java code, j=interpreted, Vv=VM code, C=native code)
C  [sqlite-3.15.1-08ec11fd-802c-46ff-9070-6a341a0edc77-libsqlitejdbc.so+0x79ee0]  Java_org_sqlite_core_NativeDB_shared_1cache+0x6d5f0

Java frames: (J=compiled Java code, j=interpreted, Vv=VM code)
j  org.sqlite.core.NativeDB.reset(J)I+0
j  org.sqlite.core.CoreResultSet.close()V+81
j  org.sqlite.jdbc4.JDBC4ResultSet.close()V+6
J 250 C2 org.sqlite.core.CoreStatement.internalClose()V (75 bytes) @ 0x00007f6071113d60 [0x00007f6071113bc0+0x1a0]
j  org.sqlite.jdbc3.JDBC3Statement.executeQuery(Ljava/lang/String;)Ljava/sql/ResultSet;+25
J 216 C2 com.hit.heat.data.SqlOperate.NetMonitor_count()I (49 bytes) @ 0x00007f607110ecb0 [0x00007f607110ec60+0x50]
j  com.hit.heat.cn.ConsoleMainServer.heartbeat()V+187
j  com.hit.heat.cn.ConsoleMainServer$9.run()V+4
J 322% C2 java.util.TimerThread.mainLoop()V (232 bytes) @ 0x00007f60711514b4 [0x00007f60711513e0+0xd4]
j  java.util.TimerThread.run()V+1
v  ~StubRoutines::call_stub

---------------  P R O C E S S  ---------------

Java Threads: ( => current thread )
  0x00007f5ff800d000 JavaThread "nioEventLoopGroup-10-8" [_thread_in_native, id=13082, stack(0x00007f6059a96000,0x00007f6059b97000)]
  0x00007f5ff800c000 JavaThread "nioEventLoopGroup-10-7" [_thread_in_native, id=13079, stack(0x00007f6059b97000,0x00007f6059c98000)]
  0x00007f5ff800b000 JavaThread "nioEventLoopGroup-10-6" [_thread_in_native, id=13016, stack(0x00007f6059c98000,0x00007f6059d99000)]
  0x00007f5ff8009800 JavaThread "nioEventLoopGroup-10-5" [_thread_in_native, id=12919, stack(0x00007f6059d99000,0x00007f6059e9a000)]
  0x00007f5ff8008000 JavaThread "nioEventLoopGroup-10-4" [_thread_in_native, id=12916, stack(0x00007f6059e9a000,0x00007f6059f9b000)]
  0x00007f5ff8006000 JavaThread "nioEventLoopGroup-10-3" [_thread_in_native, id=12893, stack(0x00007f6059f9b000,0x00007f605a09c000)]
  0x00007f5ff8005800 JavaThread "nioEventLoopGroup-10-2" [_thread_in_native, id=12867, stack(0x00007f605a09c000,0x00007f605a19d000)]
  0x00007f5ff8002000 JavaThread "nioEventLoopGroup-10-1" [_thread_in_native, id=12849, stack(0x00007f605a19d000,0x00007f605a29e000)]
  0x00007f607400a000 JavaThread "DestroyJavaVM" [_thread_blocked, id=12781, stack(0x00007f607ce6a000,0x00007f607cf6b000)]
  0x00007f6074bac000 JavaThread "nioEventLoopGroup-13-1" [_thread_in_native, id=12820, stack(0x00007f605a29e000,0x00007f605a39f000)]
  0x00007f6074ae1800 JavaThread "nioEventLoopGroup-12-1" [_thread_blocked, id=12819, stack(0x00007f605a39f000,0x00007f605a4a0000)]
  0x00007f607494f800 JavaThread "nioEventLoopGroup-11-1" [_thread_in_native, id=12818, stack(0x00007f605a4a0000,0x00007f605a5a1000)]
  0x00007f607494e800 JavaThread "nioEventLoopGroup-9-1" [_thread_in_native, id=12817, stack(0x00007f605a5a1000,0x00007f605a6a2000)]
  0x00007f6074813800 JavaThread "nioEventLoopGroup-6-1" [_thread_in_native, id=12815, stack(0x00007f605a6a2000,0x00007f605a7a3000)]
  0x00007f6074813000 JavaThread "nioEventLoopGroup-8-1" [_thread_in_native, id=12814, stack(0x00007f605a7a3000,0x00007f605a8a4000)]
  0x00007f6074811800 JavaThread "nioEventLoopGroup-7-1" [_thread_in_native, id=12813, stack(0x00007f605a8a4000,0x00007f605a9a5000)]
  0x00007f6074592000 JavaThread "Thread-12" [_thread_blocked, id=12811, stack(0x00007f605a9a5000,0x00007f605aaa6000)]
  0x00007f60744c8800 JavaThread "Thread-11" [_thread_blocked, id=12810, stack(0x00007f605aaa6000,0x00007f605aba7000)]
  0x00007f60743ff000 JavaThread "Thread-10" [_thread_blocked, id=12809, stack(0x00007f605aba7000,0x00007f605aca8000)]
  0x00007f6074259000 JavaThread "Thread-9" [_thread_blocked, id=12808, stack(0x00007f605aca8000,0x00007f605ada9000)]
  0x00007f60741e1800 JavaThread "Timer-7" [_thread_blocked, id=12805, stack(0x00007f605ada9000,0x00007f605aeaa000)]
  0x00007f60741df000 JavaThread "Timer-6" [_thread_blocked, id=12804, stack(0x00007f605aeaa000,0x00007f605afab000)]
  0x00007f60741dd000 JavaThread "Timer-5" [_thread_blocked, id=12803, stack(0x00007f605afab000,0x00007f605b0ac000)]
  0x00007f60741da800 JavaThread "Timer-4" [_thread_blocked, id=12802, stack(0x00007f605b0ac000,0x00007f605b1ad000)]
  0x00007f60741d9000 JavaThread "Timer-3" [_thread_blocked, id=12801, stack(0x00007f605b1ad000,0x00007f605b2ae000)]
=>0x00007f60741b9000 JavaThread "Timer-2" [_thread_in_native, id=12800, stack(0x00007f605b2ae000,0x00007f605b3af000)]
  0x00007f60741b7800 JavaThread "Timer-1" [_thread_blocked, id=12799, stack(0x00007f605b3af000,0x00007f605b4b0000)]
  0x00007f60741b6000 JavaThread "Timer-0" [_thread_blocked, id=12798, stack(0x00007f605b4b0000,0x00007f605b5b1000)]
  0x00007f60740a1000 JavaThread "Service Thread" daemon [_thread_blocked, id=12792, stack(0x00007f607036d000,0x00007f607046e000)]
  0x00007f607409f000 JavaThread "C2 CompilerThread1" daemon [_thread_blocked, id=12791, stack(0x00007f607046e000,0x00007f607056f000)]
  0x00007f607409c000 JavaThread "C2 CompilerThread0" daemon [_thread_blocked, id=12790, stack(0x00007f607056f000,0x00007f6070670000)]
  0x00007f6074099800 JavaThread "Signal Dispatcher" daemon [_thread_blocked, id=12789, stack(0x00007f6070670000,0x00007f6070771000)]
  0x00007f6074070000 JavaThread "Finalizer" daemon [_thread_blocked, id=12788, stack(0x00007f6070bfc000,0x00007f6070cfd000)]
  0x00007f607406e000 JavaThread "Reference Handler" daemon [_thread_blocked, id=12787, stack(0x00007f6070cfd000,0x00007f6070dfe000)]

Other Threads:
  0x00007f6074069800 VMThread [stack: 0x00007f6070dfe000,0x00007f6070eff000] [id=12786]
  0x00007f60740ac000 WatcherThread [stack: 0x00007f607026c000,0x00007f607036d000] [id=12793]

VM state:not at safepoint (normal execution)

VM Mutex/Monitor currently owned by a thread: None

Heap
 PSYoungGen      total 25088K, used 9806K [0x00000007d6e00000, 0x00000007d8800000, 0x0000000800000000)
  eden space 23552K, 41% used [0x00000007d6e00000,0x00000007d77739b8,0x00000007d8500000)
  from space 1536K, 8% used [0x00000007d8500000,0x00000007d8520000,0x00000007d8680000)
  to   space 1536K, 0% used [0x00000007d8680000,0x00000007d8680000,0x00000007d8800000)
 ParOldGen       total 83968K, used 12680K [0x0000000784a00000, 0x0000000789c00000, 0x00000007d6e00000)
  object space 83968K, 15% used [0x0000000784a00000,0x0000000785662038,0x0000000789c00000)
 PSPermGen       total 21504K, used 9884K [0x000000077f800000, 0x0000000780d00000, 0x0000000784a00000)
  object space 21504K, 45% used [0x000000077f800000,0x00000007801a7350,0x0000000780d00000)

Card table byte_map: [0x00007f6079d43000,0x00007f607a148000] byte_map_base: 0x00007f6076147000

Polling page: 0x00007f607cf8b000

Code Cache  [0x00007f6071000000, 0x00007f6071270000, 0x00007f6074000000)
 total_blobs=601 nmethods=319 adapters=235 free_code_cache=47815Kb largest_free_block=48893888

Compilation events (10 events):
Event: 106055.941 Thread 0x00007f607409f000 nmethod 330 0x00007f6071140590 code [0x00007f60711406c0, 0x00007f6071140738]
Event: 106055.941 Thread 0x00007f607409c000 nmethod 331 0x00007f6071115290 code [0x00007f60711153c0, 0x00007f6071115418]
Event: 106055.941 Thread 0x00007f607409c000  332             java.util.regex.Pattern::inRange (16 bytes)
Event: 106055.942 Thread 0x00007f607409c000 nmethod 332 0x00007f6071105610 code [0x00007f6071105740, 0x00007f6071105798]
Event: 107581.890 Thread 0x00007f607409f000  333             java.lang.AbstractStringBuilder::append (62 bytes)
Event: 107581.903 Thread 0x00007f607409f000 nmethod 333 0x00007f6071143790 code [0x00007f6071143900, 0x00007f6071143d88]
Event: 107850.451 Thread 0x00007f607409c000  334             java.lang.StringBuilder::append (8 bytes)
Event: 107850.451 Thread 0x00007f607409c000 nmethod 334 0x00007f6071105390 code [0x00007f60711054e0, 0x00007f6071105568]
Event: 108471.122 Thread 0x00007f607409f000  335             com.hit.heat.cn.ConsoleMainServer::getbit (160 bytes)
Event: 108471.169 Thread 0x00007f607409f000 nmethod 335 0x00007f60710f58d0 code [0x00007f60710f5ba0, 0x00007f60710f6de8]

GC Heap History (10 events):
Event: 107369.069 GC heap before
{Heap before GC invocations=57 (full 0):
 PSYoungGen      total 25088K, used 23648K [0x00000007d6e00000, 0x00000007d8800000, 0x0000000800000000)
  eden space 23552K, 100% used [0x00000007d6e00000,0x00000007d8500000,0x00000007d8500000)
  from space 1536K, 6% used [0x00000007d8680000,0x00000007d8698000,0x00000007d8800000)
  to   space 1536K, 0% used [0x00000007d8500000,0x00000007d8500000,0x00000007d8680000)
 ParOldGen       total 83968K, used 12568K [0x0000000784a00000, 0x0000000789c00000, 0x00000007d6e00000)
  object space 83968K, 14% used [0x0000000784a00000,0x0000000785646038,0x0000000789c00000)
 PSPermGen       total 21504K, used 9881K [0x000000077f800000, 0x0000000780d00000, 0x0000000784a00000)
  object space 21504K, 45% used [0x000000077f800000,0x00000007801a6518,0x0000000780d00000)
Event: 107369.070 GC heap after
Heap after GC invocations=57 (full 0):
 PSYoungGen      total 25088K, used 128K [0x00000007d6e00000, 0x00000007d8800000, 0x0000000800000000)
  eden space 23552K, 0% used [0x00000007d6e00000,0x00000007d6e00000,0x00000007d8500000)
  from space 1536K, 8% used [0x00000007d8500000,0x00000007d8520000,0x00000007d8680000)
  to   space 1536K, 0% used [0x00000007d8680000,0x00000007d8680000,0x00000007d8800000)
 ParOldGen       total 83968K, used 12584K [0x0000000784a00000, 0x0000000789c00000, 0x00000007d6e00000)
  object space 83968K, 14% used [0x0000000784a00000,0x000000078564a038,0x0000000789c00000)
 PSPermGen       total 21504K, used 9881K [0x000000077f800000, 0x0000000780d00000, 0x0000000784a00000)
  object space 21504K, 45% used [0x000000077f800000,0x00000007801a6518,0x0000000780d00000)
}
Event: 107791.115 GC heap before
{Heap before GC invocations=58 (full 0):
 PSYoungGen      total 25088K, used 23680K [0x00000007d6e00000, 0x00000007d8800000, 0x0000000800000000)
  eden space 23552K, 100% used [0x00000007d6e00000,0x00000007d8500000,0x00000007d8500000)
  from space 1536K, 8% used [0x00000007d8500000,0x00000007d8520000,0x00000007d8680000)
  to   space 1536K, 0% used [0x00000007d8680000,0x00000007d8680000,0x00000007d8800000)
 ParOldGen       total 83968K, used 12584K [0x0000000784a00000, 0x0000000789c00000, 0x00000007d6e00000)
  object space 83968K, 14% used [0x0000000784a00000,0x000000078564a038,0x0000000789c00000)
 PSPermGen       total 21504K, used 9881K [0x000000077f800000, 0x0000000780d00000, 0x0000000784a00000)
  object space 21504K, 45% used [0x000000077f800000,0x00000007801a6518,0x0000000780d00000)
Event: 107791.117 GC heap after
Heap after GC invocations=58 (full 0):
 PSYoungGen      total 25088K, used 224K [0x00000007d6e00000, 0x00000007d8800000, 0x0000000800000000)
  eden space 23552K, 0% used [0x00000007d6e00000,0x00000007d6e00000,0x00000007d8500000)
  from space 1536K, 14% used [0x00000007d8680000,0x00000007d86b8000,0x00000007d8800000)
  to   space 1536K, 0% used [0x00000007d8500000,0x00000007d8500000,0x00000007d8680000)
 ParOldGen       total 83968K, used 12616K [0x0000000784a00000, 0x0000000789c00000, 0x00000007d6e00000)
  object space 83968K, 15% used [0x0000000784a00000,0x0000000785652038,0x0000000789c00000)
 PSPermGen       total 21504K, used 9881K [0x000000077f800000, 0x0000000780d00000, 0x0000000784a00000)
  object space 21504K, 45% used [0x000000077f800000,0x00000007801a6518,0x0000000780d00000)
}
Event: 107851.236 GC heap before
{Heap before GC invocations=59 (full 0):
 PSYoungGen      total 25088K, used 23776K [0x00000007d6e00000, 0x00000007d8800000, 0x0000000800000000)
  eden space 23552K, 100% used [0x00000007d6e00000,0x00000007d8500000,0x00000007d8500000)
  from space 1536K, 14% used [0x00000007d8680000,0x00000007d86b8000,0x00000007d8800000)
  to   space 1536K, 0% used [0x00000007d8500000,0x00000007d8500000,0x00000007d8680000)
 ParOldGen       total 83968K, used 12616K [0x0000000784a00000, 0x0000000789c00000, 0x00000007d6e00000)
  object space 83968K, 15% used [0x0000000784a00000,0x0000000785652038,0x0000000789c00000)
 PSPermGen       total 21504K, used 9881K [0x000000077f800000, 0x0000000780d00000, 0x0000000784a00000)
  object space 21504K, 45% used [0x000000077f800000,0x00000007801a6518,0x0000000780d00000)
Event: 107851.238 GC heap after
Heap after GC invocations=59 (full 0):
 PSYoungGen      total 25088K, used 128K [0x00000007d6e00000, 0x00000007d8800000, 0x0000000800000000)
  eden space 23552K, 0% used [0x00000007d6e00000,0x00000007d6e00000,0x00000007d8500000)
  from space 1536K, 8% used [0x00000007d8500000,0x00000007d8520000,0x00000007d8680000)
  to   space 1536K, 0% used [0x00000007d8680000,0x00000007d8680000,0x00000007d8800000)
 ParOldGen       total 83968K, used 12640K [0x0000000784a00000, 0x0000000789c00000, 0x00000007d6e00000)
  object space 83968K, 15% used [0x0000000784a00000,0x0000000785658038,0x0000000789c00000)
 PSPermGen       total 21504K, used 9881K [0x000000077f800000, 0x0000000780d00000, 0x0000000784a00000)
  object space 21504K, 45% used [0x000000077f800000,0x00000007801a6518,0x0000000780d00000)
}
Event: 109038.412 GC heap before
{Heap before GC invocations=60 (full 0):
 PSYoungGen      total 25088K, used 23680K [0x00000007d6e00000, 0x00000007d8800000, 0x0000000800000000)
  eden space 23552K, 100% used [0x00000007d6e00000,0x00000007d8500000,0x00000007d8500000)
  from space 1536K, 8% used [0x00000007d8500000,0x00000007d8520000,0x00000007d8680000)
  to   space 1536K, 0% used [0x00000007d8680000,0x00000007d8680000,0x00000007d8800000)
 ParOldGen       total 83968K, used 12640K [0x0000000784a00000, 0x0000000789c00000, 0x00000007d6e00000)
  object space 83968K, 15% used [0x0000000784a00000,0x0000000785658038,0x0000000789c00000)
 PSPermGen       total 21504K, used 9883K [0x000000077f800000, 0x0000000780d00000, 0x0000000784a00000)
  object space 21504K, 45% used [0x000000077f800000,0x00000007801a6cb0,0x0000000780d00000)
Event: 109038.414 GC heap after
Heap after GC invocations=60 (full 0):
 PSYoungGen      total 25088K, used 384K [0x00000007d6e00000, 0x00000007d8800000, 0x0000000800000000)
  eden space 23552K, 0% used [0x00000007d6e00000,0x00000007d6e00000,0x00000007d8500000)
  from space 1536K, 25% used [0x00000007d8680000,0x00000007d86e0000,0x00000007d8800000)
  to   space 1536K, 0% used [0x00000007d8500000,0x00000007d8500000,0x00000007d8680000)
 ParOldGen       total 83968K, used 12664K [0x0000000784a00000, 0x0000000789c00000, 0x00000007d6e00000)
  object space 83968K, 15% used [0x0000000784a00000,0x000000078565e038,0x0000000789c00000)
 PSPermGen       total 21504K, used 9883K [0x000000077f800000, 0x0000000780d00000, 0x0000000784a00000)
  object space 21504K, 45% used [0x000000077f800000,0x00000007801a6cb0,0x0000000780d00000)
}
Event: 109054.940 GC heap before
{Heap before GC invocations=61 (full 0):
 PSYoungGen      total 25088K, used 23936K [0x00000007d6e00000, 0x00000007d8800000, 0x0000000800000000)
  eden space 23552K, 100% used [0x00000007d6e00000,0x00000007d8500000,0x00000007d8500000)
  from space 1536K, 25% used [0x00000007d8680000,0x00000007d86e0000,0x00000007d8800000)
  to   space 1536K, 0% used [0x00000007d8500000,0x00000007d8500000,0x00000007d8680000)
 ParOldGen       total 83968K, used 12664K [0x0000000784a00000, 0x0000000789c00000, 0x00000007d6e00000)
  object space 83968K, 15% used [0x0000000784a00000,0x000000078565e038,0x0000000789c00000)
 PSPermGen       total 21504K, used 9883K [0x000000077f800000, 0x0000000780d00000, 0x0000000784a00000)
  object space 21504K, 45% used [0x000000077f800000,0x00000007801a6cb0,0x0000000780d00000)
Event: 109054.942 GC heap after
Heap after GC invocations=61 (full 0):
 PSYoungGen      total 25088K, used 128K [0x00000007d6e00000, 0x00000007d8800000, 0x0000000800000000)
  eden space 23552K, 0% used [0x00000007d6e00000,0x00000007d6e00000,0x00000007d8500000)
  from space 1536K, 8% used [0x00000007d8500000,0x00000007d8520000,0x00000007d8680000)
  to   space 1536K, 0% used [0x00000007d8680000,0x00000007d8680000,0x00000007d8800000)
 ParOldGen       total 83968K, used 12680K [0x0000000784a00000, 0x0000000789c00000, 0x00000007d6e00000)
  object space 83968K, 15% used [0x0000000784a00000,0x0000000785662038,0x0000000789c00000)
 PSPermGen       total 21504K, used 9883K [0x000000077f800000, 0x0000000780d00000, 0x0000000784a00000)
  object space 21504K, 45% used [0x000000077f800000,0x00000007801a6cb0,0x0000000780d00000)
}

Deoptimization events (10 events):
Event: 10302.822 Thread 0x00007f5fec002800 Uncommon trap: reason=array_check action=maybe_recompile pc=0x00007f6071115378 method=java.util.Arrays.fill([Ljava/lang/Object;Ljava/lang/Object;)V @ 13
Event: 10306.055 Thread 0x00007f5fec009000 Uncommon trap: reason=array_check action=maybe_recompile pc=0x00007f6071115378 method=java.util.Arrays.fill([Ljava/lang/Object;Ljava/lang/Object;)V @ 13
Event: 14011.804 Thread 0x00007f6074813000 Uncommon trap: reason=unreached action=reinterpret pc=0x00007f60710eed70 method=java.util.Formatter$FormatSpecifier.index(Ljava/lang/String;)I @ 1
Event: 54811.807 Thread 0x00007f6074813000 Uncommon trap: reason=unreached action=reinterpret pc=0x00007f60710de5c4 method=java.util.Formatter$FormatSpecifier.index(Ljava/lang/String;)I @ 1
Event: 105673.546 Thread 0x00007f5ff800d000 Uncommon trap: reason=class_check action=maybe_recompile pc=0x00007f60710d6ba0 method=java.util.regex.Pattern$CharProperty.match(Ljava/util/regex/Matcher;ILjava/lang/CharSequence;)Z @ 37
Event: 105673.546 Thread 0x00007f5ff800d000 Uncommon trap: reason=class_check action=maybe_recompile pc=0x00007f60710d6ba0 method=java.util.regex.Pattern$CharProperty.match(Ljava/util/regex/Matcher;ILjava/lang/CharSequence;)Z @ 37
Event: 105673.546 Thread 0x00007f5ff800d000 Uncommon trap: reason=class_check action=maybe_recompile pc=0x00007f60710d6ba0 method=java.util.regex.Pattern$CharProperty.match(Ljava/util/regex/Matcher;ILjava/lang/CharSequence;)Z @ 37
Event: 105673.546 Thread 0x00007f5ff800d000 Uncommon trap: reason=class_check action=maybe_recompile pc=0x00007f60710d6ba0 method=java.util.regex.Pattern$CharProperty.match(Ljava/util/regex/Matcher;ILjava/lang/CharSequence;)Z @ 37
Event: 109333.477 Thread 0x00007f5ff800d000 Uncommon trap: reason=unreached action=reinterpret pc=0x00007f60710b8488 method=java.lang.ref.SoftReference.get()Ljava/lang/Object; @ 6
Event: 109687.365 Thread 0x00007f6074ae1800 Uncommon trap: reason=class_check action=maybe_recompile pc=0x00007f6071126244 method=java.util.HashMap.removeEntryForKey(Ljava/lang/Object;)Ljava/util/HashMap$Entry; @ 85

Internal exceptions (10 events):
Event: 109656.904 Thread 0x00007f6074ae1800 Threw 0x00000007d7669480 at /HUDSON/workspace/7u-2-build-linux-amd64/jdk7u79/2331/hotspot/src/share/vm/prims/jni.cpp:717
Event: 109657.978 Thread 0x00007f6074ae1800 Threw 0x00000007d76808d8 at /HUDSON/workspace/7u-2-build-linux-amd64/jdk7u79/2331/hotspot/src/share/vm/prims/jni.cpp:717
Event: 109658.120 Thread 0x00007f6074ae1800 Threw 0x00000007d7696a78 at /HUDSON/workspace/7u-2-build-linux-amd64/jdk7u79/2331/hotspot/src/share/vm/prims/jni.cpp:717
Event: 109662.916 Thread 0x00007f6074ae1800 Threw 0x00000007d76accd8 at /HUDSON/workspace/7u-2-build-linux-amd64/jdk7u79/2331/hotspot/src/share/vm/prims/jni.cpp:717
Event: 109667.605 Thread 0x00007f6074ae1800 Threw 0x00000007d76c5210 at /HUDSON/workspace/7u-2-build-linux-amd64/jdk7u79/2331/hotspot/src/share/vm/prims/jni.cpp:717
Event: 109668.155 Thread 0x00007f6074ae1800 Threw 0x00000007d76db358 at /HUDSON/workspace/7u-2-build-linux-amd64/jdk7u79/2331/hotspot/src/share/vm/prims/jni.cpp:717
Event: 109679.294 Thread 0x00007f6074ae1800 Threw 0x00000007d770ec68 at /HUDSON/workspace/7u-2-build-linux-amd64/jdk7u79/2331/hotspot/src/share/vm/prims/jni.cpp:717
Event: 109684.440 Thread 0x00007f6074ae1800 Threw 0x00000007d77273a8 at /HUDSON/workspace/7u-2-build-linux-amd64/jdk7u79/2331/hotspot/src/share/vm/prims/jni.cpp:717
Event: 109685.398 Thread 0x00007f6074ae1800 Threw 0x00000007d773dd50 at /HUDSON/workspace/7u-2-build-linux-amd64/jdk7u79/2331/hotspot/src/share/vm/prims/jni.cpp:717
Event: 109687.363 Thread 0x00007f6074ae1800 Threw 0x00000007d7755218 at /HUDSON/workspace/7u-2-build-linux-amd64/jdk7u79/2331/hotspot/src/share/vm/prims/jni.cpp:717

Events (10 events):
Event: 109563.791 Executing VM operation: RevokeBias
Event: 109563.791 Executing VM operation: RevokeBias done
Event: 109563.791 Thread 0x00007f6020004800 Thread exited: 0x00007f6020004800
Event: 109686.372 Executing VM operation: RevokeBias
Event: 109686.372 Executing VM operation: RevokeBias done
Event: 109687.364 Executing VM operation: RevokeBias
Event: 109687.365 Executing VM operation: RevokeBias done
Event: 109687.365 Thread 0x00007f6074ae1800 Uncommon trap: trap_request=0xffffffde fr.pc=0x00007f6071126244
Event: 109687.365 Thread 0x00007f6074ae1800 DEOPT PACKING pc=0x00007f6071126244 sp=0x00007f605a49e1c0
Event: 109687.365 Thread 0x00007f6074ae1800 DEOPT UNPACKING pc=0x00007f6071039445 sp=0x00007f605a49e180 mode 2


Dynamic libraries:
00400000-00401000 r-xp 00000000 08:01 18483539                           /opt/jdk1.7.0_79/bin/java
00600000-00601000 rw-p 00000000 08:01 18483539                           /opt/jdk1.7.0_79/bin/java
00af1000-00c9b000 rw-p 00000000 00:00 0                                  [heap]
77f800000-780d00000 rw-p 00000000 00:00 0 
780d00000-784a00000 rw-p 00000000 00:00 0 
784a00000-789c00000 rw-p 00000000 00:00 0 
789c00000-7d6e00000 rw-p 00000000 00:00 0 
7d6e00000-7d8800000 rw-p 00000000 00:00 0 
7d8800000-7da180000 ---p 00000000 00:00 0 
7da180000-800000000 rw-p 00000000 00:00 0 
7f5fec000000-7f5fec17a000 rw-p 00000000 00:00 0 
7f5fec17a000-7f5ff0000000 ---p 00000000 00:00 0 
7f5ff4000000-7f5ff4021000 rw-p 00000000 00:00 0 
7f5ff4021000-7f5ff8000000 ---p 00000000 00:00 0 
7f5ff8000000-7f5ff8254000 rw-p 00000000 00:00 0 
7f5ff8254000-7f5ffc000000 ---p 00000000 00:00 0 
7f5ffc000000-7f5ffc021000 rw-p 00000000 00:00 0 
7f5ffc021000-7f6000000000 ---p 00000000 00:00 0 
7f6000000000-7f6000021000 rw-p 00000000 00:00 0 
7f6000021000-7f6004000000 ---p 00000000 00:00 0 
7f6004000000-7f6004021000 rw-p 00000000 00:00 0 
7f6004021000-7f6008000000 ---p 00000000 00:00 0 
7f6008000000-7f6008021000 rw-p 00000000 00:00 0 
7f6008021000-7f600c000000 ---p 00000000 00:00 0 
7f600c000000-7f600c021000 rw-p 00000000 00:00 0 
7f600c021000-7f6010000000 ---p 00000000 00:00 0 
7f6010000000-7f6010251000 rw-p 00000000 00:00 0 
7f6010251000-7f6014000000 ---p 00000000 00:00 0 
7f6014000000-7f6014021000 rw-p 00000000 00:00 0 
7f6014021000-7f6018000000 ---p 00000000 00:00 0 
7f6018000000-7f6018021000 rw-p 00000000 00:00 0 
7f6018021000-7f601c000000 ---p 00000000 00:00 0 
7f601c000000-7f601c021000 rw-p 00000000 00:00 0 
7f601c021000-7f6020000000 ---p 00000000 00:00 0 
7f6020000000-7f6020021000 rw-p 00000000 00:00 0 
7f6020021000-7f6024000000 ---p 00000000 00:00 0 
7f6024000000-7f6024087000 rw-p 00000000 00:00 0 
7f6024087000-7f6028000000 ---p 00000000 00:00 0 
7f6028000000-7f6028021000 rw-p 00000000 00:00 0 
7f6028021000-7f602c000000 ---p 00000000 00:00 0 
7f602c000000-7f602c08b000 rw-p 00000000 00:00 0 
7f602c08b000-7f6030000000 ---p 00000000 00:00 0 
7f6030000000-7f6030109000 rw-p 00000000 00:00 0 
7f6030109000-7f6034000000 ---p 00000000 00:00 0 
7f6034000000-7f6034021000 rw-p 00000000 00:00 0 
7f6034021000-7f6038000000 ---p 00000000 00:00 0 
7f6038000000-7f6038021000 rw-p 00000000 00:00 0 
7f6038021000-7f603c000000 ---p 00000000 00:00 0 
7f603c000000-7f603ce23000 rw-p 00000000 00:00 0 
7f603ce23000-7f6040000000 ---p 00000000 00:00 0 
7f6040000000-7f6040021000 rw-p 00000000 00:00 0 
7f6040021000-7f6044000000 ---p 00000000 00:00 0 
7f6044000000-7f6044021000 rw-p 00000000 00:00 0 
7f6044021000-7f6048000000 ---p 00000000 00:00 0 
7f6048000000-7f6048cd7000 rw-p 00000000 00:00 0 
7f6048cd7000-7f604c000000 ---p 00000000 00:00 0 
7f604c000000-7f604c021000 rw-p 00000000 00:00 0 
7f604c021000-7f6050000000 ---p 00000000 00:00 0 
7f6050000000-7f6050021000 rw-p 00000000 00:00 0 
7f6050021000-7f6054000000 ---p 00000000 00:00 0 
7f6054000000-7f6054091000 rw-p 00000000 00:00 0 
7f6054091000-7f6058000000 ---p 00000000 00:00 0 
7f6058682000-7f6058685000 ---p 00000000 00:00 0 
7f6058685000-7f6058783000 rw-p 00000000 00:00 0 
7f6058783000-7f6058786000 ---p 00000000 00:00 0 
7f6058786000-7f6058884000 rw-p 00000000 00:00 0 
7f6058884000-7f6058887000 ---p 00000000 00:00 0 
7f6058887000-7f6058985000 rw-p 00000000 00:00 0 
7f6058985000-7f6058988000 ---p 00000000 00:00 0 
7f6058988000-7f6058a86000 rw-p 00000000 00:00 0 
7f6058a86000-7f6058a89000 ---p 00000000 00:00 0 
7f6058a89000-7f6058b87000 rw-p 00000000 00:00 0 
7f6058b87000-7f6058b8a000 ---p 00000000 00:00 0 
7f6058b8a000-7f6058c88000 rw-p 00000000 00:00 0 
7f6058c88000-7f6058c8b000 ---p 00000000 00:00 0 
7f6058c8b000-7f6058d89000 rw-p 00000000 00:00 0 
7f6058d89000-7f6058d8c000 ---p 00000000 00:00 0 
7f6058d8c000-7f6058e8a000 rw-p 00000000 00:00 0 
7f6058e8a000-7f6058e8d000 ---p 00000000 00:00 0 
7f6058e8d000-7f6058f8b000 rw-p 00000000 00:00 0 
7f6058f8b000-7f6058f8e000 ---p 00000000 00:00 0 
7f6058f8e000-7f605908c000 rw-p 00000000 00:00 0 
7f605908c000-7f605908f000 ---p 00000000 00:00 0 
7f605908f000-7f605918d000 rw-p 00000000 00:00 0 
7f605918d000-7f6059190000 ---p 00000000 00:00 0 
7f6059190000-7f605928e000 rw-p 00000000 00:00 0 
7f605928e000-7f6059291000 ---p 00000000 00:00 0 
7f6059291000-7f605938f000 rw-p 00000000 00:00 0 
7f605938f000-7f6059392000 ---p 00000000 00:00 0 
7f6059392000-7f6059490000 rw-p 00000000 00:00 0 
7f6059490000-7f6059493000 ---p 00000000 00:00 0 
7f6059493000-7f6059591000 rw-p 00000000 00:00 0 
7f6059591000-7f6059594000 ---p 00000000 00:00 0 
7f6059594000-7f6059692000 rw-p 00000000 00:00 0 
7f6059692000-7f6059695000 ---p 00000000 00:00 0 
7f6059695000-7f6059793000 rw-p 00000000 00:00 0 
7f6059793000-7f6059796000 ---p 00000000 00:00 0 
7f6059796000-7f6059894000 rw-p 00000000 00:00 0 
7f6059894000-7f6059897000 ---p 00000000 00:00 0 
7f6059897000-7f6059995000 rw-p 00000000 00:00 0 
7f6059995000-7f6059998000 ---p 00000000 00:00 0 
7f6059998000-7f6059a96000 rw-p 00000000 00:00 0 
7f6059a96000-7f6059a99000 ---p 00000000 00:00 0 
7f6059a99000-7f6059b97000 rw-p 00000000 00:00 0 
7f6059b97000-7f6059b9a000 ---p 00000000 00:00 0 
7f6059b9a000-7f6059c98000 rw-p 00000000 00:00 0 
7f6059c98000-7f6059c9b000 ---p 00000000 00:00 0 
7f6059c9b000-7f6059d99000 rw-p 00000000 00:00 0 
7f6059d99000-7f6059d9c000 ---p 00000000 00:00 0 
7f6059d9c000-7f6059e9a000 rw-p 00000000 00:00 0 
7f6059e9a000-7f6059e9d000 ---p 00000000 00:00 0 
7f6059e9d000-7f6059f9b000 rw-p 00000000 00:00 0 
7f6059f9b000-7f6059f9e000 ---p 00000000 00:00 0 
7f6059f9e000-7f605a09c000 rw-p 00000000 00:00 0 
7f605a09c000-7f605a09f000 ---p 00000000 00:00 0 
7f605a09f000-7f605a19d000 rw-p 00000000 00:00 0 
7f605a19d000-7f605a1a0000 ---p 00000000 00:00 0 
7f605a1a0000-7f605a29e000 rw-p 00000000 00:00 0 
7f605a29e000-7f605a2a1000 ---p 00000000 00:00 0 
7f605a2a1000-7f605a39f000 rw-p 00000000 00:00 0 
7f605a39f000-7f605a3a2000 ---p 00000000 00:00 0 
7f605a3a2000-7f605a4a0000 rw-p 00000000 00:00 0 
7f605a4a0000-7f605a4a3000 ---p 00000000 00:00 0 
7f605a4a3000-7f605a5a1000 rw-p 00000000 00:00 0 
7f605a5a1000-7f605a5a4000 ---p 00000000 00:00 0 
7f605a5a4000-7f605a6a2000 rw-p 00000000 00:00 0 
7f605a6a2000-7f605a6a5000 ---p 00000000 00:00 0 
7f605a6a5000-7f605a7a3000 rw-p 00000000 00:00 0 
7f605a7a3000-7f605a7a6000 ---p 00000000 00:00 0 
7f605a7a6000-7f605a8a4000 rw-p 00000000 00:00 0 
7f605a8a4000-7f605a8a7000 ---p 00000000 00:00 0 
7f605a8a7000-7f605a9a5000 rw-p 00000000 00:00 0 
7f605a9a5000-7f605a9a8000 ---p 00000000 00:00 0 
7f605a9a8000-7f605aaa6000 rw-p 00000000 00:00 0 
7f605aaa6000-7f605aaa9000 ---p 00000000 00:00 0 
7f605aaa9000-7f605aba7000 rw-p 00000000 00:00 0 
7f605aba7000-7f605abaa000 ---p 00000000 00:00 0 
7f605abaa000-7f605aca8000 rw-p 00000000 00:00 0 
7f605aca8000-7f605acab000 ---p 00000000 00:00 0 
7f605acab000-7f605ada9000 rw-p 00000000 00:00 0 
7f605ada9000-7f605adac000 ---p 00000000 00:00 0 
7f605adac000-7f605aeaa000 rw-p 00000000 00:00 0 
7f605aeaa000-7f605aead000 ---p 00000000 00:00 0 
7f605aead000-7f605afab000 rw-p 00000000 00:00 0 
7f605afab000-7f605afae000 ---p 00000000 00:00 0 
7f605afae000-7f605b0ac000 rw-p 00000000 00:00 0 
7f605b0ac000-7f605b0af000 ---p 00000000 00:00 0 
7f605b0af000-7f605b1ad000 rw-p 00000000 00:00 0 
7f605b1ad000-7f605b1b0000 ---p 00000000 00:00 0 
7f605b1b0000-7f605b2ae000 rw-p 00000000 00:00 0 
7f605b2ae000-7f605b2b1000 ---p 00000000 00:00 0 
7f605b2b1000-7f605b3af000 rw-p 00000000 00:00 0 
7f605b3af000-7f605b3b2000 ---p 00000000 00:00 0 
7f605b3b2000-7f605b4b0000 rw-p 00000000 00:00 0 
7f605b4b0000-7f605b4b3000 ---p 00000000 00:00 0 
7f605b4b3000-7f605b5b1000 rw-p 00000000 00:00 0 
7f605b5b1000-7f605b693000 r-xp 00000000 08:01 42205248                   /tmp/sqlite-3.15.1-08ec11fd-802c-46ff-9070-6a341a0edc77-libsqlitejdbc.so
7f605b693000-7f605b892000 ---p 000e2000 08:01 42205248                   /tmp/sqlite-3.15.1-08ec11fd-802c-46ff-9070-6a341a0edc77-libsqlitejdbc.so
7f605b892000-7f605b897000 rw-p 000e1000 08:01 42205248                   /tmp/sqlite-3.15.1-08ec11fd-802c-46ff-9070-6a341a0edc77-libsqlitejdbc.so
7f605b897000-7f605bb98000 rw-p 00000000 00:00 0 
7f605bb98000-7f605bbae000 r-xp 00000000 08:01 18481568                   /opt/jdk1.7.0_79/jre/lib/amd64/libnet.so
7f605bbae000-7f605bdae000 ---p 00016000 08:01 18481568                   /opt/jdk1.7.0_79/jre/lib/amd64/libnet.so
7f605bdae000-7f605bdaf000 rw-p 00016000 08:01 18481568                   /opt/jdk1.7.0_79/jre/lib/amd64/libnet.so
7f605bdaf000-7f605bdbf000 r-xp 00000000 08:01 18481534                   /opt/jdk1.7.0_79/jre/lib/amd64/libnio.so
7f605bdbf000-7f605bfbf000 ---p 00010000 08:01 18481534                   /opt/jdk1.7.0_79/jre/lib/amd64/libnio.so
7f605bfbf000-7f605bfc0000 rw-p 00010000 08:01 18481534                   /opt/jdk1.7.0_79/jre/lib/amd64/libnio.so
7f605bfc0000-7f6060000000 rw-p 00000000 00:00 0 
7f6060000000-7f6060021000 rw-p 00000000 00:00 0 
7f6060021000-7f6064000000 ---p 00000000 00:00 0 
7f6064000000-7f6064021000 rw-p 00000000 00:00 0 
7f6064021000-7f6068000000 ---p 00000000 00:00 0 
7f6068000000-7f6068021000 rw-p 00000000 00:00 0 
7f6068021000-7f606c000000 ---p 00000000 00:00 0 
7f606c000000-7f606c021000 rw-p 00000000 00:00 0 
7f606c021000-7f6070000000 ---p 00000000 00:00 0 
7f60700aa000-7f60700ad000 ---p 00000000 00:00 0 
7f60700ad000-7f60700e3000 rw-p 00000000 00:00 0 
7f60700e3000-7f607026c000 r--s 02cfb000 08:01 37360539                   /home/ubuntu/graduate_project/ConsoleMainServerProgram/lib/com.sun.jar
7f607026c000-7f607026d000 ---p 00000000 00:00 0 
7f607026d000-7f607036d000 rw-p 00000000 00:00 0 
7f607036d000-7f6070370000 ---p 00000000 00:00 0 
7f6070370000-7f607046e000 rw-p 00000000 00:00 0 
7f607046e000-7f6070471000 ---p 00000000 00:00 0 
7f6070471000-7f607056f000 rw-p 00000000 00:00 0 
7f607056f000-7f6070572000 ---p 00000000 00:00 0 
7f6070572000-7f6070670000 rw-p 00000000 00:00 0 
7f6070670000-7f6070673000 ---p 00000000 00:00 0 
7f6070673000-7f6070771000 rw-p 00000000 00:00 0 
7f6070771000-7f6070bfc000 r--p 00000000 08:01 58730663                   /usr/lib/locale/locale-archive
7f6070bfc000-7f6070bff000 ---p 00000000 00:00 0 
7f6070bff000-7f6070cfd000 rw-p 00000000 00:00 0 
7f6070cfd000-7f6070d00000 ---p 00000000 00:00 0 
7f6070d00000-7f6070dfe000 rw-p 00000000 00:00 0 
7f6070dfe000-7f6070dff000 ---p 00000000 00:00 0 
7f6070dff000-7f6071000000 rw-p 00000000 00:00 0 
7f6071000000-7f6071270000 rwxp 00000000 00:00 0 
7f6071270000-7f6074bae000 rw-p 00000000 00:00 0 
7f6074bae000-7f6078000000 ---p 00000000 00:00 0 
7f6078034000-7f6078038000 r--s 000f7000 08:01 18482171                   /opt/jdk1.7.0_79/jre/lib/ext/localedata.jar
7f6078038000-7f607803c000 r--s 0008b000 08:01 18482160                   /opt/jdk1.7.0_79/jre/lib/jsse.jar
7f607803c000-7f607803e000 r--s 00008000 08:01 37360542                   /home/ubuntu/graduate_project/ConsoleMainServerProgram/lib/commons-logging.jar
7f607803e000-7f6078041000 r--s 00428000 08:01 37360537                   /home/ubuntu/graduate_project/ConsoleMainServerProgram/lib/sqlite-jdbc-3.15.1.jar
7f6078041000-7f607805e000 r--s 00196000 08:01 37360541                   /home/ubuntu/graduate_project/ConsoleMainServerProgram/lib/netty-all-4.0.23.Final.jar
7f607805e000-7f6078f9e000 rw-p 00000000 00:00 0 
7f6078f9e000-7f607915e000 r--s 039f7000 08:01 18482216                   /opt/jdk1.7.0_79/jre/lib/rt.jar
7f607915e000-7f6079684000 rw-p 00000000 00:00 0 
7f6079684000-7f6079685000 ---p 00000000 00:00 0 
7f6079685000-7f6079785000 rw-p 00000000 00:00 0 
7f6079785000-7f6079786000 ---p 00000000 00:00 0 
7f6079786000-7f6079886000 rw-p 00000000 00:00 0 
7f6079886000-7f6079887000 ---p 00000000 00:00 0 
7f6079887000-7f6079987000 rw-p 00000000 00:00 0 
7f6079987000-7f6079988000 ---p 00000000 00:00 0 
7f6079988000-7f6079a93000 rw-p 00000000 00:00 0 
7f6079a93000-7f6079ab1000 rw-p 00000000 00:00 0 
7f6079ab1000-7f6079ada000 rw-p 00000000 00:00 0 
7f6079ada000-7f6079d43000 rw-p 00000000 00:00 0 
7f6079d43000-7f6079d4e000 rw-p 00000000 00:00 0 
7f6079d4e000-7f6079d6c000 rw-p 00000000 00:00 0 
7f6079d6c000-7f6079d95000 rw-p 00000000 00:00 0 
7f6079d95000-7f6079ffe000 rw-p 00000000 00:00 0 
7f6079ffe000-7f607a00b000 rw-p 00000000 00:00 0 
7f607a00b000-7f607a018000 ---p 00000000 00:00 0 
7f607a018000-7f607a147000 rw-p 00000000 00:00 0 
7f607a147000-7f607a148000 rw-p 00000000 00:00 0 
7f607a148000-7f607a162000 r-xp 00000000 08:01 18481563                   /opt/jdk1.7.0_79/jre/lib/amd64/libzip.so
7f607a162000-7f607a362000 ---p 0001a000 08:01 18481563                   /opt/jdk1.7.0_79/jre/lib/amd64/libzip.so
7f607a362000-7f607a363000 rw-p 0001a000 08:01 18481563                   /opt/jdk1.7.0_79/jre/lib/amd64/libzip.so
7f607a363000-7f607a36e000 r-xp 00000000 08:01 58458354                   /lib/x86_64-linux-gnu/libnss_files-2.23.so
7f607a36e000-7f607a56d000 ---p 0000b000 08:01 58458354                   /lib/x86_64-linux-gnu/libnss_files-2.23.so
7f607a56d000-7f607a56e000 r--p 0000a000 08:01 58458354                   /lib/x86_64-linux-gnu/libnss_files-2.23.so
7f607a56e000-7f607a56f000 rw-p 0000b000 08:01 58458354                   /lib/x86_64-linux-gnu/libnss_files-2.23.so
7f607a56f000-7f607a575000 rw-p 00000000 00:00 0 
7f607a575000-7f607a580000 r-xp 00000000 08:01 58458360                   /lib/x86_64-linux-gnu/libnss_nis-2.23.so
7f607a580000-7f607a77f000 ---p 0000b000 08:01 58458360                   /lib/x86_64-linux-gnu/libnss_nis-2.23.so
7f607a77f000-7f607a780000 r--p 0000a000 08:01 58458360                   /lib/x86_64-linux-gnu/libnss_nis-2.23.so
7f607a780000-7f607a781000 rw-p 0000b000 08:01 58458360                   /lib/x86_64-linux-gnu/libnss_nis-2.23.so
7f607a781000-7f607a797000 r-xp 00000000 08:01 58458346                   /lib/x86_64-linux-gnu/libnsl-2.23.so
7f607a797000-7f607a996000 ---p 00016000 08:01 58458346                   /lib/x86_64-linux-gnu/libnsl-2.23.so
7f607a996000-7f607a997000 r--p 00015000 08:01 58458346                   /lib/x86_64-linux-gnu/libnsl-2.23.so
7f607a997000-7f607a998000 rw-p 00016000 08:01 58458346                   /lib/x86_64-linux-gnu/libnsl-2.23.so
7f607a998000-7f607a99a000 rw-p 00000000 00:00 0 
7f607a99a000-7f607a9a2000 r-xp 00000000 08:01 58458372                   /lib/x86_64-linux-gnu/libnss_compat-2.23.so
7f607a9a2000-7f607aba1000 ---p 00008000 08:01 58458372                   /lib/x86_64-linux-gnu/libnss_compat-2.23.so
7f607aba1000-7f607aba2000 r--p 00007000 08:01 58458372                   /lib/x86_64-linux-gnu/libnss_compat-2.23.so
7f607aba2000-7f607aba3000 rw-p 00008000 08:01 58458372                   /lib/x86_64-linux-gnu/libnss_compat-2.23.so
7f607aba3000-7f607abcc000 r-xp 00000000 08:01 18481529                   /opt/jdk1.7.0_79/jre/lib/amd64/libjava.so
7f607abcc000-7f607adcc000 ---p 00029000 08:01 18481529                   /opt/jdk1.7.0_79/jre/lib/amd64/libjava.so
7f607adcc000-7f607adce000 rw-p 00029000 08:01 18481529                   /opt/jdk1.7.0_79/jre/lib/amd64/libjava.so
7f607adce000-7f607addb000 r-xp 00000000 08:01 18481556                   /opt/jdk1.7.0_79/jre/lib/amd64/libverify.so
7f607addb000-7f607afda000 ---p 0000d000 08:01 18481556                   /opt/jdk1.7.0_79/jre/lib/amd64/libverify.so
7f607afda000-7f607afdc000 rw-p 0000c000 08:01 18481556                   /opt/jdk1.7.0_79/jre/lib/amd64/libverify.so
7f607afdc000-7f607afe3000 r-xp 00000000 08:01 58458364                   /lib/x86_64-linux-gnu/librt-2.23.so
7f607afe3000-7f607b1e2000 ---p 00007000 08:01 58458364                   /lib/x86_64-linux-gnu/librt-2.23.so
7f607b1e2000-7f607b1e3000 r--p 00006000 08:01 58458364                   /lib/x86_64-linux-gnu/librt-2.23.so
7f607b1e3000-7f607b1e4000 rw-p 00007000 08:01 58458364                   /lib/x86_64-linux-gnu/librt-2.23.so
7f607b1e4000-7f607b2ec000 r-xp 00000000 08:01 58458382                   /lib/x86_64-linux-gnu/libm-2.23.so
7f607b2ec000-7f607b4eb000 ---p 00108000 08:01 58458382                   /lib/x86_64-linux-gnu/libm-2.23.so
7f607b4eb000-7f607b4ec000 r--p 00107000 08:01 58458382                   /lib/x86_64-linux-gnu/libm-2.23.so
7f607b4ec000-7f607b4ed000 rw-p 00108000 08:01 58458382                   /lib/x86_64-linux-gnu/libm-2.23.so
7f607b4ed000-7f607c062000 r-xp 00000000 08:01 18481583                   /opt/jdk1.7.0_79/jre/lib/amd64/server/libjvm.so
7f607c062000-7f607c262000 ---p 00b75000 08:01 18481583                   /opt/jdk1.7.0_79/jre/lib/amd64/server/libjvm.so
7f607c262000-7f607c326000 rw-p 00b75000 08:01 18481583                   /opt/jdk1.7.0_79/jre/lib/amd64/server/libjvm.so
7f607c326000-7f607c367000 rw-p 00000000 00:00 0 
7f607c367000-7f607c527000 r-xp 00000000 08:01 58458389                   /lib/x86_64-linux-gnu/libc-2.23.so
7f607c527000-7f607c727000 ---p 001c0000 08:01 58458389                   /lib/x86_64-linux-gnu/libc-2.23.so
7f607c727000-7f607c72b000 r--p 001c0000 08:01 58458389                   /lib/x86_64-linux-gnu/libc-2.23.so
7f607c72b000-7f607c72d000 rw-p 001c4000 08:01 58458389                   /lib/x86_64-linux-gnu/libc-2.23.so
7f607c72d000-7f607c731000 rw-p 00000000 00:00 0 
7f607c731000-7f607c734000 r-xp 00000000 08:01 58458370                   /lib/x86_64-linux-gnu/libdl-2.23.so
7f607c734000-7f607c933000 ---p 00003000 08:01 58458370                   /lib/x86_64-linux-gnu/libdl-2.23.so
7f607c933000-7f607c934000 r--p 00002000 08:01 58458370                   /lib/x86_64-linux-gnu/libdl-2.23.so
7f607c934000-7f607c935000 rw-p 00003000 08:01 58458370                   /lib/x86_64-linux-gnu/libdl-2.23.so
7f607c935000-7f607c94b000 r-xp 00000000 08:01 18482260                   /opt/jdk1.7.0_79/lib/amd64/jli/libjli.so
7f607c94b000-7f607cb4b000 ---p 00016000 08:01 18482260                   /opt/jdk1.7.0_79/lib/amd64/jli/libjli.so
7f607cb4b000-7f607cb4c000 rw-p 00016000 08:01 18482260                   /opt/jdk1.7.0_79/lib/amd64/jli/libjli.so
7f607cb4c000-7f607cb64000 r-xp 00000000 08:01 58458358                   /lib/x86_64-linux-gnu/libpthread-2.23.so
7f607cb64000-7f607cd63000 ---p 00018000 08:01 58458358                   /lib/x86_64-linux-gnu/libpthread-2.23.so
7f607cd63000-7f607cd64000 r--p 00017000 08:01 58458358                   /lib/x86_64-linux-gnu/libpthread-2.23.so
7f607cd64000-7f607cd65000 rw-p 00018000 08:01 58458358                   /lib/x86_64-linux-gnu/libpthread-2.23.so
7f607cd65000-7f607cd69000 rw-p 00000000 00:00 0 
7f607cd69000-7f607cd8f000 r-xp 00000000 08:01 58458348                   /lib/x86_64-linux-gnu/ld-2.23.so
7f607cd90000-7f607cd97000 r--s 00067000 08:01 37360535                   /home/ubuntu/graduate_project/ConsoleMainServerProgram/lib/quartz-1.6.5.jar
7f607cd97000-7f607cd99000 r--s 00016000 08:01 37360543                   /home/ubuntu/graduate_project/ConsoleMainServerProgram/lib/json.jar
7f607cd99000-7f607cdaa000 r--s 0016f000 08:01 37360540                   /home/ubuntu/graduate_project/ConsoleMainServerProgram/lib/jfreechart-1.0.19.jar
7f607cdaa000-7f607cdb4000 rw-p 00000000 00:00 0 
7f607cdb4000-7f607ce6a000 rw-p 00000000 00:00 0 
7f607ce6a000-7f607ce6d000 ---p 00000000 00:00 0 
7f607ce6d000-7f607cf6f000 rw-p 00000000 00:00 0 
7f607cf6f000-7f607cf75000 r--s 0004b000 08:01 37360534                   /home/ubuntu/graduate_project/ConsoleMainServerProgram/lib/jcommon-1.0.23.jar
7f607cf75000-7f607cf78000 r--s 00014000 08:01 37360536                   /home/ubuntu/graduate_project/ConsoleMainServerProgram/lib/commons-net-ftp-2.0.jar
7f607cf78000-7f607cf82000 r--s 00253000 08:01 18481611                   /opt/jdk1.7.0_79/jre/lib/resources.jar
7f607cf82000-7f607cf8a000 rw-s 00000000 08:01 42336286                   /tmp/hsperfdata_ubuntu/12775
7f607cf8a000-7f607cf8b000 rw-p 00000000 00:00 0 
7f607cf8b000-7f607cf8c000 r--p 00000000 00:00 0 
7f607cf8c000-7f607cf8e000 rw-p 00000000 00:00 0 
7f607cf8e000-7f607cf8f000 r--p 00025000 08:01 58458348                   /lib/x86_64-linux-gnu/ld-2.23.so
7f607cf8f000-7f607cf90000 rw-p 00026000 08:01 58458348                   /lib/x86_64-linux-gnu/ld-2.23.so
7f607cf90000-7f607cf91000 rw-p 00000000 00:00 0 
7ffd8df2c000-7ffd8df4d000 rw-p 00000000 00:00 0                          [stack]
7ffd8dfd2000-7ffd8dfd4000 r--p 00000000 00:00 0                          [vvar]
7ffd8dfd4000-7ffd8dfd6000 r-xp 00000000 00:00 0                          [vdso]
ffffffffff600000-ffffffffff601000 r-xp 00000000 00:00 0                  [vsyscall]

VM Arguments:
jvm_args: -Dfile.encoding=UTF-8 
java_command: com.hit.heat.cn.Main
Launcher Type: SUN_STANDARD

Environment Variables:
JAVA_HOME=/opt/jdk1.8.0_102
CLASSPATH=.:/opt/jdk1.8.0_102/lib/dt.jar:/opt/jdk1.8.0_102/lib/tools.jar:
PATH=/opt/jdk1.8.0_102/bin:/usr/local/sbin:/usr/local/bin:/usr/sbin:/usr/bin:/sbin:/bin:/usr/games:/usr/local/games:/snap/bin
SHELL=/bin/bash
DISPLAY=:0

Signal Handlers:
SIGSEGV: [libjvm.so+0x9a3bf0], sa_mask[0]=0x7ffbfeff, sa_flags=0x10000004
SIGBUS: [libjvm.so+0x9a3bf0], sa_mask[0]=0x7ffbfeff, sa_flags=0x10000004
SIGFPE: [libjvm.so+0x81cb60], sa_mask[0]=0x7ffbfeff, sa_flags=0x10000004
SIGPIPE: [libjvm.so+0x81cb60], sa_mask[0]=0x7ffbfeff, sa_flags=0x10000004
SIGXFSZ: [libjvm.so+0x81cb60], sa_mask[0]=0x7ffbfeff, sa_flags=0x10000004
SIGILL: [libjvm.so+0x81cb60], sa_mask[0]=0x7ffbfeff, sa_flags=0x10000004
SIGUSR1: SIG_DFL, sa_mask[0]=0x00000000, sa_flags=0x00000000
SIGUSR2: [libjvm.so+0x81e360], sa_mask[0]=0x00000004, sa_flags=0x10000004
SIGHUP: [libjvm.so+0x81f480], sa_mask[0]=0x7ffbfeff, sa_flags=0x10000004
SIGINT: [libjvm.so+0x81f480], sa_mask[0]=0x7ffbfeff, sa_flags=0x10000004
SIGTERM: [libjvm.so+0x81f480], sa_mask[0]=0x7ffbfeff, sa_flags=0x10000004
SIGQUIT: [libjvm.so+0x81f480], sa_mask[0]=0x7ffbfeff, sa_flags=0x10000004


---------------  S Y S T E M  ---------------

OS:stretch/sid

uname:Linux 4.4.0-97-generic #120-Ubuntu SMP Tue Sep 19 17:28:18 UTC 2017 x86_64
libc:glibc 2.23 NPTL 2.23 
rlimit: STACK 8192k, CORE 0k, NPROC 31428, NOFILE 65536, AS infinity
load average:0.02 0.14 0.22

/proc/meminfo:
MemTotal:        8085092 kB
MemFree:          430548 kB
MemAvailable:    3301468 kB
Buffers:          396428 kB
Cached:          3066260 kB
SwapCached:         4728 kB
Active:          4515684 kB
Inactive:        2394512 kB
Active(anon):    3273568 kB
Inactive(anon):  1029340 kB
Active(file):    1242116 kB
Inactive(file):  1365172 kB
Unevictable:          32 kB
Mlocked:              32 kB
SwapTotal:       8296444 kB
SwapFree:        7942712 kB
Dirty:                 8 kB
Writeback:             0 kB
AnonPages:       3444988 kB
Mapped:           684496 kB
Shmem:            855400 kB
Slab:             619804 kB
SReclaimable:     569064 kB
SUnreclaim:        50740 kB
KernelStack:       12128 kB
PageTables:        55284 kB
NFS_Unstable:          0 kB
Bounce:                0 kB
WritebackTmp:          0 kB
CommitLimit:    12338988 kB
Committed_AS:   12617044 kB
VmallocTotal:   34359738367 kB
VmallocUsed:           0 kB
VmallocChunk:          0 kB
HardwareCorrupted:     0 kB
AnonHugePages:   2091008 kB
CmaTotal:              0 kB
CmaFree:               0 kB
HugePages_Total:       0
HugePages_Free:        0
HugePages_Rsvd:        0
HugePages_Surp:        0
Hugepagesize:       2048 kB
DirectMap4k:      234180 kB
DirectMap2M:     8065024 kB


CPU:total 4 (2 cores per cpu, 2 threads per core) family 6 model 42 stepping 7, cmov, cx8, fxsr, mmx, sse, sse2, sse3, ssse3, sse4.1, sse4.2, popcnt, avx, ht, tsc, tscinvbit

/proc/cpuinfo:
processor	: 0
vendor_id	: GenuineIntel
cpu family	: 6
model		: 42
model name	: Intel(R) Core(TM) i3-2100 CPU @ 3.10GHz
stepping	: 7
microcode	: 0x18
cpu MHz		: 2093.832
cache size	: 3072 KB
physical id	: 0
siblings	: 4
core id		: 0
cpu cores	: 2
apicid		: 0
initial apicid	: 0
fpu		: yes
fpu_exception	: yes
cpuid level	: 13
wp		: yes
flags		: fpu vme de pse tsc msr pae mce cx8 apic sep mtrr pge mca cmov pat pse36 clflush dts acpi mmx fxsr sse sse2 ss ht tm pbe syscall nx rdtscp lm constant_tsc arch_perfmon pebs bts rep_good nopl xtopology nonstop_tsc aperfmperf eagerfpu pni pclmulqdq dtes64 monitor ds_cpl vmx est tm2 ssse3 cx16 xtpr pdcm pcid sse4_1 sse4_2 popcnt tsc_deadline_timer xsave avx lahf_lm epb tpr_shadow vnmi flexpriority ept vpid xsaveopt dtherm arat pln pts
bugs		:
bogomips	: 6185.66
clflush size	: 64
cache_alignment	: 64
address sizes	: 36 bits physical, 48 bits virtual
power management:

processor	: 1
vendor_id	: GenuineIntel
cpu family	: 6
model		: 42
model name	: Intel(R) Core(TM) i3-2100 CPU @ 3.10GHz
stepping	: 7
microcode	: 0x18
cpu MHz		: 2110.906
cache size	: 3072 KB
physical id	: 0
siblings	: 4
core id		: 1
cpu cores	: 2
apicid		: 2
initial apicid	: 2
fpu		: yes
fpu_exception	: yes
cpuid level	: 13
wp		: yes
flags		: fpu vme de pse tsc msr pae mce cx8 apic sep mtrr pge mca cmov pat pse36 clflush dts acpi mmx fxsr sse sse2 ss ht tm pbe syscall nx rdtscp lm constant_tsc arch_perfmon pebs bts rep_good nopl xtopology nonstop_tsc aperfmperf eagerfpu pni pclmulqdq dtes64 monitor ds_cpl vmx est tm2 ssse3 cx16 xtpr pdcm pcid sse4_1 sse4_2 popcnt tsc_deadline_timer xsave avx lahf_lm epb tpr_shadow vnmi flexpriority ept vpid xsaveopt dtherm arat pln pts
bugs		:
bogomips	: 6185.66
clflush size	: 64
cache_alignment	: 64
address sizes	: 36 bits physical, 48 bits virtual
power management:

processor	: 2
vendor_id	: GenuineIntel
cpu family	: 6
model		: 42
model name	: Intel(R) Core(TM) i3-2100 CPU @ 3.10GHz
stepping	: 7
microcode	: 0x18
cpu MHz		: 1792.429
cache size	: 3072 KB
physical id	: 0
siblings	: 4
core id		: 0
cpu cores	: 2
apicid		: 1
initial apicid	: 1
fpu		: yes
fpu_exception	: yes
cpuid level	: 13
wp		: yes
flags		: fpu vme de pse tsc msr pae mce cx8 apic sep mtrr pge mca cmov pat pse36 clflush dts acpi mmx fxsr sse sse2 ss ht tm pbe syscall nx rdtscp lm constant_tsc arch_perfmon pebs bts rep_good nopl xtopology nonstop_tsc aperfmperf eagerfpu pni pclmulqdq dtes64 monitor ds_cpl vmx est tm2 ssse3 cx16 xtpr pdcm pcid sse4_1 sse4_2 popcnt tsc_deadline_timer xsave avx lahf_lm epb tpr_shadow vnmi flexpriority ept vpid xsaveopt dtherm arat pln pts
bugs		:
bogomips	: 6185.66
clflush size	: 64
cache_alignment	: 64
address sizes	: 36 bits physical, 48 bits virtual
power management:

processor	: 3
vendor_id	: GenuineIntel
cpu family	: 6
model		: 42
model name	: Intel(R) Core(TM) i3-2100 CPU @ 3.10GHz
stepping	: 7
microcode	: 0x18
cpu MHz		: 1962.929
cache size	: 3072 KB
physical id	: 0
siblings	: 4
core id		: 1
cpu cores	: 2
apicid		: 3
initial apicid	: 3
fpu		: yes
fpu_exception	: yes
cpuid level	: 13
wp		: yes
flags		: fpu vme de pse tsc msr pae mce cx8 apic sep mtrr pge mca cmov pat pse36 clflush dts acpi mmx fxsr sse sse2 ss ht tm pbe syscall nx rdtscp lm constant_tsc arch_perfmon pebs bts rep_good nopl xtopology nonstop_tsc aperfmperf eagerfpu pni pclmulqdq dtes64 monitor ds_cpl vmx est tm2 ssse3 cx16 xtpr pdcm pcid sse4_1 sse4_2 popcnt tsc_deadline_timer xsave avx lahf_lm epb tpr_shadow vnmi flexpriority ept vpid xsaveopt dtherm arat pln pts
bugs		:
bogomips	: 6185.66
clflush size	: 64
cache_alignment	: 64
address sizes	: 36 bits physical, 48 bits virtual
power management:



Memory: 4k page, physical 8085092k(430548k free), swap 8296444k(7942712k free)

vm_info: Java HotSpot(TM) 64-Bit Server VM (24.79-b02) for linux-amd64 JRE (1.7.0_79-b15), built on Apr 10 2015 11:34:48 by "java_re" with gcc 4.3.0 20080428 (Red Hat 4.3.0-8)

time: Sun Dec  3 21:21:23 2017
elapsed time: 109687 seconds

