#
# A fatal error has been detected by the Java Runtime Environment:
#
#  SIGSEGV (0xb) at pc=0x00007fc525ff1201, pid=11307, tid=140484720502528
#
# JRE version: Java(TM) SE Runtime Environment (7.0_79-b15) (build 1.7.0_79-b15)
# Java VM: Java HotSpot(TM) 64-Bit Server VM (24.79-b02 mixed mode linux-amd64 compressed oops)
# Problematic frame:
# C  [sqlite-3.15.1-a3433653-0897-44dd-9a81-7cf0dcb2cebb-libsqlitejdbc.so+0x24201]  Java_org_sqlite_core_NativeDB_shared_1cache+0x17911
#
# Failed to write core dump. Core dumps have been disabled. To enable core dumping, try "ulimit -c unlimited" before starting Java again
#
# If you would like to submit a bug report, please visit:
#   http://bugreport.java.com/bugreport/crash.jsp
# The crash happened outside the Java Virtual Machine in native code.
# See problematic frame for where to report the bug.
#

---------------  T H R E A D  ---------------

Current thread (0x00007fc5301cf000):  JavaThread "Timer-2" [_thread_in_native, id=11327, stack(0x00007fc525cca000,0x00007fc525dcb000)]

siginfo:si_signo=SIGSEGV: si_errno=0, si_code=128 (), si_addr=0x0000000000000000

Registers:
RAX=0x0000000000007261, RBX=0x00007fc4dc008038, RCX=0x0000000000000068, RDX=0x0000000000000098
RSP=0x00007fc525dc8a10, RBP=0x0000000000000007, RSI=0x7600444965646f4e, RDI=0x00007fc4dc008038
R8 =0x00007fc536bfc320, R9 =0x0000000000000001, R10=0x0000000000000000, R11=0x00007fc525ff9880
R12=0x0000000000000007, R13=0x00007fc4dc009738, R14=0x00007fc525dc9520, R15=0x00007fc525dc93c0
RIP=0x00007fc525ff1201, EFLAGS=0x0000000000010206, CSGSFS=0x0000000000000033, ERR=0x0000000000000000
  TRAPNO=0x000000000000000d

Top of Stack: (sp=0x00007fc525dc8a10)
0x00007fc525dc8a10:   00007fc525dc8eb0 00007fc4dc015af8
0x00007fc525dc8a20:   00000000fffffffe 0000000000000010
0x00007fc525dc8a30:   0000001100000000 00007fc4dc006fe0
0x00007fc525dc8a40:   00007fc4dc009738 00007fc4dc007e00
0x00007fc525dc8a50:   00007fc4dc007e00 00007fc5260464b4
0x00007fc525dc8a60:   00007fc525dc8ba0 00007fc525dc8eb0
0x00007fc525dc8a70:   0000000100000000 00007fc4dc009738
0x00007fc525dc8a80:   00000000da237531 00007fc4dc024d68
0x00007fc525dc8a90:   00007fc4dc008038 00007fc525ff1319
0x00007fc525dc8aa0:   00007fc4dc007e00 00007fc525ff1684
0x00007fc525dc8ab0:   00007fc4dc015af8 00007fc4dc007e00
0x00007fc525dc8ac0:   00007fc4dc009738 00007fc525fffb9c
0x00007fc525dc8ad0:   00007fc4dc009738 00007fc4dc007e00
0x00007fc525dc8ae0:   00007fc4dc007e00 00007fc526046e00
0x00007fc525dc8af0:   00007fc4dc009738 0000000000000000
0x00007fc525dc8b00:   00007fc4dc009738 00007fc526046f07
0x00007fc525dc8b10:   00000007d74706c8 00007fc4dc009738
0x00007fc525dc8b20:   0000000000000000 00007fc52604bae6
0x00007fc525dc8b30:   00007fc4dc008488 00007fc4dc006f90
0x00007fc525dc8b40:   ffff803a00000064 00007fc525dc8b8f
0x00007fc525dc8b50:   0000000000000011 0000004100000044
0x00007fc525dc8b60:   0000000000000002 00007fc525dc9354
0x00007fc525dc8b70:   0000000000000000 0000000000000000
0x00007fc525dc8b80:   00007fc4dc008098 0000001b00000000
0x00007fc525dc8b90:   00007fc4f4009f18 00007fc4dc009868
0x00007fc525dc8ba0:   0000000000000000 00007fc4dc015af8
0x00007fc525dc8bb0:   0000000000000000 00007fc4dc000020
0x00007fc525dc8bc0:   00000011f4009f18 00007fc4dc006fe0
0x00007fc525dc8bd0:   00007fc4dc015af8 00000012000005b8
0x00007fc525dc8be0:   0000000000000000 00007fc536caf184
0x00007fc525dc8bf0:   00007fc4dc015af8 0000000000000428
0x00007fc525dc8c00:   00007fc4dc015af8 00007fc52600728f 

Instructions: (pc=0x00007fc525ff1201)
0x00007fc525ff11e1:   83 c4 18 c3 0f 1f 44 00 00 66 0f 1f 44 00 00 53
0x00007fc525ff11f1:   48 89 fb 48 83 c4 80 48 85 f6 0f 84 a6 00 00 00
0x00007fc525ff1201:   48 83 7e 20 00 0f 84 9b 00 00 00 4c 8d 44 24 40
0x00007fc525ff1211:   31 c0 b9 07 00 00 00 fc 4c 89 c7 f3 48 ab 48 89 

Register to memory mapping:

RAX=0x0000000000007261 is an unknown value
RBX=0x00007fc4dc008038 is an unknown value
RCX=0x0000000000000068 is an unknown value
RDX=0x0000000000000098 is an unknown value
RSP=0x00007fc525dc8a10 is pointing into the stack for thread: 0x00007fc5301cf000
RBP=0x0000000000000007 is an unknown value
RSI=0x7600444965646f4e is an unknown value
RDI=0x00007fc4dc008038 is an unknown value
R8 =0x00007fc536bfc320: <offset 0xe4b320> in /opt/jdk1.7.0_79/jre/lib/amd64/server/libjvm.so at 0x00007fc535db1000
R9 =0x0000000000000001 is an unknown value
R10=0x0000000000000000 is an unknown value
R11=0x00007fc525ff9880: <offset 0x2c880> in /tmp/sqlite-3.15.1-a3433653-0897-44dd-9a81-7cf0dcb2cebb-libsqlitejdbc.so at 0x00007fc525fcd000
R12=0x0000000000000007 is an unknown value
R13=0x00007fc4dc009738 is an unknown value
R14=0x00007fc525dc9520 is pointing into the stack for thread: 0x00007fc5301cf000
R15=0x00007fc525dc93c0 is pointing into the stack for thread: 0x00007fc5301cf000


Stack: [0x00007fc525cca000,0x00007fc525dcb000],  sp=0x00007fc525dc8a10,  free space=1018k
Native frames: (J=compiled Java code, j=interpreted, Vv=VM code, C=native code)
C  [sqlite-3.15.1-a3433653-0897-44dd-9a81-7cf0dcb2cebb-libsqlitejdbc.so+0x24201]  Java_org_sqlite_core_NativeDB_shared_1cache+0x17911

Java frames: (J=compiled Java code, j=interpreted, Vv=VM code)
J 79  org.sqlite.core.NativeDB.step(J)I (0 bytes) @ 0x00007fc52d08b698 [0x00007fc52d08b660+0x38]
J 81 C2 com.hit.heat.data.SqlOperate.NetMonitor_count()I (49 bytes) @ 0x00007fc52d091620 [0x00007fc52d091480+0x1a0]
j  com.hit.heat.cn.ConsoleMainServer.heartbeat()V+172
j  com.hit.heat.cn.ConsoleMainServer$9.run()V+4
j  java.util.TimerThread.mainLoop()V+221
j  java.util.TimerThread.run()V+1
v  ~StubRoutines::call_stub

---------------  P R O C E S S  ---------------

Java Threads: ( => current thread )
  0x00007fc4a800c000 JavaThread "Timer-437" [_thread_blocked, id=12913, stack(0x00007fc524277000,0x00007fc524378000)]
  0x00007fc4a8019800 JavaThread "Timer-436" [_thread_blocked, id=12912, stack(0x00007fc524176000,0x00007fc524277000)]
  0x00007fc4cc001000 JavaThread "process reaper" daemon [_thread_blocked, id=12910, stack(0x00007fc52578c000,0x00007fc5257c5000)]
  0x00007fc4a4013000 JavaThread "nioEventLoopGroup-10-8" [_thread_in_native, id=12004, stack(0x00007fc524075000,0x00007fc524176000)]
  0x00007fc4a4012000 JavaThread "nioEventLoopGroup-10-7" [_thread_in_native, id=11877, stack(0x00007fc52457a000,0x00007fc52467b000)]
  0x00007fc4a4011000 JavaThread "nioEventLoopGroup-10-6" [_thread_in_native, id=11873, stack(0x00007fc524479000,0x00007fc52457a000)]
  0x00007fc4a400f800 JavaThread "nioEventLoopGroup-10-5" [_thread_in_native, id=11787, stack(0x00007fc524a7f000,0x00007fc524b80000)]
  0x00007fc4a400f000 JavaThread "nioEventLoopGroup-10-4" [_thread_in_native, id=11781, stack(0x00007fc524b80000,0x00007fc524c81000)]
  0x00007fc4a400e000 JavaThread "nioEventLoopGroup-10-3" [_thread_in_native, id=11759, stack(0x00007fc52487d000,0x00007fc52497e000)]
  0x00007fc4a400d000 JavaThread "nioEventLoopGroup-10-2" [_thread_in_native, id=11735, stack(0x00007fc52497e000,0x00007fc524a7f000)]
  0x00007fc4a400c800 JavaThread "nioEventLoopGroup-10-1" [_thread_in_native, id=11734, stack(0x00007fc52477c000,0x00007fc52487d000)]
  0x00007fc53000a000 JavaThread "DestroyJavaVM" [_thread_blocked, id=11312, stack(0x00007fc53772e000,0x00007fc53782f000)]
  0x00007fc530ba1800 JavaThread "nioEventLoopGroup-13-1" [_thread_in_native, id=11347, stack(0x00007fc524c81000,0x00007fc524d82000)]
  0x00007fc530ad8000 JavaThread "nioEventLoopGroup-12-1" [_thread_in_native, id=11346, stack(0x00007fc524d82000,0x00007fc524e83000)]
  0x00007fc530a0d800 JavaThread "nioEventLoopGroup-11-1" [_thread_in_native, id=11345, stack(0x00007fc524e83000,0x00007fc524f84000)]
  0x00007fc530944800 JavaThread "nioEventLoopGroup-9-1" [_thread_in_native, id=11344, stack(0x00007fc524f84000,0x00007fc525085000)]
  0x00007fc530803000 JavaThread "nioEventLoopGroup-6-1" [_thread_in_native, id=11343, stack(0x00007fc525085000,0x00007fc525186000)]
  0x00007fc530802800 JavaThread "nioEventLoopGroup-8-1" [_thread_in_native, id=11341, stack(0x00007fc525186000,0x00007fc525287000)]
  0x00007fc530801000 JavaThread "nioEventLoopGroup-7-1" [_thread_in_native, id=11340, stack(0x00007fc525287000,0x00007fc525388000)]
  0x00007fc530581800 JavaThread "Thread-12" [_thread_blocked, id=11338, stack(0x00007fc525388000,0x00007fc525489000)]
  0x00007fc5304b7800 JavaThread "Thread-11" [_thread_blocked, id=11337, stack(0x00007fc525489000,0x00007fc52558a000)]
  0x00007fc5303ef000 JavaThread "Thread-10" [_thread_blocked, id=11336, stack(0x00007fc52558a000,0x00007fc52568b000)]
  0x00007fc530248800 JavaThread "Thread-9" [_thread_blocked, id=11335, stack(0x00007fc52568b000,0x00007fc52578c000)]
  0x00007fc5301d9000 JavaThread "Timer-7" [_thread_blocked, id=11332, stack(0x00007fc5257c5000,0x00007fc5258c6000)]
  0x00007fc5301d5800 JavaThread "Timer-6" [_thread_blocked, id=11331, stack(0x00007fc5258c6000,0x00007fc5259c7000)]
  0x00007fc5301d3800 JavaThread "Timer-5" [_thread_blocked, id=11330, stack(0x00007fc5259c7000,0x00007fc525ac8000)]
  0x00007fc5301d2000 JavaThread "Timer-4" [_thread_blocked, id=11329, stack(0x00007fc525ac8000,0x00007fc525bc9000)]
  0x00007fc5301d0800 JavaThread "Timer-3" [_thread_blocked, id=11328, stack(0x00007fc525bc9000,0x00007fc525cca000)]
=>0x00007fc5301cf000 JavaThread "Timer-2" [_thread_in_native, id=11327, stack(0x00007fc525cca000,0x00007fc525dcb000)]
  0x00007fc5301af800 JavaThread "Timer-1" [_thread_blocked, id=11326, stack(0x00007fc525dcb000,0x00007fc525ecc000)]
  0x00007fc5301ae000 JavaThread "Timer-0" [_thread_blocked, id=11325, stack(0x00007fc525ecc000,0x00007fc525fcd000)]
  0x00007fc530099000 JavaThread "Service Thread" daemon [_thread_blocked, id=11323, stack(0x00007fc526c66000,0x00007fc526d67000)]
  0x00007fc530097000 JavaThread "C2 CompilerThread1" daemon [_thread_blocked, id=11322, stack(0x00007fc526d67000,0x00007fc526e68000)]
  0x00007fc530094000 JavaThread "C2 CompilerThread0" daemon [_thread_blocked, id=11321, stack(0x00007fc526e68000,0x00007fc526f69000)]
  0x00007fc530091800 JavaThread "Signal Dispatcher" daemon [_thread_blocked, id=11320, stack(0x00007fc526f69000,0x00007fc52706a000)]
  0x00007fc530070000 JavaThread "Finalizer" daemon [_thread_blocked, id=11319, stack(0x00007fc5274f5000,0x00007fc5275f6000)]
  0x00007fc53006e000 JavaThread "Reference Handler" daemon [_thread_blocked, id=11318, stack(0x00007fc5275f6000,0x00007fc5276f7000)]

Other Threads:
  0x00007fc530069800 VMThread [stack: 0x00007fc5276f7000,0x00007fc5277f8000] [id=11317]
  0x00007fc5300a4000 WatcherThread [stack: 0x00007fc526b65000,0x00007fc526c66000] [id=11324]

VM state:not at safepoint (normal execution)

VM Mutex/Monitor currently owned by a thread: None

Heap
 PSYoungGen      total 60416K, used 9410K [0x00000007d6e00000, 0x00000007db500000, 0x0000000800000000)
  eden space 51200K, 17% used [0x00000007d6e00000,0x00000007d76d89e0,0x00000007da000000)
  from space 9216K, 3% used [0x00000007dac00000,0x00000007dac58000,0x00000007db500000)
  to   space 10752K, 0% used [0x00000007da000000,0x00000007da000000,0x00000007daa80000)
 ParOldGen       total 83968K, used 10756K [0x0000000784a00000, 0x0000000789c00000, 0x00000007d6e00000)
  object space 83968K, 12% used [0x0000000784a00000,0x0000000785481370,0x0000000789c00000)
 PSPermGen       total 21504K, used 9726K [0x000000077f800000, 0x0000000780d00000, 0x0000000784a00000)
  object space 21504K, 45% used [0x000000077f800000,0x000000078017f830,0x0000000780d00000)

Card table byte_map: [0x00007fc534607000,0x00007fc534a0c000] byte_map_base: 0x00007fc530a0b000

Polling page: 0x00007fc53784f000

Code Cache  [0x00007fc52d000000, 0x00007fc52d270000, 0x00007fc530000000)
 total_blobs=528 nmethods=247 adapters=234 free_code_cache=47926Kb largest_free_block=49040896

Compilation events (10 events):
Event: 9386.852 Thread 0x00007fc530094000  247             org.sqlite.SQLiteErrorCode::getErrorCode (41 bytes)
Event: 9386.853 Thread 0x00007fc530094000 nmethod 247 0x00007fc52d118c50 code [0x00007fc52d118da0, 0x00007fc52d118eb8]
Event: 10559.357 Thread 0x00007fc530097000  248 % !         java.lang.ref.Reference$ReferenceHandler::run @ 0 (108 bytes)
Event: 10559.367 Thread 0x00007fc530094000  249 % !         java.lang.ref.Finalizer$FinalizerThread::run @ 33 (55 bytes)
Event: 10559.369 Thread 0x00007fc530094000 nmethod 249% 0x00007fc52d12d310 code [0x00007fc52d12d480, 0x00007fc52d12d618]
Event: 10559.369 Thread 0x00007fc530097000 nmethod 248% 0x00007fc52d12f250 code [0x00007fc52d12f400, 0x00007fc52d130198]
Event: 10624.036 Thread 0x00007fc530094000  250   !         java.lang.ThreadGroup::remove (94 bytes)
Event: 10624.044 Thread 0x00007fc530094000 nmethod 250 0x00007fc52d12ae50 code [0x00007fc52d12afa0, 0x00007fc52d12b5f8]
Event: 12905.662 Thread 0x00007fc530097000  251             org.sqlite.date.FormatCache$MultipartKey::hashCode (64 bytes)
Event: 12905.665 Thread 0x00007fc530097000 nmethod 251 0x00007fc52d12cf10 code [0x00007fc52d12d060, 0x00007fc52d12d1f8]

GC Heap History (10 events):
Event: 8193.704 GC heap before
{Heap before GC invocations=8 (full 0):
 PSYoungGen      total 59904K, used 59456K [0x00000007d6e00000, 0x00000007dbb80000, 0x0000000800000000)
  eden space 58880K, 100% used [0x00000007d6e00000,0x00000007da780000,0x00000007da780000)
  from space 1024K, 56% used [0x00000007da900000,0x00000007da990000,0x00000007daa00000)
  to   space 10240K, 0% used [0x00000007db180000,0x00000007db180000,0x00000007dbb80000)
 ParOldGen       total 83968K, used 10580K [0x0000000784a00000, 0x0000000789c00000, 0x00000007d6e00000)
  object space 83968K, 12% used [0x0000000784a00000,0x0000000785455370,0x0000000789c00000)
 PSPermGen       total 21504K, used 9721K [0x000000077f800000, 0x0000000780d00000, 0x0000000784a00000)
  object space 21504K, 45% used [0x000000077f800000,0x000000078017e620,0x0000000780d00000)
Event: 8193.708 GC heap after
Heap after GC invocations=8 (full 0):
 PSYoungGen      total 67072K, used 448K [0x00000007d6e00000, 0x00000007dbb00000, 0x0000000800000000)
  eden space 57344K, 0% used [0x00000007d6e00000,0x00000007d6e00000,0x00000007da600000)
  from space 9728K, 4% used [0x00000007db180000,0x00000007db1f0000,0x00000007dbb00000)
  to   space 10752K, 0% used [0x00000007da600000,0x00000007da600000,0x00000007db080000)
 ParOldGen       total 83968K, used 10668K [0x0000000784a00000, 0x0000000789c00000, 0x00000007d6e00000)
  object space 83968K, 12% used [0x0000000784a00000,0x000000078546b370,0x0000000789c00000)
 PSPermGen       total 21504K, used 9721K [0x000000077f800000, 0x0000000780d00000, 0x0000000784a00000)
  object space 21504K, 45% used [0x000000077f800000,0x000000078017e620,0x0000000780d00000)
}
Event: 9386.842 GC heap before
{Heap before GC invocations=9 (full 0):
 PSYoungGen      total 67072K, used 57792K [0x00000007d6e00000, 0x00000007dbb00000, 0x0000000800000000)
  eden space 57344K, 100% used [0x00000007d6e00000,0x00000007da600000,0x00000007da600000)
  from space 9728K, 4% used [0x00000007db180000,0x00000007db1f0000,0x00000007dbb00000)
  to   space 10752K, 0% used [0x00000007da600000,0x00000007da600000,0x00000007db080000)
 ParOldGen       total 83968K, used 10668K [0x0000000784a00000, 0x0000000789c00000, 0x00000007d6e00000)
  object space 83968K, 12% used [0x0000000784a00000,0x000000078546b370,0x0000000789c00000)
 PSPermGen       total 21504K, used 9721K [0x000000077f800000, 0x0000000780d00000, 0x0000000784a00000)
  object space 21504K, 45% used [0x000000077f800000,0x000000078017e620,0x0000000780d00000)
Event: 9386.844 GC heap after
Heap after GC invocations=9 (full 0):
 PSYoungGen      total 56320K, used 448K [0x00000007d6e00000, 0x00000007db980000, 0x0000000800000000)
  eden space 55808K, 0% used [0x00000007d6e00000,0x00000007d6e00000,0x00000007da480000)
  from space 512K, 87% used [0x00000007da600000,0x00000007da670000,0x00000007da680000)
  to   space 10752K, 0% used [0x00000007daf00000,0x00000007daf00000,0x00000007db980000)
 ParOldGen       total 83968K, used 10692K [0x0000000784a00000, 0x0000000789c00000, 0x00000007d6e00000)
  object space 83968K, 12% used [0x0000000784a00000,0x0000000785471370,0x0000000789c00000)
 PSPermGen       total 21504K, used 9721K [0x000000077f800000, 0x0000000780d00000, 0x0000000784a00000)
  object space 21504K, 45% used [0x000000077f800000,0x000000078017e620,0x0000000780d00000)
}
Event: 10559.352 GC heap before
{Heap before GC invocations=10 (full 0):
 PSYoungGen      total 56320K, used 56256K [0x00000007d6e00000, 0x00000007db980000, 0x0000000800000000)
  eden space 55808K, 100% used [0x00000007d6e00000,0x00000007da480000,0x00000007da480000)
  from space 512K, 87% used [0x00000007da600000,0x00000007da670000,0x00000007da680000)
  to   space 10752K, 0% used [0x00000007daf00000,0x00000007daf00000,0x00000007db980000)
 ParOldGen       total 83968K, used 10692K [0x0000000784a00000, 0x0000000789c00000, 0x00000007d6e00000)
  object space 83968K, 12% used [0x0000000784a00000,0x0000000785471370,0x0000000789c00000)
 PSPermGen       total 21504K, used 9721K [0x000000077f800000, 0x0000000780d00000, 0x0000000784a00000)
  object space 21504K, 45% used [0x000000077f800000,0x000000078017e7d0,0x0000000780d00000)
Event: 10559.354 GC heap after
Heap after GC invocations=10 (full 0):
 PSYoungGen      total 63488K, used 416K [0x00000007d6e00000, 0x00000007db800000, 0x0000000800000000)
  eden space 54272K, 0% used [0x00000007d6e00000,0x00000007d6e00000,0x00000007da300000)
  from space 9216K, 4% used [0x00000007daf00000,0x00000007daf68000,0x00000007db800000)
  to   space 10752K, 0% used [0x00000007da300000,0x00000007da300000,0x00000007dad80000)
 ParOldGen       total 83968K, used 10708K [0x0000000784a00000, 0x0000000789c00000, 0x00000007d6e00000)
  object space 83968K, 12% used [0x0000000784a00000,0x0000000785475370,0x0000000789c00000)
 PSPermGen       total 21504K, used 9721K [0x000000077f800000, 0x0000000780d00000, 0x0000000784a00000)
  object space 21504K, 45% used [0x000000077f800000,0x000000078017e7d0,0x0000000780d00000)
}
Event: 11723.490 GC heap before
{Heap before GC invocations=11 (full 0):
 PSYoungGen      total 63488K, used 54688K [0x00000007d6e00000, 0x00000007db800000, 0x0000000800000000)
  eden space 54272K, 100% used [0x00000007d6e00000,0x00000007da300000,0x00000007da300000)
  from space 9216K, 4% used [0x00000007daf00000,0x00000007daf68000,0x00000007db800000)
  to   space 10752K, 0% used [0x00000007da300000,0x00000007da300000,0x00000007dad80000)
 ParOldGen       total 83968K, used 10708K [0x0000000784a00000, 0x0000000789c00000, 0x00000007d6e00000)
  object space 83968K, 12% used [0x0000000784a00000,0x0000000785475370,0x0000000789c00000)
 PSPermGen       total 21504K, used 9723K [0x000000077f800000, 0x0000000780d00000, 0x0000000784a00000)
  object space 21504K, 45% used [0x000000077f800000,0x000000078017ee58,0x0000000780d00000)
Event: 11723.493 GC heap after
Heap after GC invocations=11 (full 0):
 PSYoungGen      total 53248K, used 416K [0x00000007d6e00000, 0x00000007db680000, 0x0000000800000000)
  eden space 52736K, 0% used [0x00000007d6e00000,0x00000007d6e00000,0x00000007da180000)
  from space 512K, 81% used [0x00000007da300000,0x00000007da368000,0x00000007da380000)
  to   space 10752K, 0% used [0x00000007dac00000,0x00000007dac00000,0x00000007db680000)
 ParOldGen       total 83968K, used 10732K [0x0000000784a00000, 0x0000000789c00000, 0x00000007d6e00000)
  object space 83968K, 12% used [0x0000000784a00000,0x000000078547b370,0x0000000789c00000)
 PSPermGen       total 21504K, used 9723K [0x000000077f800000, 0x0000000780d00000, 0x0000000784a00000)
  object space 21504K, 45% used [0x000000077f800000,0x000000078017ee58,0x0000000780d00000)
}
Event: 12809.206 GC heap before
{Heap before GC invocations=12 (full 0):
 PSYoungGen      total 53248K, used 53152K [0x00000007d6e00000, 0x00000007db680000, 0x0000000800000000)
  eden space 52736K, 100% used [0x00000007d6e00000,0x00000007da180000,0x00000007da180000)
  from space 512K, 81% used [0x00000007da300000,0x00000007da368000,0x00000007da380000)
  to   space 10752K, 0% used [0x00000007dac00000,0x00000007dac00000,0x00000007db680000)
 ParOldGen       total 83968K, used 10732K [0x0000000784a00000, 0x0000000789c00000, 0x00000007d6e00000)
  object space 83968K, 12% used [0x0000000784a00000,0x000000078547b370,0x0000000789c00000)
 PSPermGen       total 21504K, used 9726K [0x000000077f800000, 0x0000000780d00000, 0x0000000784a00000)
  object space 21504K, 45% used [0x000000077f800000,0x000000078017f830,0x0000000780d00000)
Event: 12809.209 GC heap after
Heap after GC invocations=12 (full 0):
 PSYoungGen      total 60416K, used 352K [0x00000007d6e00000, 0x00000007db500000, 0x0000000800000000)
  eden space 51200K, 0% used [0x00000007d6e00000,0x00000007d6e00000,0x00000007da000000)
  from space 9216K, 3% used [0x00000007dac00000,0x00000007dac58000,0x00000007db500000)
  to   space 10752K, 0% used [0x00000007da000000,0x00000007da000000,0x00000007daa80000)
 ParOldGen       total 83968K, used 10756K [0x0000000784a00000, 0x0000000789c00000, 0x00000007d6e00000)
  object space 83968K, 12% used [0x0000000784a00000,0x0000000785481370,0x0000000789c00000)
 PSPermGen       total 21504K, used 9726K [0x000000077f800000, 0x0000000780d00000, 0x0000000784a00000)
  object space 21504K, 45% used [0x000000077f800000,0x000000078017f830,0x0000000780d00000)
}

Deoptimization events (10 events):
Event: 1867.959 Thread 0x00007fc4a400e000 Uncommon trap: reason=bimorphic action=maybe_recompile pc=0x00007fc52d0987ac method=io.netty.util.internal.MpscLinkedQueue.poll()Ljava/lang/Object; @ 26
Event: 3421.230 Thread 0x00007fc4a800c000 Uncommon trap: reason=predicate action=maybe_recompile pc=0x00007fc52d0d2f40 method=java.util.Arrays.fill([Ljava/lang/Object;Ljava/lang/Object;)V @ 10
Event: 4653.065 Thread 0x00007fc4a800f800 Uncommon trap: reason=array_check action=maybe_recompile pc=0x00007fc52d12aab8 method=java.util.Arrays.fill([Ljava/lang/Object;Ljava/lang/Object;)V @ 13
Event: 4654.554 Thread 0x00007fc4a800c000 Uncommon trap: reason=array_check action=maybe_recompile pc=0x00007fc52d12aab8 method=java.util.Arrays.fill([Ljava/lang/Object;Ljava/lang/Object;)V @ 13
Event: 4655.283 Thread 0x00007fc5301d3800 Uncommon trap: reason=array_check action=maybe_recompile pc=0x00007fc52d12aab8 method=java.util.Arrays.fill([Ljava/lang/Object;Ljava/lang/Object;)V @ 13
Event: 4665.669 Thread 0x00007fc5301d3800 Uncommon trap: reason=array_check action=maybe_recompile pc=0x00007fc52d12aab8 method=java.util.Arrays.fill([Ljava/lang/Object;Ljava/lang/Object;)V @ 13
Event: 5700.430 Thread 0x00007fc5301ae000 Uncommon trap: reason=array_check action=maybe_recompile pc=0x00007fc52d119734 method=java.util.AbstractCollection.toArray([Ljava/lang/Object;)[Ljava/lang/Object; @ 119
Event: 5700.533 Thread 0x00007fc530ad8000 Uncommon trap: reason=array_check action=maybe_recompile pc=0x00007fc52d119734 method=java.util.AbstractCollection.toArray([Ljava/lang/Object;)[Ljava/lang/Object; @ 119
Event: 5700.533 Thread 0x00007fc530ad8000 Uncommon trap: reason=array_check action=maybe_recompile pc=0x00007fc52d119734 method=java.util.AbstractCollection.toArray([Ljava/lang/Object;)[Ljava/lang/Object; @ 119
Event: 5700.676 Thread 0x00007fc530ad8000 Uncommon trap: reason=array_check action=maybe_recompile pc=0x00007fc52d119734 method=java.util.AbstractCollection.toArray([Ljava/lang/Object;)[Ljava/lang/Object; @ 119

Internal exceptions (10 events):
Event: 12853.863 Thread 0x00007fc530ad8000 Threw 0x00000007d73275f0 at /HUDSON/workspace/7u-2-build-linux-amd64/jdk7u79/2331/hotspot/src/share/vm/prims/jni.cpp:717
Event: 12854.413 Thread 0x00007fc530ad8000 Threw 0x00000007d733d3b0 at /HUDSON/workspace/7u-2-build-linux-amd64/jdk7u79/2331/hotspot/src/share/vm/prims/jni.cpp:717
Event: 12861.332 Thread 0x00007fc530ad8000 Threw 0x00000007d73540e8 at /HUDSON/workspace/7u-2-build-linux-amd64/jdk7u79/2331/hotspot/src/share/vm/prims/jni.cpp:717
Event: 12867.834 Thread 0x00007fc530ad8000 Threw 0x00000007d736a1f0 at /HUDSON/workspace/7u-2-build-linux-amd64/jdk7u79/2331/hotspot/src/share/vm/prims/jni.cpp:717
Event: 12870.559 Thread 0x00007fc530ad8000 Threw 0x00000007d7381d90 at /HUDSON/workspace/7u-2-build-linux-amd64/jdk7u79/2331/hotspot/src/share/vm/prims/jni.cpp:717
Event: 12875.129 Thread 0x00007fc530ad8000 Threw 0x00000007d7397df8 at /HUDSON/workspace/7u-2-build-linux-amd64/jdk7u79/2331/hotspot/src/share/vm/prims/jni.cpp:717
Event: 12882.896 Thread 0x00007fc530ad8000 Threw 0x00000007d73adec8 at /HUDSON/workspace/7u-2-build-linux-amd64/jdk7u79/2331/hotspot/src/share/vm/prims/jni.cpp:717
Event: 12895.450 Thread 0x00007fc530ad8000 Threw 0x00000007d742cf90 at /HUDSON/workspace/7u-2-build-linux-amd64/jdk7u79/2331/hotspot/src/share/vm/prims/jni.cpp:717
Event: 12900.703 Thread 0x00007fc530ad8000 Threw 0x00000007d74521c0 at /HUDSON/workspace/7u-2-build-linux-amd64/jdk7u79/2331/hotspot/src/share/vm/prims/jni.cpp:717
Event: 12905.790 Thread 0x00007fc530ad8000 Threw 0x00000007d74ce458 at /HUDSON/workspace/7u-2-build-linux-amd64/jdk7u79/2331/hotspot/src/share/vm/prims/jni.cpp:717

Events (10 events):
Event: 12917.630 Executing VM operation: RevokeBias
Event: 12917.631 Executing VM operation: RevokeBias done
Event: 12918.599 Executing VM operation: RevokeBias
Event: 12918.600 Executing VM operation: RevokeBias done
Event: 12918.600 Thread 0x00007fc4a800c000 Thread exited: 0x00007fc4a800c000
Event: 12920.016 Thread 0x00007fc4a800c000 Thread added: 0x00007fc4a800c000
Event: 12920.016 Executing VM operation: RevokeBias
Event: 12920.016 Executing VM operation: RevokeBias done
Event: 12920.634 Executing VM operation: RevokeBias
Event: 12920.634 Executing VM operation: RevokeBias done


Dynamic libraries:
00400000-00401000 r-xp 00000000 08:01 18483539                           /opt/jdk1.7.0_79/bin/java
00600000-00601000 rw-p 00000000 08:01 18483539                           /opt/jdk1.7.0_79/bin/java
01025000-011d0000 rw-p 00000000 00:00 0                                  [heap]
77f800000-780d00000 rw-p 00000000 00:00 0 
780d00000-784a00000 rw-p 00000000 00:00 0 
784a00000-789c00000 rw-p 00000000 00:00 0 
789c00000-7d6e00000 rw-p 00000000 00:00 0 
7d6e00000-7db500000 rw-p 00000000 00:00 0 
7db500000-7dbe00000 ---p 00000000 00:00 0 
7dbe00000-800000000 rw-p 00000000 00:00 0 
7fc4a4000000-7fc4a4021000 rw-p 00000000 00:00 0 
7fc4a4021000-7fc4a8000000 ---p 00000000 00:00 0 
7fc4a8000000-7fc4a8121000 rw-p 00000000 00:00 0 
7fc4a8121000-7fc4ac000000 ---p 00000000 00:00 0 
7fc4ac000000-7fc4ac021000 rw-p 00000000 00:00 0 
7fc4ac021000-7fc4b0000000 ---p 00000000 00:00 0 
7fc4b0000000-7fc4b0021000 rw-p 00000000 00:00 0 
7fc4b0021000-7fc4b4000000 ---p 00000000 00:00 0 
7fc4b4000000-7fc4b424f000 rw-p 00000000 00:00 0 
7fc4b424f000-7fc4b8000000 ---p 00000000 00:00 0 
7fc4b8000000-7fc4b8252000 rw-p 00000000 00:00 0 
7fc4b8252000-7fc4bc000000 ---p 00000000 00:00 0 
7fc4bc000000-7fc4bc021000 rw-p 00000000 00:00 0 
7fc4bc021000-7fc4c0000000 ---p 00000000 00:00 0 
7fc4c0000000-7fc4c0021000 rw-p 00000000 00:00 0 
7fc4c0021000-7fc4c4000000 ---p 00000000 00:00 0 
7fc4c4000000-7fc4c4021000 rw-p 00000000 00:00 0 
7fc4c4021000-7fc4c8000000 ---p 00000000 00:00 0 
7fc4c8000000-7fc4c8021000 rw-p 00000000 00:00 0 
7fc4c8021000-7fc4cc000000 ---p 00000000 00:00 0 
7fc4cc000000-7fc4cc021000 rw-p 00000000 00:00 0 
7fc4cc021000-7fc4d0000000 ---p 00000000 00:00 0 
7fc4d0000000-7fc4d0021000 rw-p 00000000 00:00 0 
7fc4d0021000-7fc4d4000000 ---p 00000000 00:00 0 
7fc4d4000000-7fc4d4021000 rw-p 00000000 00:00 0 
7fc4d4021000-7fc4d8000000 ---p 00000000 00:00 0 
7fc4d8000000-7fc4d8021000 rw-p 00000000 00:00 0 
7fc4d8021000-7fc4dc000000 ---p 00000000 00:00 0 
7fc4dc000000-7fc4dc0ed000 rw-p 00000000 00:00 0 
7fc4dc0ed000-7fc4e0000000 ---p 00000000 00:00 0 
7fc4e0000000-7fc4e008a000 rw-p 00000000 00:00 0 
7fc4e008a000-7fc4e4000000 ---p 00000000 00:00 0 
7fc4e4000000-7fc4e4021000 rw-p 00000000 00:00 0 
7fc4e4021000-7fc4e8000000 ---p 00000000 00:00 0 
7fc4e8000000-7fc4e8111000 rw-p 00000000 00:00 0 
7fc4e8111000-7fc4ec000000 ---p 00000000 00:00 0 
7fc4ec000000-7fc4ec021000 rw-p 00000000 00:00 0 
7fc4ec021000-7fc4f0000000 ---p 00000000 00:00 0 
7fc4f0000000-7fc4f0021000 rw-p 00000000 00:00 0 
7fc4f0021000-7fc4f4000000 ---p 00000000 00:00 0 
7fc4f4000000-7fc4f4fce000 rw-p 00000000 00:00 0 
7fc4f4fce000-7fc4f8000000 ---p 00000000 00:00 0 
7fc4f8000000-7fc4f8de7000 rw-p 00000000 00:00 0 
7fc4f8de7000-7fc4fc000000 ---p 00000000 00:00 0 
7fc4fc000000-7fc4fc021000 rw-p 00000000 00:00 0 
7fc4fc021000-7fc500000000 ---p 00000000 00:00 0 
7fc500000000-7fc500021000 rw-p 00000000 00:00 0 
7fc500021000-7fc504000000 ---p 00000000 00:00 0 
7fc504000000-7fc504021000 rw-p 00000000 00:00 0 
7fc504021000-7fc508000000 ---p 00000000 00:00 0 
7fc50bfc0000-7fc510000000 rw-p 00000000 00:00 0 
7fc510000000-7fc510021000 rw-p 00000000 00:00 0 
7fc510021000-7fc514000000 ---p 00000000 00:00 0 
7fc514000000-7fc514088000 rw-p 00000000 00:00 0 
7fc514088000-7fc518000000 ---p 00000000 00:00 0 
7fc518000000-7fc518021000 rw-p 00000000 00:00 0 
7fc518021000-7fc51c000000 ---p 00000000 00:00 0 
7fc51feff000-7fc51ff02000 ---p 00000000 00:00 0 
7fc51ff02000-7fc520000000 rw-p 00000000 00:00 0 
7fc520000000-7fc520021000 rw-p 00000000 00:00 0 
7fc520021000-7fc524000000 ---p 00000000 00:00 0 
7fc524075000-7fc524078000 ---p 00000000 00:00 0 
7fc524078000-7fc524176000 rw-p 00000000 00:00 0 
7fc524176000-7fc524179000 ---p 00000000 00:00 0 
7fc524179000-7fc524277000 rw-p 00000000 00:00 0 
7fc524277000-7fc52427a000 ---p 00000000 00:00 0 
7fc52427a000-7fc524378000 rw-p 00000000 00:00 0 
7fc524378000-7fc52437b000 ---p 00000000 00:00 0 
7fc52437b000-7fc524479000 rw-p 00000000 00:00 0 
7fc524479000-7fc52447c000 ---p 00000000 00:00 0 
7fc52447c000-7fc52457a000 rw-p 00000000 00:00 0 
7fc52457a000-7fc52457d000 ---p 00000000 00:00 0 
7fc52457d000-7fc52467b000 rw-p 00000000 00:00 0 
7fc52467b000-7fc52467e000 ---p 00000000 00:00 0 
7fc52467e000-7fc52477c000 rw-p 00000000 00:00 0 
7fc52477c000-7fc52477f000 ---p 00000000 00:00 0 
7fc52477f000-7fc52487d000 rw-p 00000000 00:00 0 
7fc52487d000-7fc524880000 ---p 00000000 00:00 0 
7fc524880000-7fc52497e000 rw-p 00000000 00:00 0 
7fc52497e000-7fc524981000 ---p 00000000 00:00 0 
7fc524981000-7fc524a7f000 rw-p 00000000 00:00 0 
7fc524a7f000-7fc524a82000 ---p 00000000 00:00 0 
7fc524a82000-7fc524b80000 rw-p 00000000 00:00 0 
7fc524b80000-7fc524b83000 ---p 00000000 00:00 0 
7fc524b83000-7fc524c81000 rw-p 00000000 00:00 0 
7fc524c81000-7fc524c84000 ---p 00000000 00:00 0 
7fc524c84000-7fc524d82000 rw-p 00000000 00:00 0 
7fc524d82000-7fc524d85000 ---p 00000000 00:00 0 
7fc524d85000-7fc524e83000 rw-p 00000000 00:00 0 
7fc524e83000-7fc524e86000 ---p 00000000 00:00 0 
7fc524e86000-7fc524f84000 rw-p 00000000 00:00 0 
7fc524f84000-7fc524f87000 ---p 00000000 00:00 0 
7fc524f87000-7fc525085000 rw-p 00000000 00:00 0 
7fc525085000-7fc525088000 ---p 00000000 00:00 0 
7fc525088000-7fc525186000 rw-p 00000000 00:00 0 
7fc525186000-7fc525189000 ---p 00000000 00:00 0 
7fc525189000-7fc525287000 rw-p 00000000 00:00 0 
7fc525287000-7fc52528a000 ---p 00000000 00:00 0 
7fc52528a000-7fc525388000 rw-p 00000000 00:00 0 
7fc525388000-7fc52538b000 ---p 00000000 00:00 0 
7fc52538b000-7fc525489000 rw-p 00000000 00:00 0 
7fc525489000-7fc52548c000 ---p 00000000 00:00 0 
7fc52548c000-7fc52558a000 rw-p 00000000 00:00 0 
7fc52558a000-7fc52558d000 ---p 00000000 00:00 0 
7fc52558d000-7fc52568b000 rw-p 00000000 00:00 0 
7fc52568b000-7fc52568e000 ---p 00000000 00:00 0 
7fc52568e000-7fc52578c000 rw-p 00000000 00:00 0 
7fc52578c000-7fc52578f000 ---p 00000000 00:00 0 
7fc52578f000-7fc5257c5000 rw-p 00000000 00:00 0 
7fc5257c5000-7fc5257c8000 ---p 00000000 00:00 0 
7fc5257c8000-7fc5258c6000 rw-p 00000000 00:00 0 
7fc5258c6000-7fc5258c9000 ---p 00000000 00:00 0 
7fc5258c9000-7fc5259c7000 rw-p 00000000 00:00 0 
7fc5259c7000-7fc5259ca000 ---p 00000000 00:00 0 
7fc5259ca000-7fc525ac8000 rw-p 00000000 00:00 0 
7fc525ac8000-7fc525acb000 ---p 00000000 00:00 0 
7fc525acb000-7fc525bc9000 rw-p 00000000 00:00 0 
7fc525bc9000-7fc525bcc000 ---p 00000000 00:00 0 
7fc525bcc000-7fc525cca000 rw-p 00000000 00:00 0 
7fc525cca000-7fc525ccd000 ---p 00000000 00:00 0 
7fc525ccd000-7fc525dcb000 rw-p 00000000 00:00 0 
7fc525dcb000-7fc525dce000 ---p 00000000 00:00 0 
7fc525dce000-7fc525ecc000 rw-p 00000000 00:00 0 
7fc525ecc000-7fc525ecf000 ---p 00000000 00:00 0 
7fc525ecf000-7fc525fcd000 rw-p 00000000 00:00 0 
7fc525fcd000-7fc5260af000 r-xp 00000000 08:01 42205248                   /tmp/sqlite-3.15.1-a3433653-0897-44dd-9a81-7cf0dcb2cebb-libsqlitejdbc.so
7fc5260af000-7fc5262ae000 ---p 000e2000 08:01 42205248                   /tmp/sqlite-3.15.1-a3433653-0897-44dd-9a81-7cf0dcb2cebb-libsqlitejdbc.so
7fc5262ae000-7fc5262b3000 rw-p 000e1000 08:01 42205248                   /tmp/sqlite-3.15.1-a3433653-0897-44dd-9a81-7cf0dcb2cebb-libsqlitejdbc.so
7fc5262b3000-7fc5265b4000 rw-p 00000000 00:00 0 
7fc5265b4000-7fc5265ca000 r-xp 00000000 08:01 18481568                   /opt/jdk1.7.0_79/jre/lib/amd64/libnet.so
7fc5265ca000-7fc5267ca000 ---p 00016000 08:01 18481568                   /opt/jdk1.7.0_79/jre/lib/amd64/libnet.so
7fc5267ca000-7fc5267cb000 rw-p 00016000 08:01 18481568                   /opt/jdk1.7.0_79/jre/lib/amd64/libnet.so
7fc5267cb000-7fc5267db000 r-xp 00000000 08:01 18481534                   /opt/jdk1.7.0_79/jre/lib/amd64/libnio.so
7fc5267db000-7fc5269db000 ---p 00010000 08:01 18481534                   /opt/jdk1.7.0_79/jre/lib/amd64/libnio.so
7fc5269db000-7fc5269dc000 rw-p 00010000 08:01 18481534                   /opt/jdk1.7.0_79/jre/lib/amd64/libnio.so
7fc5269dc000-7fc526b65000 r--s 02cfb000 08:01 37360539                   /home/ubuntu/graduate_project/ConsoleMainServerProgram/lib/com.sun.jar
7fc526b65000-7fc526b66000 ---p 00000000 00:00 0 
7fc526b66000-7fc526c66000 rw-p 00000000 00:00 0 
7fc526c66000-7fc526c69000 ---p 00000000 00:00 0 
7fc526c69000-7fc526d67000 rw-p 00000000 00:00 0 
7fc526d67000-7fc526d6a000 ---p 00000000 00:00 0 
7fc526d6a000-7fc526e68000 rw-p 00000000 00:00 0 
7fc526e68000-7fc526e6b000 ---p 00000000 00:00 0 
7fc526e6b000-7fc526f69000 rw-p 00000000 00:00 0 
7fc526f69000-7fc526f6c000 ---p 00000000 00:00 0 
7fc526f6c000-7fc52706a000 rw-p 00000000 00:00 0 
7fc52706a000-7fc5274f5000 r--p 00000000 08:01 58730663                   /usr/lib/locale/locale-archive
7fc5274f5000-7fc5274f8000 ---p 00000000 00:00 0 
7fc5274f8000-7fc5275f6000 rw-p 00000000 00:00 0 
7fc5275f6000-7fc5275f9000 ---p 00000000 00:00 0 
7fc5275f9000-7fc5276f7000 rw-p 00000000 00:00 0 
7fc5276f7000-7fc5276f8000 ---p 00000000 00:00 0 
7fc5276f8000-7fc528000000 rw-p 00000000 00:00 0 
7fc528000000-7fc528021000 rw-p 00000000 00:00 0 
7fc528021000-7fc52c000000 ---p 00000000 00:00 0 
7fc52c003000-7fc52c007000 r--s 0008b000 08:01 18482160                   /opt/jdk1.7.0_79/jre/lib/jsse.jar
7fc52c007000-7fc52c009000 r--s 00008000 08:01 37360542                   /home/ubuntu/graduate_project/ConsoleMainServerProgram/lib/commons-logging.jar
7fc52c009000-7fc52c842000 rw-p 00000000 00:00 0 
7fc52c842000-7fc52ca02000 r--s 039f7000 08:01 18482216                   /opt/jdk1.7.0_79/jre/lib/rt.jar
7fc52ca02000-7fc52ceff000 rw-p 00000000 00:00 0 
7fc52ceff000-7fc52cf00000 ---p 00000000 00:00 0 
7fc52cf00000-7fc52d000000 rw-p 00000000 00:00 0 
7fc52d000000-7fc52d270000 rwxp 00000000 00:00 0 
7fc52d270000-7fc530ba3000 rw-p 00000000 00:00 0 
7fc530ba3000-7fc534000000 ---p 00000000 00:00 0 
7fc534000000-7fc534003000 r--s 00428000 08:01 37360537                   /home/ubuntu/graduate_project/ConsoleMainServerProgram/lib/sqlite-jdbc-3.15.1.jar
7fc534003000-7fc534020000 r--s 00196000 08:01 37360541                   /home/ubuntu/graduate_project/ConsoleMainServerProgram/lib/netty-all-4.0.23.Final.jar
7fc534020000-7fc534049000 rw-p 00000000 00:00 0 
7fc534049000-7fc53404a000 ---p 00000000 00:00 0 
7fc53404a000-7fc53414a000 rw-p 00000000 00:00 0 
7fc53414a000-7fc53414b000 ---p 00000000 00:00 0 
7fc53414b000-7fc53424b000 rw-p 00000000 00:00 0 
7fc53424b000-7fc53424c000 ---p 00000000 00:00 0 
7fc53424c000-7fc534357000 rw-p 00000000 00:00 0 
7fc534357000-7fc534375000 rw-p 00000000 00:00 0 
7fc534375000-7fc53439e000 rw-p 00000000 00:00 0 
7fc53439e000-7fc534607000 rw-p 00000000 00:00 0 
7fc534607000-7fc534612000 rw-p 00000000 00:00 0 
7fc534612000-7fc534630000 rw-p 00000000 00:00 0 
7fc534630000-7fc534659000 rw-p 00000000 00:00 0 
7fc534659000-7fc5348c2000 rw-p 00000000 00:00 0 
7fc5348c2000-7fc5348e6000 rw-p 00000000 00:00 0 
7fc5348e6000-7fc5348ea000 ---p 00000000 00:00 0 
7fc5348ea000-7fc534a0b000 rw-p 00000000 00:00 0 
7fc534a0b000-7fc534a0c000 rw-p 00000000 00:00 0 
7fc534a0c000-7fc534a26000 r-xp 00000000 08:01 18481563                   /opt/jdk1.7.0_79/jre/lib/amd64/libzip.so
7fc534a26000-7fc534c26000 ---p 0001a000 08:01 18481563                   /opt/jdk1.7.0_79/jre/lib/amd64/libzip.so
7fc534c26000-7fc534c27000 rw-p 0001a000 08:01 18481563                   /opt/jdk1.7.0_79/jre/lib/amd64/libzip.so
7fc534c27000-7fc534c32000 r-xp 00000000 08:01 58458354                   /lib/x86_64-linux-gnu/libnss_files-2.23.so
7fc534c32000-7fc534e31000 ---p 0000b000 08:01 58458354                   /lib/x86_64-linux-gnu/libnss_files-2.23.so
7fc534e31000-7fc534e32000 r--p 0000a000 08:01 58458354                   /lib/x86_64-linux-gnu/libnss_files-2.23.so
7fc534e32000-7fc534e33000 rw-p 0000b000 08:01 58458354                   /lib/x86_64-linux-gnu/libnss_files-2.23.so
7fc534e33000-7fc534e39000 rw-p 00000000 00:00 0 
7fc534e39000-7fc534e44000 r-xp 00000000 08:01 58458360                   /lib/x86_64-linux-gnu/libnss_nis-2.23.so
7fc534e44000-7fc535043000 ---p 0000b000 08:01 58458360                   /lib/x86_64-linux-gnu/libnss_nis-2.23.so
7fc535043000-7fc535044000 r--p 0000a000 08:01 58458360                   /lib/x86_64-linux-gnu/libnss_nis-2.23.so
7fc535044000-7fc535045000 rw-p 0000b000 08:01 58458360                   /lib/x86_64-linux-gnu/libnss_nis-2.23.so
7fc535045000-7fc53505b000 r-xp 00000000 08:01 58458346                   /lib/x86_64-linux-gnu/libnsl-2.23.so
7fc53505b000-7fc53525a000 ---p 00016000 08:01 58458346                   /lib/x86_64-linux-gnu/libnsl-2.23.so
7fc53525a000-7fc53525b000 r--p 00015000 08:01 58458346                   /lib/x86_64-linux-gnu/libnsl-2.23.so
7fc53525b000-7fc53525c000 rw-p 00016000 08:01 58458346                   /lib/x86_64-linux-gnu/libnsl-2.23.so
7fc53525c000-7fc53525e000 rw-p 00000000 00:00 0 
7fc53525e000-7fc535266000 r-xp 00000000 08:01 58458372                   /lib/x86_64-linux-gnu/libnss_compat-2.23.so
7fc535266000-7fc535465000 ---p 00008000 08:01 58458372                   /lib/x86_64-linux-gnu/libnss_compat-2.23.so
7fc535465000-7fc535466000 r--p 00007000 08:01 58458372                   /lib/x86_64-linux-gnu/libnss_compat-2.23.so
7fc535466000-7fc535467000 rw-p 00008000 08:01 58458372                   /lib/x86_64-linux-gnu/libnss_compat-2.23.so
7fc535467000-7fc535490000 r-xp 00000000 08:01 18481529                   /opt/jdk1.7.0_79/jre/lib/amd64/libjava.so
7fc535490000-7fc535690000 ---p 00029000 08:01 18481529                   /opt/jdk1.7.0_79/jre/lib/amd64/libjava.so
7fc535690000-7fc535692000 rw-p 00029000 08:01 18481529                   /opt/jdk1.7.0_79/jre/lib/amd64/libjava.so
7fc535692000-7fc53569f000 r-xp 00000000 08:01 18481556                   /opt/jdk1.7.0_79/jre/lib/amd64/libverify.so
7fc53569f000-7fc53589e000 ---p 0000d000 08:01 18481556                   /opt/jdk1.7.0_79/jre/lib/amd64/libverify.so
7fc53589e000-7fc5358a0000 rw-p 0000c000 08:01 18481556                   /opt/jdk1.7.0_79/jre/lib/amd64/libverify.so
7fc5358a0000-7fc5358a7000 r-xp 00000000 08:01 58458364                   /lib/x86_64-linux-gnu/librt-2.23.so
7fc5358a7000-7fc535aa6000 ---p 00007000 08:01 58458364                   /lib/x86_64-linux-gnu/librt-2.23.so
7fc535aa6000-7fc535aa7000 r--p 00006000 08:01 58458364                   /lib/x86_64-linux-gnu/librt-2.23.so
7fc535aa7000-7fc535aa8000 rw-p 00007000 08:01 58458364                   /lib/x86_64-linux-gnu/librt-2.23.so
7fc535aa8000-7fc535bb0000 r-xp 00000000 08:01 58458382                   /lib/x86_64-linux-gnu/libm-2.23.so
7fc535bb0000-7fc535daf000 ---p 00108000 08:01 58458382                   /lib/x86_64-linux-gnu/libm-2.23.so
7fc535daf000-7fc535db0000 r--p 00107000 08:01 58458382                   /lib/x86_64-linux-gnu/libm-2.23.so
7fc535db0000-7fc535db1000 rw-p 00108000 08:01 58458382                   /lib/x86_64-linux-gnu/libm-2.23.so
7fc535db1000-7fc536926000 r-xp 00000000 08:01 18481583                   /opt/jdk1.7.0_79/jre/lib/amd64/server/libjvm.so
7fc536926000-7fc536b26000 ---p 00b75000 08:01 18481583                   /opt/jdk1.7.0_79/jre/lib/amd64/server/libjvm.so
7fc536b26000-7fc536bea000 rw-p 00b75000 08:01 18481583                   /opt/jdk1.7.0_79/jre/lib/amd64/server/libjvm.so
7fc536bea000-7fc536c2b000 rw-p 00000000 00:00 0 
7fc536c2b000-7fc536deb000 r-xp 00000000 08:01 58458389                   /lib/x86_64-linux-gnu/libc-2.23.so
7fc536deb000-7fc536feb000 ---p 001c0000 08:01 58458389                   /lib/x86_64-linux-gnu/libc-2.23.so
7fc536feb000-7fc536fef000 r--p 001c0000 08:01 58458389                   /lib/x86_64-linux-gnu/libc-2.23.so
7fc536fef000-7fc536ff1000 rw-p 001c4000 08:01 58458389                   /lib/x86_64-linux-gnu/libc-2.23.so
7fc536ff1000-7fc536ff5000 rw-p 00000000 00:00 0 
7fc536ff5000-7fc536ff8000 r-xp 00000000 08:01 58458370                   /lib/x86_64-linux-gnu/libdl-2.23.so
7fc536ff8000-7fc5371f7000 ---p 00003000 08:01 58458370                   /lib/x86_64-linux-gnu/libdl-2.23.so
7fc5371f7000-7fc5371f8000 r--p 00002000 08:01 58458370                   /lib/x86_64-linux-gnu/libdl-2.23.so
7fc5371f8000-7fc5371f9000 rw-p 00003000 08:01 58458370                   /lib/x86_64-linux-gnu/libdl-2.23.so
7fc5371f9000-7fc53720f000 r-xp 00000000 08:01 18482260                   /opt/jdk1.7.0_79/lib/amd64/jli/libjli.so
7fc53720f000-7fc53740f000 ---p 00016000 08:01 18482260                   /opt/jdk1.7.0_79/lib/amd64/jli/libjli.so
7fc53740f000-7fc537410000 rw-p 00016000 08:01 18482260                   /opt/jdk1.7.0_79/lib/amd64/jli/libjli.so
7fc537410000-7fc537428000 r-xp 00000000 08:01 58458358                   /lib/x86_64-linux-gnu/libpthread-2.23.so
7fc537428000-7fc537627000 ---p 00018000 08:01 58458358                   /lib/x86_64-linux-gnu/libpthread-2.23.so
7fc537627000-7fc537628000 r--p 00017000 08:01 58458358                   /lib/x86_64-linux-gnu/libpthread-2.23.so
7fc537628000-7fc537629000 rw-p 00018000 08:01 58458358                   /lib/x86_64-linux-gnu/libpthread-2.23.so
7fc537629000-7fc53762d000 rw-p 00000000 00:00 0 
7fc53762d000-7fc537653000 r-xp 00000000 08:01 58458348                   /lib/x86_64-linux-gnu/ld-2.23.so
7fc537654000-7fc53765b000 r--s 00067000 08:01 37360535                   /home/ubuntu/graduate_project/ConsoleMainServerProgram/lib/quartz-1.6.5.jar
7fc53765b000-7fc53765d000 r--s 00016000 08:01 37360543                   /home/ubuntu/graduate_project/ConsoleMainServerProgram/lib/json.jar
7fc53765d000-7fc53766e000 r--s 0016f000 08:01 37360540                   /home/ubuntu/graduate_project/ConsoleMainServerProgram/lib/jfreechart-1.0.19.jar
7fc53766e000-7fc537678000 rw-p 00000000 00:00 0 
7fc537678000-7fc53772e000 rw-p 00000000 00:00 0 
7fc53772e000-7fc537731000 ---p 00000000 00:00 0 
7fc537731000-7fc537833000 rw-p 00000000 00:00 0 
7fc537833000-7fc537839000 r--s 0004b000 08:01 37360534                   /home/ubuntu/graduate_project/ConsoleMainServerProgram/lib/jcommon-1.0.23.jar
7fc537839000-7fc53783c000 r--s 00014000 08:01 37360536                   /home/ubuntu/graduate_project/ConsoleMainServerProgram/lib/commons-net-ftp-2.0.jar
7fc53783c000-7fc537846000 r--s 00253000 08:01 18481611                   /opt/jdk1.7.0_79/jre/lib/resources.jar
7fc537846000-7fc53784e000 rw-s 00000000 08:01 42336290                   /tmp/hsperfdata_ubuntu/11307
7fc53784e000-7fc53784f000 rw-p 00000000 00:00 0 
7fc53784f000-7fc537850000 r--p 00000000 00:00 0 
7fc537850000-7fc537852000 rw-p 00000000 00:00 0 
7fc537852000-7fc537853000 r--p 00025000 08:01 58458348                   /lib/x86_64-linux-gnu/ld-2.23.so
7fc537853000-7fc537854000 rw-p 00026000 08:01 58458348                   /lib/x86_64-linux-gnu/ld-2.23.so
7fc537854000-7fc537855000 rw-p 00000000 00:00 0 
7ffe3af7a000-7ffe3af9b000 rw-p 00000000 00:00 0                          [stack]
7ffe3afe0000-7ffe3afe2000 r--p 00000000 00:00 0                          [vvar]
7ffe3afe2000-7ffe3afe4000 r-xp 00000000 00:00 0                          [vdso]
ffffffffff600000-ffffffffff601000 r-xp 00000000 00:00 0                  [vsyscall]

VM Arguments:
jvm_args: -Dfile.encoding=UTF-8 
java_command: com.hit.heat.cn.Main
Launcher Type: SUN_STANDARD

Environment Variables:
JAVA_HOME=/opt/jdk1.8.0_102
CLASSPATH=.:/opt/jdk1.8.0_102/lib/dt.jar:/opt/jdk1.8.0_102/lib/tools.jar:
PATH=/opt/jdk1.8.0_102/bin:/usr/local/sbin:/usr/local/bin:/usr/sbin:/usr/bin:/sbin:/bin:/usr/games:/usr/local/games:/snap/bin
SHELL=/bin/bash
DISPLAY=:0

Signal Handlers:
SIGSEGV: [libjvm.so+0x9a3bf0], sa_mask[0]=0x7ffbfeff, sa_flags=0x10000004
SIGBUS: [libjvm.so+0x9a3bf0], sa_mask[0]=0x7ffbfeff, sa_flags=0x10000004
SIGFPE: [libjvm.so+0x81cb60], sa_mask[0]=0x7ffbfeff, sa_flags=0x10000004
SIGPIPE: [libjvm.so+0x81cb60], sa_mask[0]=0x7ffbfeff, sa_flags=0x10000004
SIGXFSZ: [libjvm.so+0x81cb60], sa_mask[0]=0x7ffbfeff, sa_flags=0x10000004
SIGILL: [libjvm.so+0x81cb60], sa_mask[0]=0x7ffbfeff, sa_flags=0x10000004
SIGUSR1: SIG_DFL, sa_mask[0]=0x00000000, sa_flags=0x00000000
SIGUSR2: [libjvm.so+0x81e360], sa_mask[0]=0x00000004, sa_flags=0x10000004
SIGHUP: [libjvm.so+0x81f480], sa_mask[0]=0x7ffbfeff, sa_flags=0x10000004
SIGINT: [libjvm.so+0x81f480], sa_mask[0]=0x7ffbfeff, sa_flags=0x10000004
SIGTERM: [libjvm.so+0x81f480], sa_mask[0]=0x7ffbfeff, sa_flags=0x10000004
SIGQUIT: [libjvm.so+0x81f480], sa_mask[0]=0x7ffbfeff, sa_flags=0x10000004


---------------  S Y S T E M  ---------------

OS:stretch/sid

uname:Linux 4.4.0-97-generic #120-Ubuntu SMP Tue Sep 19 17:28:18 UTC 2017 x86_64
libc:glibc 2.23 NPTL 2.23 
rlimit: STACK 8192k, CORE 0k, NPROC 31428, NOFILE 65536, AS infinity
load average:0.18 0.21 0.19

/proc/meminfo:
MemTotal:        8085092 kB
MemFree:          248332 kB
MemAvailable:    2808524 kB
Buffers:          743360 kB
Cached:          1543544 kB
SwapCached:       137892 kB
Active:          4743188 kB
Inactive:        1589104 kB
Active(anon):    3710016 kB
Inactive(anon):  1075844 kB
Active(file):    1033172 kB
Inactive(file):   513260 kB
Unevictable:          32 kB
Mlocked:              32 kB
SwapTotal:       8296444 kB
SwapFree:        6966392 kB
Dirty:                84 kB
Writeback:             0 kB
AnonPages:       3933512 kB
Mapped:           609660 kB
Shmem:            740472 kB
Slab:            1372664 kB
SReclaimable:    1319192 kB
SUnreclaim:        53472 kB
KernelStack:       12736 kB
PageTables:        61876 kB
NFS_Unstable:          0 kB
Bounce:                0 kB
WritebackTmp:          0 kB
CommitLimit:    12338988 kB
Committed_AS:   14739084 kB
VmallocTotal:   34359738367 kB
VmallocUsed:           0 kB
VmallocChunk:          0 kB
HardwareCorrupted:     0 kB
AnonHugePages:   2197504 kB
CmaTotal:              0 kB
CmaFree:               0 kB
HugePages_Total:       0
HugePages_Free:        0
HugePages_Rsvd:        0
HugePages_Surp:        0
Hugepagesize:       2048 kB
DirectMap4k:      248516 kB
DirectMap2M:     8050688 kB


CPU:total 4 (2 cores per cpu, 2 threads per core) family 6 model 42 stepping 7, cmov, cx8, fxsr, mmx, sse, sse2, sse3, ssse3, sse4.1, sse4.2, popcnt, avx, ht, tsc, tscinvbit

/proc/cpuinfo:
processor	: 0
vendor_id	: GenuineIntel
cpu family	: 6
model		: 42
model name	: Intel(R) Core(TM) i3-2100 CPU @ 3.10GHz
stepping	: 7
microcode	: 0x18
cpu MHz		: 2942.214
cache size	: 3072 KB
physical id	: 0
siblings	: 4
core id		: 0
cpu cores	: 2
apicid		: 0
initial apicid	: 0
fpu		: yes
fpu_exception	: yes
cpuid level	: 13
wp		: yes
flags		: fpu vme de pse tsc msr pae mce cx8 apic sep mtrr pge mca cmov pat pse36 clflush dts acpi mmx fxsr sse sse2 ss ht tm pbe syscall nx rdtscp lm constant_tsc arch_perfmon pebs bts rep_good nopl xtopology nonstop_tsc aperfmperf eagerfpu pni pclmulqdq dtes64 monitor ds_cpl vmx est tm2 ssse3 cx16 xtpr pdcm pcid sse4_1 sse4_2 popcnt tsc_deadline_timer xsave avx lahf_lm epb tpr_shadow vnmi flexpriority ept vpid xsaveopt dtherm arat pln pts
bugs		:
bogomips	: 6185.66
clflush size	: 64
cache_alignment	: 64
address sizes	: 36 bits physical, 48 bits virtual
power management:

processor	: 1
vendor_id	: GenuineIntel
cpu family	: 6
model		: 42
model name	: Intel(R) Core(TM) i3-2100 CPU @ 3.10GHz
stepping	: 7
microcode	: 0x18
cpu MHz		: 2014.878
cache size	: 3072 KB
physical id	: 0
siblings	: 4
core id		: 1
cpu cores	: 2
apicid		: 2
initial apicid	: 2
fpu		: yes
fpu_exception	: yes
cpuid level	: 13
wp		: yes
flags		: fpu vme de pse tsc msr pae mce cx8 apic sep mtrr pge mca cmov pat pse36 clflush dts acpi mmx fxsr sse sse2 ss ht tm pbe syscall nx rdtscp lm constant_tsc arch_perfmon pebs bts rep_good nopl xtopology nonstop_tsc aperfmperf eagerfpu pni pclmulqdq dtes64 monitor ds_cpl vmx est tm2 ssse3 cx16 xtpr pdcm pcid sse4_1 sse4_2 popcnt tsc_deadline_timer xsave avx lahf_lm epb tpr_shadow vnmi flexpriority ept vpid xsaveopt dtherm arat pln pts
bugs		:
bogomips	: 6185.66
clflush size	: 64
cache_alignment	: 64
address sizes	: 36 bits physical, 48 bits virtual
power management:

processor	: 2
vendor_id	: GenuineIntel
cpu family	: 6
model		: 42
model name	: Intel(R) Core(TM) i3-2100 CPU @ 3.10GHz
stepping	: 7
microcode	: 0x18
cpu MHz		: 2545.632
cache size	: 3072 KB
physical id	: 0
siblings	: 4
core id		: 0
cpu cores	: 2
apicid		: 1
initial apicid	: 1
fpu		: yes
fpu_exception	: yes
cpuid level	: 13
wp		: yes
flags		: fpu vme de pse tsc msr pae mce cx8 apic sep mtrr pge mca cmov pat pse36 clflush dts acpi mmx fxsr sse sse2 ss ht tm pbe syscall nx rdtscp lm constant_tsc arch_perfmon pebs bts rep_good nopl xtopology nonstop_tsc aperfmperf eagerfpu pni pclmulqdq dtes64 monitor ds_cpl vmx est tm2 ssse3 cx16 xtpr pdcm pcid sse4_1 sse4_2 popcnt tsc_deadline_timer xsave avx lahf_lm epb tpr_shadow vnmi flexpriority ept vpid xsaveopt dtherm arat pln pts
bugs		:
bogomips	: 6185.66
clflush size	: 64
cache_alignment	: 64
address sizes	: 36 bits physical, 48 bits virtual
power management:

processor	: 3
vendor_id	: GenuineIntel
cpu family	: 6
model		: 42
model name	: Intel(R) Core(TM) i3-2100 CPU @ 3.10GHz
stepping	: 7
microcode	: 0x18
cpu MHz		: 2975.031
cache size	: 3072 KB
physical id	: 0
siblings	: 4
core id		: 1
cpu cores	: 2
apicid		: 3
initial apicid	: 3
fpu		: yes
fpu_exception	: yes
cpuid level	: 13
wp		: yes
flags		: fpu vme de pse tsc msr pae mce cx8 apic sep mtrr pge mca cmov pat pse36 clflush dts acpi mmx fxsr sse sse2 ss ht tm pbe syscall nx rdtscp lm constant_tsc arch_perfmon pebs bts rep_good nopl xtopology nonstop_tsc aperfmperf eagerfpu pni pclmulqdq dtes64 monitor ds_cpl vmx est tm2 ssse3 cx16 xtpr pdcm pcid sse4_1 sse4_2 popcnt tsc_deadline_timer xsave avx lahf_lm epb tpr_shadow vnmi flexpriority ept vpid xsaveopt dtherm arat pln pts
bugs		:
bogomips	: 6185.66
clflush size	: 64
cache_alignment	: 64
address sizes	: 36 bits physical, 48 bits virtual
power management:



Memory: 4k page, physical 8085092k(248332k free), swap 8296444k(6966392k free)

vm_info: Java HotSpot(TM) 64-Bit Server VM (24.79-b02) for linux-amd64 JRE (1.7.0_79-b15), built on Apr 10 2015 11:34:48 by "java_re" with gcc 4.3.0 20080428 (Red Hat 4.3.0-8)

time: Tue Dec 12 13:22:48 2017
elapsed time: 12921 seconds

