#
# A fatal error has been detected by the Java Runtime Environment:
#
#  SIGSEGV (0xb) at pc=0x00007f4c97cf1d44, pid=8535, tid=139966514276096
#
# JRE version: Java(TM) SE Runtime Environment (7.0_79-b15) (build 1.7.0_79-b15)
# Java VM: Java HotSpot(TM) 64-Bit Server VM (24.79-b02 mixed mode linux-amd64 compressed oops)
# Problematic frame:
# C  [libpthread.so.0+0x9d44]  pthread_mutex_lock+0x4
#
# Failed to write core dump. Core dumps have been disabled. To enable core dumping, try "ulimit -c unlimited" before starting Java again
#
# If you would like to submit a bug report, please visit:
#   http://bugreport.java.com/bugreport/crash.jsp
# The crash happened outside the Java Virtual Machine in native code.
# See problematic frame for where to report the bug.
#

---------------  T H R E A D  ---------------

Current thread (0x00007f4c901b0800):  JavaThread "Timer-2" [_thread_in_native, id=8555, stack(0x00007f4c7e4d2000,0x00007f4c7e5d3000)]

siginfo:si_signo=SIGSEGV: si_errno=0, si_code=128 (), si_addr=0x0000000000000000

Registers:
RAX=0x0000000000000004, RBX=0x0000000000000001, RCX=0x0000000000000000, RDX=0x00007f4c7e8080f0
RSP=0x00007f4c7e5d14e0, RBP=0x00007f4c48009e98, RSI=0x0000000000000001, RDI=0x05e8000000fc840f
R8 =0x00007f4c48001060, R9 =0x0000000000000000, R10=0x0000000000000000, R11=0x00007f4c7e801880
R12=0x0000000000000000, R13=0x0000000000000004, R14=0x00007f4c8d008c40, R15=0x00007f4c7e8080f0
RIP=0x00007f4c97cf1d44, EFLAGS=0x0000000000010202, CSGSFS=0x0000000000000033, ERR=0x0000000000000000
  TRAPNO=0x000000000000000d

Top of Stack: (sp=0x00007f4c7e5d14e0)
0x00007f4c7e5d14e0:   00007f4c7e5d1520 00007f4c7e7e7bbd
0x00007f4c7e5d14f0:   00007f4c8d0392d0 0000000000000001
0x00007f4c7e5d1500:   00007f4c901b09e8 0000000000000000
0x00007f4c7e5d1510:   00007f4c7e5d1580 00007f4c7e5d1550
0x00007f4c7e5d1520:   00007f4c901b0800 00007f4c7e7e11c2
0x00007f4c7e5d1530:   00007f4c7e5d1560 00000007d70975d8
0x00007f4c7e5d1540:   00007f4c7e5d1590 00007f4c8d0a6a17
0x00007f4c7e5d1550:   00000007d70975d8 00007f4c7e5d15d0
0x00007f4c7e5d1560:   00007f4c7e5d15b0 00007f4c96c8318f
0x00007f4c7e5d1570:   00007f4c901b0800 00007f4c96c83c22
0x00007f4c7e5d1580:   0000000000000003 000000077faec880
0x00007f4c7e5d1590:   00007f4c7e5d1620 00007f4c8d006233
0x00007f4c7e5d15a0:   00007f4c7e5d1648 00007f4c8d006233
0x00007f4c7e5d15b0:   0000000000000001 00007f4c48009e98
0x00007f4c7e5d15c0:   00007f4c8d01ca9f 00000007d70975d8
0x00007f4c7e5d15d0:   0000000000000003 00000007d70975d8
0x00007f4c7e5d15e0:   00007f4c7e5d15d0 000000077faec84b
0x00007f4c7e5d15f0:   00007f4c7e5d1648 000000077fc0d930
0x00007f4c7e5d1600:   0000000780162310 000000077faec880
0x00007f4c7e5d1610:   00007f4c7e5d15b0 00007f4c7e5d1630
0x00007f4c7e5d1620:   00007f4c7e5d16b0 00007f4c8d006233
0x00007f4c7e5d1630:   0000000000000001 00007f4c48009e98
0x00007f4c7e5d1640:   0000000000000000 00000007d70975d8
0x00007f4c7e5d1650:   0000000000000001 00000007d6fd1190
0x00007f4c7e5d1660:   0000000000000003 00000007d70975d8
0x00007f4c7e5d1670:   00007f4c7e5d1660 000000077fae8cc2
0x00007f4c7e5d1680:   00007f4c7e5d16e0 000000077fc0cba0
0x00007f4c7e5d1690:   0000000780161c58 000000077fae8d10
0x00007f4c7e5d16a0:   00007f4c7e5d1630 00007f4c7e5d16d0
0x00007f4c7e5d16b0:   00007f4c7e5d1740 00007f4c8d006233
0x00007f4c7e5d16c0:   deaddeaf00000001 00000007d6fd1190
0x00007f4c7e5d16d0:   00007f4c48009e98 deaddeaf00000000 

Instructions: (pc=0x00007f4c97cf1d44)
0x00007f4c97cf1d24:   f0 02 00 00 00 00 00 00 b8 82 00 00 00 e9 d8 f9
0x00007f4c97cf1d34:   ff ff 66 2e 0f 1f 84 00 00 00 00 00 48 83 ec 08
0x00007f4c97cf1d44:   8b 57 10 89 d1 81 e1 7f 01 00 00 90 89 d0 83 e0
0x00007f4c97cf1d54:   7c 0f 85 95 00 00 00 85 c9 49 89 f8 0f 85 9a 00 

Register to memory mapping:

RAX=0x0000000000000004 is an unknown value
RBX=0x0000000000000001 is an unknown value
RCX=0x0000000000000000 is an unknown value
RDX=0x00007f4c7e8080f0: <offset 0x330f0> in /tmp/sqlite-3.15.1-4408089a-3ca0-42de-bcbf-375ccc707c0f-libsqlitejdbc.so at 0x00007f4c7e7d5000
RSP=0x00007f4c7e5d14e0 is pointing into the stack for thread: 0x00007f4c901b0800
RBP=0x00007f4c48009e98 is an unknown value
RSI=0x0000000000000001 is an unknown value
RDI=0x05e8000000fc840f is an unknown value
R8 =0x00007f4c48001060 is an unknown value
R9 =0x0000000000000000 is an unknown value
R10=0x0000000000000000 is an unknown value
R11=0x00007f4c7e801880: <offset 0x2c880> in /tmp/sqlite-3.15.1-4408089a-3ca0-42de-bcbf-375ccc707c0f-libsqlitejdbc.so at 0x00007f4c7e7d5000
R12=0x0000000000000000 is an unknown value
R13=0x0000000000000004 is an unknown value
R14=0x00007f4c8d008c40 is at code_begin+0 in an Interpreter codelet
deoptimization entry points  [0x00007f4c8d008c40, 0x00007f4c8d00eca0]  24672 bytes
R15=0x00007f4c7e8080f0: <offset 0x330f0> in /tmp/sqlite-3.15.1-4408089a-3ca0-42de-bcbf-375ccc707c0f-libsqlitejdbc.so at 0x00007f4c7e7d5000


Stack: [0x00007f4c7e4d2000,0x00007f4c7e5d3000],  sp=0x00007f4c7e5d14e0,  free space=1021k
Native frames: (J=compiled Java code, j=interpreted, Vv=VM code, C=native code)
C  [libpthread.so.0+0x9d44]  pthread_mutex_lock+0x4

Java frames: (J=compiled Java code, j=interpreted, Vv=VM code)
J 261  org.sqlite.core.NativeDB.column_name_utf8(JI)[B (0 bytes) @ 0x00007f4c8d0a68d8 [0x00007f4c8d0a68a0+0x38]
j  org.sqlite.core.NativeDB.column_name(JI)Ljava/lang/String;+3
j  org.sqlite.core.DB.column_names(J)[Ljava/lang/String;+26
j  org.sqlite.jdbc3.JDBC3Statement.getResultSet()Ljava/sql/ResultSet;+62
j  org.sqlite.jdbc3.JDBC3Statement.executeQuery(Ljava/lang/String;)Ljava/sql/ResultSet;+43
J 90 C2 com.hit.heat.data.SqlOperate.ApplicationData_count()I (56 bytes) @ 0x00007f4c8d089650 [0x00007f4c8d089600+0x50]
j  com.hit.heat.cn.ConsoleMainServer.heartbeat()V+187
j  com.hit.heat.cn.ConsoleMainServer$9.run()V+4
J 360% C2 java.util.TimerThread.mainLoop()V (232 bytes) @ 0x00007f4c8d162ef0 [0x00007f4c8d162e20+0xd0]
j  java.util.TimerThread.run()V+1
v  ~StubRoutines::call_stub

---------------  P R O C E S S  ---------------

Java Threads: ( => current thread )
  0x00007f4c10003000 JavaThread "nioEventLoopGroup-10-2" [_thread_in_native, id=17145, stack(0x00007f4c7d1bf000,0x00007f4c7d2c0000)]
  0x00007f4c10004000 JavaThread "nioEventLoopGroup-10-1" [_thread_in_native, id=13922, stack(0x00007f4c7d2c0000,0x00007f4c7d3c1000)]
  0x00007f4c9000a000 JavaThread "DestroyJavaVM" [_thread_blocked, id=8540, stack(0x00007f4c98006000,0x00007f4c98107000)]
  0x00007f4c90b96800 JavaThread "nioEventLoopGroup-13-1" [_thread_in_native, id=8577, stack(0x00007f4c7d4c2000,0x00007f4c7d5c3000)]
  0x00007f4c90acd000 JavaThread "nioEventLoopGroup-12-1" [_thread_blocked, id=8576, stack(0x00007f4c7d5c3000,0x00007f4c7d6c4000)]
  0x00007f4c90a03000 JavaThread "nioEventLoopGroup-11-1" [_thread_in_native, id=8575, stack(0x00007f4c7d6c4000,0x00007f4c7d7c5000)]
  0x00007f4c9092f800 JavaThread "nioEventLoopGroup-9-1" [_thread_in_native, id=8574, stack(0x00007f4c7d7c5000,0x00007f4c7d8c6000)]
  0x00007f4c907fa000 JavaThread "nioEventLoopGroup-6-1" [_thread_in_native, id=8573, stack(0x00007f4c7d8c6000,0x00007f4c7d9c7000)]
  0x00007f4c907f9800 JavaThread "nioEventLoopGroup-8-1" [_thread_in_native, id=8571, stack(0x00007f4c7d9c7000,0x00007f4c7dac8000)]
  0x00007f4c907f8800 JavaThread "nioEventLoopGroup-7-1" [_thread_in_native, id=8570, stack(0x00007f4c7dac8000,0x00007f4c7dbc9000)]
  0x00007f4c90561000 JavaThread "Thread-12" [_thread_blocked, id=8568, stack(0x00007f4c7dbc9000,0x00007f4c7dcca000)]
  0x00007f4c90497800 JavaThread "Thread-11" [_thread_blocked, id=8567, stack(0x00007f4c7dcca000,0x00007f4c7ddcb000)]
  0x00007f4c903ce800 JavaThread "Thread-10" [_thread_blocked, id=8566, stack(0x00007f4c7ddcb000,0x00007f4c7decc000)]
  0x00007f4c90227800 JavaThread "Thread-9" [_thread_blocked, id=8565, stack(0x00007f4c7decc000,0x00007f4c7dfcd000)]
  0x00007f4c901d8000 JavaThread "Timer-7" [_thread_blocked, id=8562, stack(0x00007f4c7dfcd000,0x00007f4c7e0ce000)]
  0x00007f4c901d5800 JavaThread "Timer-6" [_thread_blocked, id=8559, stack(0x00007f4c7e0ce000,0x00007f4c7e1cf000)]
  0x00007f4c901d4000 JavaThread "Timer-5" [_thread_blocked, id=8558, stack(0x00007f4c7e1cf000,0x00007f4c7e2d0000)]
  0x00007f4c901d2800 JavaThread "Timer-4" [_thread_blocked, id=8557, stack(0x00007f4c7e2d0000,0x00007f4c7e3d1000)]
  0x00007f4c901d1000 JavaThread "Timer-3" [_thread_blocked, id=8556, stack(0x00007f4c7e3d1000,0x00007f4c7e4d2000)]
=>0x00007f4c901b0800 JavaThread "Timer-2" [_thread_in_native, id=8555, stack(0x00007f4c7e4d2000,0x00007f4c7e5d3000)]
  0x00007f4c901af000 JavaThread "Timer-1" [_thread_blocked, id=8554, stack(0x00007f4c7e5d3000,0x00007f4c7e6d4000)]
  0x00007f4c901ae000 JavaThread "Timer-0" [_thread_blocked, id=8553, stack(0x00007f4c7e6d4000,0x00007f4c7e7d5000)]
  0x00007f4c90099000 JavaThread "Service Thread" daemon [_thread_blocked, id=8551, stack(0x00007f4c7f46e000,0x00007f4c7f56f000)]
  0x00007f4c90097000 JavaThread "C2 CompilerThread1" daemon [_thread_blocked, id=8550, stack(0x00007f4c7f56f000,0x00007f4c7f670000)]
  0x00007f4c90094000 JavaThread "C2 CompilerThread0" daemon [_thread_blocked, id=8549, stack(0x00007f4c7f670000,0x00007f4c7f771000)]
  0x00007f4c90091800 JavaThread "Signal Dispatcher" daemon [_thread_blocked, id=8548, stack(0x00007f4c7f771000,0x00007f4c7f872000)]
  0x00007f4c90070000 JavaThread "Finalizer" daemon [_thread_blocked, id=8547, stack(0x00007f4c7fcfd000,0x00007f4c7fdfe000)]
  0x00007f4c9006e000 JavaThread "Reference Handler" daemon [_thread_blocked, id=8546, stack(0x00007f4c7fdfe000,0x00007f4c7feff000)]

Other Threads:
  0x00007f4c90069800 VMThread [stack: 0x00007f4c7feff000,0x00007f4c80000000] [id=8545]
  0x00007f4c900ac000 WatcherThread [stack: 0x00007f4c7f36d000,0x00007f4c7f46e000] [id=8552]

VM state:not at safepoint (normal execution)

VM Mutex/Monitor currently owned by a thread: None

Heap
 PSYoungGen      total 24064K, used 2900K [0x00000007d6e00000, 0x00000007d8680000, 0x0000000800000000)
  eden space 23552K, 11% used [0x00000007d6e00000,0x00000007d709d2c8,0x00000007d8500000)
  from space 512K, 43% used [0x00000007d8600000,0x00000007d8638000,0x00000007d8680000)
  to   space 512K, 0% used [0x00000007d8580000,0x00000007d8580000,0x00000007d8600000)
 ParOldGen       total 83968K, used 13880K [0x0000000784a00000, 0x0000000789c00000, 0x00000007d6e00000)
  object space 83968K, 16% used [0x0000000784a00000,0x000000078578e250,0x0000000789c00000)
 PSPermGen       total 21504K, used 9881K [0x000000077f800000, 0x0000000780d00000, 0x0000000784a00000)
  object space 21504K, 45% used [0x000000077f800000,0x00000007801a6798,0x0000000780d00000)

Card table byte_map: [0x00007f4c94edf000,0x00007f4c952e4000] byte_map_base: 0x00007f4c912e3000

Polling page: 0x00007f4c98127000

Code Cache  [0x00007f4c8d000000, 0x00007f4c8d270000, 0x00007f4c90000000)
 total_blobs=632 nmethods=351 adapters=234 free_code_cache=47728Kb largest_free_block=48833856

Compilation events (10 events):
Event: 79818.198 Thread 0x00007f4c90097000  362             com.hit.heat.util.Frag_Recb::<init> (98 bytes)
Event: 79818.220 Thread 0x00007f4c90097000 nmethod 362 0x00007f4c8d164690 code [0x00007f4c8d164940, 0x00007f4c8d165808]
Event: 85502.598 Thread 0x00007f4c90094000  363             java.util.concurrent.SynchronousQueue$TransferStack::awaitFulfill (180 bytes)
Event: 85502.605 Thread 0x00007f4c90094000 nmethod 363 0x00007f4c8d1666d0 code [0x00007f4c8d166860, 0x00007f4c8d166d20]
Event: 89230.565 Thread 0x00007f4c90097000  364             com.hit.heat.util.Util::byteArrayToInt (36 bytes)
Event: 89230.567 Thread 0x00007f4c90097000 nmethod 364 0x00007f4c8d11c890 code [0x00007f4c8d11c9c0, 0x00007f4c8d11ca58]
Event: 92100.567 Thread 0x00007f4c90094000  365             java.util.StringTokenizer::scanToken (179 bytes)
Event: 92100.576 Thread 0x00007f4c90094000 nmethod 365 0x00007f4c8d168cd0 code [0x00007f4c8d168ea0, 0x00007f4c8d169330]
Event: 119242.420 Thread 0x00007f4c90097000  366   !         sun.net.spi.DefaultProxySelector$2::run (637 bytes)
Event: 119242.443 Thread 0x00007f4c90097000 nmethod 366 0x00007f4c8d16bc90 code [0x00007f4c8d16bea0, 0x00007f4c8d16cc10]

GC Heap History (10 events):
Event: 118678.259 GC heap before
{Heap before GC invocations=186 (full 0):
 PSYoungGen      total 24064K, used 23712K [0x00000007d6e00000, 0x00000007d8680000, 0x0000000800000000)
  eden space 23552K, 100% used [0x00000007d6e00000,0x00000007d8500000,0x00000007d8500000)
  from space 512K, 31% used [0x00000007d8580000,0x00000007d85a8000,0x00000007d8600000)
  to   space 512K, 0% used [0x00000007d8600000,0x00000007d8600000,0x00000007d8680000)
 ParOldGen       total 83968K, used 13800K [0x0000000784a00000, 0x0000000789c00000, 0x00000007d6e00000)
  object space 83968K, 16% used [0x0000000784a00000,0x000000078577a250,0x0000000789c00000)
 PSPermGen       total 21504K, used 9881K [0x000000077f800000, 0x0000000780d00000, 0x0000000784a00000)
  object space 21504K, 45% used [0x000000077f800000,0x00000007801a6798,0x0000000780d00000)
Event: 118678.260 GC heap after
Heap after GC invocations=186 (full 0):
 PSYoungGen      total 24064K, used 160K [0x00000007d6e00000, 0x00000007d8680000, 0x0000000800000000)
  eden space 23552K, 0% used [0x00000007d6e00000,0x00000007d6e00000,0x00000007d8500000)
  from space 512K, 31% used [0x00000007d8600000,0x00000007d8628000,0x00000007d8680000)
  to   space 512K, 0% used [0x00000007d8580000,0x00000007d8580000,0x00000007d8600000)
 ParOldGen       total 83968K, used 13816K [0x0000000784a00000, 0x0000000789c00000, 0x00000007d6e00000)
  object space 83968K, 16% used [0x0000000784a00000,0x000000078577e250,0x0000000789c00000)
 PSPermGen       total 21504K, used 9881K [0x000000077f800000, 0x0000000780d00000, 0x0000000784a00000)
  object space 21504K, 45% used [0x000000077f800000,0x00000007801a6798,0x0000000780d00000)
}
Event: 119222.284 GC heap before
{Heap before GC invocations=187 (full 0):
 PSYoungGen      total 24064K, used 23712K [0x00000007d6e00000, 0x00000007d8680000, 0x0000000800000000)
  eden space 23552K, 100% used [0x00000007d6e00000,0x00000007d8500000,0x00000007d8500000)
  from space 512K, 31% used [0x00000007d8600000,0x00000007d8628000,0x00000007d8680000)
  to   space 512K, 0% used [0x00000007d8580000,0x00000007d8580000,0x00000007d8600000)
 ParOldGen       total 83968K, used 13816K [0x0000000784a00000, 0x0000000789c00000, 0x00000007d6e00000)
  object space 83968K, 16% used [0x0000000784a00000,0x000000078577e250,0x0000000789c00000)
 PSPermGen       total 21504K, used 9881K [0x000000077f800000, 0x0000000780d00000, 0x0000000784a00000)
  object space 21504K, 45% used [0x000000077f800000,0x00000007801a6798,0x0000000780d00000)
Event: 119222.286 GC heap after
Heap after GC invocations=187 (full 0):
 PSYoungGen      total 24064K, used 160K [0x00000007d6e00000, 0x00000007d8680000, 0x0000000800000000)
  eden space 23552K, 0% used [0x00000007d6e00000,0x00000007d6e00000,0x00000007d8500000)
  from space 512K, 31% used [0x00000007d8580000,0x00000007d85a8000,0x00000007d8600000)
  to   space 512K, 0% used [0x00000007d8600000,0x00000007d8600000,0x00000007d8680000)
 ParOldGen       total 83968K, used 13832K [0x0000000784a00000, 0x0000000789c00000, 0x00000007d6e00000)
  object space 83968K, 16% used [0x0000000784a00000,0x0000000785782250,0x0000000789c00000)
 PSPermGen       total 21504K, used 9881K [0x000000077f800000, 0x0000000780d00000, 0x0000000784a00000)
  object space 21504K, 45% used [0x000000077f800000,0x00000007801a6798,0x0000000780d00000)
}
Event: 119413.091 GC heap before
{Heap before GC invocations=188 (full 0):
 PSYoungGen      total 24064K, used 23712K [0x00000007d6e00000, 0x00000007d8680000, 0x0000000800000000)
  eden space 23552K, 100% used [0x00000007d6e00000,0x00000007d8500000,0x00000007d8500000)
  from space 512K, 31% used [0x00000007d8580000,0x00000007d85a8000,0x00000007d8600000)
  to   space 512K, 0% used [0x00000007d8600000,0x00000007d8600000,0x00000007d8680000)
 ParOldGen       total 83968K, used 13832K [0x0000000784a00000, 0x0000000789c00000, 0x00000007d6e00000)
  object space 83968K, 16% used [0x0000000784a00000,0x0000000785782250,0x0000000789c00000)
 PSPermGen       total 21504K, used 9881K [0x000000077f800000, 0x0000000780d00000, 0x0000000784a00000)
  object space 21504K, 45% used [0x000000077f800000,0x00000007801a6798,0x0000000780d00000)
Event: 119413.093 GC heap after
Heap after GC invocations=188 (full 0):
 PSYoungGen      total 24064K, used 128K [0x00000007d6e00000, 0x00000007d8680000, 0x0000000800000000)
  eden space 23552K, 0% used [0x00000007d6e00000,0x00000007d6e00000,0x00000007d8500000)
  from space 512K, 25% used [0x00000007d8600000,0x00000007d8620000,0x00000007d8680000)
  to   space 512K, 0% used [0x00000007d8580000,0x00000007d8580000,0x00000007d8600000)
 ParOldGen       total 83968K, used 13840K [0x0000000784a00000, 0x0000000789c00000, 0x00000007d6e00000)
  object space 83968K, 16% used [0x0000000784a00000,0x0000000785784250,0x0000000789c00000)
 PSPermGen       total 21504K, used 9881K [0x000000077f800000, 0x0000000780d00000, 0x0000000784a00000)
  object space 21504K, 45% used [0x000000077f800000,0x00000007801a6798,0x0000000780d00000)
}
Event: 119783.267 GC heap before
{Heap before GC invocations=189 (full 0):
 PSYoungGen      total 24064K, used 23680K [0x00000007d6e00000, 0x00000007d8680000, 0x0000000800000000)
  eden space 23552K, 100% used [0x00000007d6e00000,0x00000007d8500000,0x00000007d8500000)
  from space 512K, 25% used [0x00000007d8600000,0x00000007d8620000,0x00000007d8680000)
  to   space 512K, 0% used [0x00000007d8580000,0x00000007d8580000,0x00000007d8600000)
 ParOldGen       total 83968K, used 13840K [0x0000000784a00000, 0x0000000789c00000, 0x00000007d6e00000)
  object space 83968K, 16% used [0x0000000784a00000,0x0000000785784250,0x0000000789c00000)
 PSPermGen       total 21504K, used 9881K [0x000000077f800000, 0x0000000780d00000, 0x0000000784a00000)
  object space 21504K, 45% used [0x000000077f800000,0x00000007801a6798,0x0000000780d00000)
Event: 119783.268 GC heap after
Heap after GC invocations=189 (full 0):
 PSYoungGen      total 24064K, used 192K [0x00000007d6e00000, 0x00000007d8680000, 0x0000000800000000)
  eden space 23552K, 0% used [0x00000007d6e00000,0x00000007d6e00000,0x00000007d8500000)
  from space 512K, 37% used [0x00000007d8580000,0x00000007d85b0000,0x00000007d8600000)
  to   space 512K, 0% used [0x00000007d8600000,0x00000007d8600000,0x00000007d8680000)
 ParOldGen       total 83968K, used 13856K [0x0000000784a00000, 0x0000000789c00000, 0x00000007d6e00000)
  object space 83968K, 16% used [0x0000000784a00000,0x0000000785788250,0x0000000789c00000)
 PSPermGen       total 21504K, used 9881K [0x000000077f800000, 0x0000000780d00000, 0x0000000784a00000)
  object space 21504K, 45% used [0x000000077f800000,0x00000007801a6798,0x0000000780d00000)
}
Event: 120361.269 GC heap before
{Heap before GC invocations=190 (full 0):
 PSYoungGen      total 24064K, used 23744K [0x00000007d6e00000, 0x00000007d8680000, 0x0000000800000000)
  eden space 23552K, 100% used [0x00000007d6e00000,0x00000007d8500000,0x00000007d8500000)
  from space 512K, 37% used [0x00000007d8580000,0x00000007d85b0000,0x00000007d8600000)
  to   space 512K, 0% used [0x00000007d8600000,0x00000007d8600000,0x00000007d8680000)
 ParOldGen       total 83968K, used 13856K [0x0000000784a00000, 0x0000000789c00000, 0x00000007d6e00000)
  object space 83968K, 16% used [0x0000000784a00000,0x0000000785788250,0x0000000789c00000)
 PSPermGen       total 21504K, used 9881K [0x000000077f800000, 0x0000000780d00000, 0x0000000784a00000)
  object space 21504K, 45% used [0x000000077f800000,0x00000007801a6798,0x0000000780d00000)
Event: 120361.270 GC heap after
Heap after GC invocations=190 (full 0):
 PSYoungGen      total 24064K, used 224K [0x00000007d6e00000, 0x00000007d8680000, 0x0000000800000000)
  eden space 23552K, 0% used [0x00000007d6e00000,0x00000007d6e00000,0x00000007d8500000)
  from space 512K, 43% used [0x00000007d8600000,0x00000007d8638000,0x00000007d8680000)
  to   space 512K, 0% used [0x00000007d8580000,0x00000007d8580000,0x00000007d8600000)
 ParOldGen       total 83968K, used 13880K [0x0000000784a00000, 0x0000000789c00000, 0x00000007d6e00000)
  object space 83968K, 16% used [0x0000000784a00000,0x000000078578e250,0x0000000789c00000)
 PSPermGen       total 21504K, used 9881K [0x000000077f800000, 0x0000000780d00000, 0x0000000784a00000)
  object space 21504K, 45% used [0x000000077f800000,0x00000007801a6798,0x0000000780d00000)
}

Deoptimization events (10 events):
Event: 60470.946 Thread 0x00007f4c901b0800 Uncommon trap: reason=unloaded action=reinterpret pc=0x00007f4c8d08a9a8 method=org.sqlite.core.CoreResultSet.checkOpen()V @ 7
Event: 66099.085 Thread 0x00007f4c9092f800 Uncommon trap: reason=class_check action=maybe_recompile pc=0x00007f4c8d0c1cf0 method=sun.nio.ch.EPollSelectorImpl.updateSelectedKeys()I @ 107
Event: 66099.086 Thread 0x00007f4c9092f800 Uncommon trap: reason=class_check action=maybe_recompile pc=0x00007f4c8d0cb6a0 method=io.netty.channel.nio.NioEventLoop.processSelectedKeysOptimized([Ljava/nio/channels/SelectionKey;)V @ 25
Event: 66099.086 Thread 0x00007f4c9092f800 Uncommon trap: reason=class_check action=maybe_recompile pc=0x00007f4c8d0c1308 method=io.netty.util.internal.MpscLinkedQueue.offer(Ljava/lang/Object;)Z @ 22
Event: 66099.086 Thread 0x00007f4c10003000 Uncommon trap: reason=bimorphic action=maybe_recompile pc=0x00007f4c8d122708 method=io.netty.util.internal.MpscLinkedQueue.poll()Ljava/lang/Object; @ 26
Event: 66099.087 Thread 0x00007f4c10003000 Uncommon trap: reason=class_check action=maybe_recompile pc=0x00007f4c8d0c5404 method=io.netty.channel.nio.NioEventLoop.processSelectedKeysOptimized([Ljava/nio/channels/SelectionKey;)V @ 25
Event: 66099.089 Thread 0x00007f4c10003000 Uncommon trap: reason=unreached action=reinterpret pc=0x00007f4c8d0fb3e8 method=java.util.HashMap$HashIterator.nextEntry()Ljava/util/HashMap$Entry; @ 48
Event: 66099.092 Thread 0x00007f4c10003000 Uncommon trap: reason=bimorphic action=maybe_recompile pc=0x00007f4c8d097e54 method=io.netty.util.internal.MpscLinkedQueue.poll()Ljava/lang/Object; @ 26
Event: 70025.000 Thread 0x00007f4c901b0800 Uncommon trap: reason=unloaded action=reinterpret pc=0x00007f4c8d08ca94 method=org.sqlite.core.CoreResultSet.checkOpen()V @ 7
Event: 120396.390 Thread 0x00007f4c901b0800 Uncommon trap: reason=unreached action=reinterpret pc=0x00007f4c8d0fd5fc method=org.sqlite.core.NativeDB.utf8ByteArrayToString([B)Ljava/lang/String; @ 1

Internal exceptions (10 events):
Event: 119281.384 Thread 0x00007f4c90acd000 Threw 0x00000007d7247c10 at /HUDSON/workspace/7u-2-build-linux-amd64/jdk7u79/2331/hotspot/src/share/vm/prims/jni.cpp:717
Event: 119291.874 Thread 0x00007f4c90acd000 Threw 0x00000007d730b1f0 at /HUDSON/workspace/7u-2-build-linux-amd64/jdk7u79/2331/hotspot/src/share/vm/prims/jni.cpp:717
Event: 119296.337 Thread 0x00007f4c90acd000 Threw 0x00000007d7321210 at /HUDSON/workspace/7u-2-build-linux-amd64/jdk7u79/2331/hotspot/src/share/vm/prims/jni.cpp:717
Event: 119301.276 Thread 0x00007f4c90acd000 Threw 0x00000007d7338b78 at /HUDSON/workspace/7u-2-build-linux-amd64/jdk7u79/2331/hotspot/src/share/vm/prims/jni.cpp:717
Event: 120383.351 Thread 0x00007f4c90acd000 Threw 0x00000007d70295a0 at /HUDSON/workspace/7u-2-build-linux-amd64/jdk7u79/2331/hotspot/src/share/vm/prims/jni.cpp:717
Event: 120386.490 Thread 0x00007f4c90acd000 Threw 0x00000007d70406e0 at /HUDSON/workspace/7u-2-build-linux-amd64/jdk7u79/2331/hotspot/src/share/vm/prims/jni.cpp:717
Event: 120387.431 Thread 0x00007f4c90acd000 Threw 0x00000007d7056500 at /HUDSON/workspace/7u-2-build-linux-amd64/jdk7u79/2331/hotspot/src/share/vm/prims/jni.cpp:717
Event: 120389.704 Thread 0x00007f4c90acd000 Threw 0x00000007d706c2f0 at /HUDSON/workspace/7u-2-build-linux-amd64/jdk7u79/2331/hotspot/src/share/vm/prims/jni.cpp:717
Event: 120396.260 Thread 0x00007f4c90acd000 Threw 0x00000007d7085c38 at /HUDSON/workspace/7u-2-build-linux-amd64/jdk7u79/2331/hotspot/src/share/vm/prims/jni.cpp:717
Event: 120396.390 Thread 0x00007f4c901b0800 Implicit null exception at 0x00007f4c8d0fd337 to 0x00007f4c8d0fd5c9

Events (10 events):
Event: 120362.663 Thread 0x00007f4c38001800 Thread exited: 0x00007f4c38001800
Event: 120383.351 Executing VM operation: RevokeBias
Event: 120383.351 Executing VM operation: RevokeBias done
Event: 120395.390 Executing VM operation: RevokeBias
Event: 120395.391 Executing VM operation: RevokeBias done
Event: 120396.262 Executing VM operation: RevokeBias
Event: 120396.262 Executing VM operation: RevokeBias done
Event: 120396.390 Thread 0x00007f4c901b0800 Uncommon trap: trap_request=0xffffffad fr.pc=0x00007f4c8d0fd5fc
Event: 120396.390 Thread 0x00007f4c901b0800 DEOPT PACKING pc=0x00007f4c8d0fd5fc sp=0x00007f4c7e5d1660
Event: 120396.390 Thread 0x00007f4c901b0800 DEOPT UNPACKING pc=0x00007f4c8d039445 sp=0x00007f4c7e5d1558 mode 2


Dynamic libraries:
00400000-00401000 r-xp 00000000 08:01 18483539                           /opt/jdk1.7.0_79/bin/java
00600000-00601000 rw-p 00000000 08:01 18483539                           /opt/jdk1.7.0_79/bin/java
009b8000-00be7000 rw-p 00000000 00:00 0                                  [heap]
77f800000-780d00000 rw-p 00000000 00:00 0 
780d00000-784a00000 rw-p 00000000 00:00 0 
784a00000-789c00000 rw-p 00000000 00:00 0 
789c00000-7d6e00000 rw-p 00000000 00:00 0 
7d6e00000-7d8680000 rw-p 00000000 00:00 0 
7d8680000-7df600000 ---p 00000000 00:00 0 
7df600000-800000000 rw-p 00000000 00:00 0 
7f4c04000000-7f4c04115000 rw-p 00000000 00:00 0 
7f4c04115000-7f4c08000000 ---p 00000000 00:00 0 
7f4c0c000000-7f4c0c021000 rw-p 00000000 00:00 0 
7f4c0c021000-7f4c10000000 ---p 00000000 00:00 0 
7f4c10000000-7f4c10021000 rw-p 00000000 00:00 0 
7f4c10021000-7f4c14000000 ---p 00000000 00:00 0 
7f4c14000000-7f4c14250000 rw-p 00000000 00:00 0 
7f4c14250000-7f4c18000000 ---p 00000000 00:00 0 
7f4c18000000-7f4c18021000 rw-p 00000000 00:00 0 
7f4c18021000-7f4c1c000000 ---p 00000000 00:00 0 
7f4c1c000000-7f4c1c021000 rw-p 00000000 00:00 0 
7f4c1c021000-7f4c20000000 ---p 00000000 00:00 0 
7f4c20000000-7f4c20021000 rw-p 00000000 00:00 0 
7f4c20021000-7f4c24000000 ---p 00000000 00:00 0 
7f4c24000000-7f4c24021000 rw-p 00000000 00:00 0 
7f4c24021000-7f4c28000000 ---p 00000000 00:00 0 
7f4c28000000-7f4c28254000 rw-p 00000000 00:00 0 
7f4c28254000-7f4c2c000000 ---p 00000000 00:00 0 
7f4c2c000000-7f4c2c021000 rw-p 00000000 00:00 0 
7f4c2c021000-7f4c30000000 ---p 00000000 00:00 0 
7f4c30000000-7f4c30021000 rw-p 00000000 00:00 0 
7f4c30021000-7f4c34000000 ---p 00000000 00:00 0 
7f4c34000000-7f4c34021000 rw-p 00000000 00:00 0 
7f4c34021000-7f4c38000000 ---p 00000000 00:00 0 
7f4c38000000-7f4c38021000 rw-p 00000000 00:00 0 
7f4c38021000-7f4c3c000000 ---p 00000000 00:00 0 
7f4c3c000000-7f4c3c0c7000 rw-p 00000000 00:00 0 
7f4c3c0c7000-7f4c40000000 ---p 00000000 00:00 0 
7f4c40000000-7f4c40021000 rw-p 00000000 00:00 0 
7f4c40021000-7f4c44000000 ---p 00000000 00:00 0 
7f4c44000000-7f4c4414f000 rw-p 00000000 00:00 0 
7f4c4414f000-7f4c48000000 ---p 00000000 00:00 0 
7f4c48000000-7f4c4817c000 rw-p 00000000 00:00 0 
7f4c4817c000-7f4c4c000000 ---p 00000000 00:00 0 
7f4c4c000000-7f4c4c021000 rw-p 00000000 00:00 0 
7f4c4c021000-7f4c50000000 ---p 00000000 00:00 0 
7f4c50000000-7f4c50021000 rw-p 00000000 00:00 0 
7f4c50021000-7f4c54000000 ---p 00000000 00:00 0 
7f4c54000000-7f4c550c3000 rw-p 00000000 00:00 0 
7f4c550c3000-7f4c58000000 ---p 00000000 00:00 0 
7f4c58000000-7f4c58021000 rw-p 00000000 00:00 0 
7f4c58021000-7f4c5c000000 ---p 00000000 00:00 0 
7f4c5c000000-7f4c5c021000 rw-p 00000000 00:00 0 
7f4c5c021000-7f4c60000000 ---p 00000000 00:00 0 
7f4c60000000-7f4c61437000 rw-p 00000000 00:00 0 
7f4c61437000-7f4c64000000 ---p 00000000 00:00 0 
7f4c64000000-7f4c64021000 rw-p 00000000 00:00 0 
7f4c64021000-7f4c68000000 ---p 00000000 00:00 0 
7f4c68000000-7f4c68021000 rw-p 00000000 00:00 0 
7f4c68021000-7f4c6c000000 ---p 00000000 00:00 0 
7f4c6c000000-7f4c6c059000 rw-p 00000000 00:00 0 
7f4c6c059000-7f4c70000000 ---p 00000000 00:00 0 
7f4c73fc0000-7f4c78000000 rw-p 00000000 00:00 0 
7f4c78000000-7f4c78021000 rw-p 00000000 00:00 0 
7f4c78021000-7f4c7c000000 ---p 00000000 00:00 0 
7f4c7cebc000-7f4c7cebf000 ---p 00000000 00:00 0 
7f4c7cebf000-7f4c7cfbd000 rw-p 00000000 00:00 0 
7f4c7cfbd000-7f4c7cfc0000 ---p 00000000 00:00 0 
7f4c7cfc0000-7f4c7d0be000 rw-p 00000000 00:00 0 
7f4c7d0be000-7f4c7d0c1000 ---p 00000000 00:00 0 
7f4c7d0c1000-7f4c7d1bf000 rw-p 00000000 00:00 0 
7f4c7d1bf000-7f4c7d1c2000 ---p 00000000 00:00 0 
7f4c7d1c2000-7f4c7d2c0000 rw-p 00000000 00:00 0 
7f4c7d2c0000-7f4c7d2c3000 ---p 00000000 00:00 0 
7f4c7d2c3000-7f4c7d3c1000 rw-p 00000000 00:00 0 
7f4c7d3c1000-7f4c7d3c4000 ---p 00000000 00:00 0 
7f4c7d3c4000-7f4c7d4c2000 rw-p 00000000 00:00 0 
7f4c7d4c2000-7f4c7d4c5000 ---p 00000000 00:00 0 
7f4c7d4c5000-7f4c7d5c3000 rw-p 00000000 00:00 0 
7f4c7d5c3000-7f4c7d5c6000 ---p 00000000 00:00 0 
7f4c7d5c6000-7f4c7d6c4000 rw-p 00000000 00:00 0 
7f4c7d6c4000-7f4c7d6c7000 ---p 00000000 00:00 0 
7f4c7d6c7000-7f4c7d7c5000 rw-p 00000000 00:00 0 
7f4c7d7c5000-7f4c7d7c8000 ---p 00000000 00:00 0 
7f4c7d7c8000-7f4c7d8c6000 rw-p 00000000 00:00 0 
7f4c7d8c6000-7f4c7d8c9000 ---p 00000000 00:00 0 
7f4c7d8c9000-7f4c7d9c7000 rw-p 00000000 00:00 0 
7f4c7d9c7000-7f4c7d9ca000 ---p 00000000 00:00 0 
7f4c7d9ca000-7f4c7dac8000 rw-p 00000000 00:00 0 
7f4c7dac8000-7f4c7dacb000 ---p 00000000 00:00 0 
7f4c7dacb000-7f4c7dbc9000 rw-p 00000000 00:00 0 
7f4c7dbc9000-7f4c7dbcc000 ---p 00000000 00:00 0 
7f4c7dbcc000-7f4c7dcca000 rw-p 00000000 00:00 0 
7f4c7dcca000-7f4c7dccd000 ---p 00000000 00:00 0 
7f4c7dccd000-7f4c7ddcb000 rw-p 00000000 00:00 0 
7f4c7ddcb000-7f4c7ddce000 ---p 00000000 00:00 0 
7f4c7ddce000-7f4c7decc000 rw-p 00000000 00:00 0 
7f4c7decc000-7f4c7decf000 ---p 00000000 00:00 0 
7f4c7decf000-7f4c7dfcd000 rw-p 00000000 00:00 0 
7f4c7dfcd000-7f4c7dfd0000 ---p 00000000 00:00 0 
7f4c7dfd0000-7f4c7e0ce000 rw-p 00000000 00:00 0 
7f4c7e0ce000-7f4c7e0d1000 ---p 00000000 00:00 0 
7f4c7e0d1000-7f4c7e1cf000 rw-p 00000000 00:00 0 
7f4c7e1cf000-7f4c7e1d2000 ---p 00000000 00:00 0 
7f4c7e1d2000-7f4c7e2d0000 rw-p 00000000 00:00 0 
7f4c7e2d0000-7f4c7e2d3000 ---p 00000000 00:00 0 
7f4c7e2d3000-7f4c7e3d1000 rw-p 00000000 00:00 0 
7f4c7e3d1000-7f4c7e3d4000 ---p 00000000 00:00 0 
7f4c7e3d4000-7f4c7e4d2000 rw-p 00000000 00:00 0 
7f4c7e4d2000-7f4c7e4d5000 ---p 00000000 00:00 0 
7f4c7e4d5000-7f4c7e5d3000 rw-p 00000000 00:00 0 
7f4c7e5d3000-7f4c7e5d6000 ---p 00000000 00:00 0 
7f4c7e5d6000-7f4c7e6d4000 rw-p 00000000 00:00 0 
7f4c7e6d4000-7f4c7e6d7000 ---p 00000000 00:00 0 
7f4c7e6d7000-7f4c7e7d5000 rw-p 00000000 00:00 0 
7f4c7e7d5000-7f4c7e8b7000 r-xp 00000000 08:01 42205248                   /tmp/sqlite-3.15.1-4408089a-3ca0-42de-bcbf-375ccc707c0f-libsqlitejdbc.so
7f4c7e8b7000-7f4c7eab6000 ---p 000e2000 08:01 42205248                   /tmp/sqlite-3.15.1-4408089a-3ca0-42de-bcbf-375ccc707c0f-libsqlitejdbc.so
7f4c7eab6000-7f4c7eabb000 rw-p 000e1000 08:01 42205248                   /tmp/sqlite-3.15.1-4408089a-3ca0-42de-bcbf-375ccc707c0f-libsqlitejdbc.so
7f4c7eabb000-7f4c7edbc000 rw-p 00000000 00:00 0 
7f4c7edbc000-7f4c7edd2000 r-xp 00000000 08:01 18481568                   /opt/jdk1.7.0_79/jre/lib/amd64/libnet.so
7f4c7edd2000-7f4c7efd2000 ---p 00016000 08:01 18481568                   /opt/jdk1.7.0_79/jre/lib/amd64/libnet.so
7f4c7efd2000-7f4c7efd3000 rw-p 00016000 08:01 18481568                   /opt/jdk1.7.0_79/jre/lib/amd64/libnet.so
7f4c7efd3000-7f4c7efe3000 r-xp 00000000 08:01 18481534                   /opt/jdk1.7.0_79/jre/lib/amd64/libnio.so
7f4c7efe3000-7f4c7f1e3000 ---p 00010000 08:01 18481534                   /opt/jdk1.7.0_79/jre/lib/amd64/libnio.so
7f4c7f1e3000-7f4c7f1e4000 rw-p 00010000 08:01 18481534                   /opt/jdk1.7.0_79/jre/lib/amd64/libnio.so
7f4c7f1e4000-7f4c7f36d000 r--s 02cfb000 08:01 37360539                   /home/ubuntu/graduate_project/ConsoleMainServerProgram/lib/com.sun.jar
7f4c7f36d000-7f4c7f36e000 ---p 00000000 00:00 0 
7f4c7f36e000-7f4c7f46e000 rw-p 00000000 00:00 0 
7f4c7f46e000-7f4c7f471000 ---p 00000000 00:00 0 
7f4c7f471000-7f4c7f56f000 rw-p 00000000 00:00 0 
7f4c7f56f000-7f4c7f572000 ---p 00000000 00:00 0 
7f4c7f572000-7f4c7f670000 rw-p 00000000 00:00 0 
7f4c7f670000-7f4c7f673000 ---p 00000000 00:00 0 
7f4c7f673000-7f4c7f771000 rw-p 00000000 00:00 0 
7f4c7f771000-7f4c7f774000 ---p 00000000 00:00 0 
7f4c7f774000-7f4c7f872000 rw-p 00000000 00:00 0 
7f4c7f872000-7f4c7fcfd000 r--p 00000000 08:01 58730663                   /usr/lib/locale/locale-archive
7f4c7fcfd000-7f4c7fd00000 ---p 00000000 00:00 0 
7f4c7fd00000-7f4c7fdfe000 rw-p 00000000 00:00 0 
7f4c7fdfe000-7f4c7fe01000 ---p 00000000 00:00 0 
7f4c7fe01000-7f4c7feff000 rw-p 00000000 00:00 0 
7f4c7feff000-7f4c7ff00000 ---p 00000000 00:00 0 
7f4c7ff00000-7f4c80000000 rw-p 00000000 00:00 0 
7f4c80000000-7f4c80021000 rw-p 00000000 00:00 0 
7f4c80021000-7f4c84000000 ---p 00000000 00:00 0 
7f4c84000000-7f4c84021000 rw-p 00000000 00:00 0 
7f4c84021000-7f4c88000000 ---p 00000000 00:00 0 
7f4c88000000-7f4c88021000 rw-p 00000000 00:00 0 
7f4c88021000-7f4c8c000000 ---p 00000000 00:00 0 
7f4c8c093000-7f4c8c097000 r--s 000f7000 08:01 18482171                   /opt/jdk1.7.0_79/jre/lib/ext/localedata.jar
7f4c8c097000-7f4c8c09a000 ---p 00000000 00:00 0 
7f4c8c09a000-7f4c8c0d0000 rw-p 00000000 00:00 0 
7f4c8c0d0000-7f4c8c0d4000 r--s 0008b000 08:01 18482160                   /opt/jdk1.7.0_79/jre/lib/jsse.jar
7f4c8c0d4000-7f4c8c0f1000 r--s 00196000 08:01 37360541                   /home/ubuntu/graduate_project/ConsoleMainServerProgram/lib/netty-all-4.0.23.Final.jar
7f4c8c0f1000-7f4c8d000000 rw-p 00000000 00:00 0 
7f4c8d000000-7f4c8d270000 rwxp 00000000 00:00 0 
7f4c8d270000-7f4c90b98000 rw-p 00000000 00:00 0 
7f4c90b98000-7f4c94000000 ---p 00000000 00:00 0 
7f4c94003000-7f4c94005000 r--s 00008000 08:01 37360542                   /home/ubuntu/graduate_project/ConsoleMainServerProgram/lib/commons-logging.jar
7f4c94005000-7f4c94008000 r--s 00428000 08:01 37360537                   /home/ubuntu/graduate_project/ConsoleMainServerProgram/lib/sqlite-jdbc-3.15.1.jar
7f4c94008000-7f4c9413a000 rw-p 00000000 00:00 0 
7f4c9413a000-7f4c942fa000 r--s 039f7000 08:01 18482216                   /opt/jdk1.7.0_79/jre/lib/rt.jar
7f4c942fa000-7f4c94820000 rw-p 00000000 00:00 0 
7f4c94820000-7f4c94821000 ---p 00000000 00:00 0 
7f4c94821000-7f4c94921000 rw-p 00000000 00:00 0 
7f4c94921000-7f4c94922000 ---p 00000000 00:00 0 
7f4c94922000-7f4c94a22000 rw-p 00000000 00:00 0 
7f4c94a22000-7f4c94a23000 ---p 00000000 00:00 0 
7f4c94a23000-7f4c94b23000 rw-p 00000000 00:00 0 
7f4c94b23000-7f4c94b24000 ---p 00000000 00:00 0 
7f4c94b24000-7f4c94c2f000 rw-p 00000000 00:00 0 
7f4c94c2f000-7f4c94c4d000 rw-p 00000000 00:00 0 
7f4c94c4d000-7f4c94c76000 rw-p 00000000 00:00 0 
7f4c94c76000-7f4c94edf000 rw-p 00000000 00:00 0 
7f4c94edf000-7f4c94eea000 rw-p 00000000 00:00 0 
7f4c94eea000-7f4c94f08000 rw-p 00000000 00:00 0 
7f4c94f08000-7f4c94f31000 rw-p 00000000 00:00 0 
7f4c94f31000-7f4c9519a000 rw-p 00000000 00:00 0 
7f4c9519a000-7f4c951a7000 rw-p 00000000 00:00 0 
7f4c951a7000-7f4c951de000 ---p 00000000 00:00 0 
7f4c951de000-7f4c952e3000 rw-p 00000000 00:00 0 
7f4c952e3000-7f4c952e4000 rw-p 00000000 00:00 0 
7f4c952e4000-7f4c952fe000 r-xp 00000000 08:01 18481563                   /opt/jdk1.7.0_79/jre/lib/amd64/libzip.so
7f4c952fe000-7f4c954fe000 ---p 0001a000 08:01 18481563                   /opt/jdk1.7.0_79/jre/lib/amd64/libzip.so
7f4c954fe000-7f4c954ff000 rw-p 0001a000 08:01 18481563                   /opt/jdk1.7.0_79/jre/lib/amd64/libzip.so
7f4c954ff000-7f4c9550a000 r-xp 00000000 08:01 58458354                   /lib/x86_64-linux-gnu/libnss_files-2.23.so
7f4c9550a000-7f4c95709000 ---p 0000b000 08:01 58458354                   /lib/x86_64-linux-gnu/libnss_files-2.23.so
7f4c95709000-7f4c9570a000 r--p 0000a000 08:01 58458354                   /lib/x86_64-linux-gnu/libnss_files-2.23.so
7f4c9570a000-7f4c9570b000 rw-p 0000b000 08:01 58458354                   /lib/x86_64-linux-gnu/libnss_files-2.23.so
7f4c9570b000-7f4c95711000 rw-p 00000000 00:00 0 
7f4c95711000-7f4c9571c000 r-xp 00000000 08:01 58458360                   /lib/x86_64-linux-gnu/libnss_nis-2.23.so
7f4c9571c000-7f4c9591b000 ---p 0000b000 08:01 58458360                   /lib/x86_64-linux-gnu/libnss_nis-2.23.so
7f4c9591b000-7f4c9591c000 r--p 0000a000 08:01 58458360                   /lib/x86_64-linux-gnu/libnss_nis-2.23.so
7f4c9591c000-7f4c9591d000 rw-p 0000b000 08:01 58458360                   /lib/x86_64-linux-gnu/libnss_nis-2.23.so
7f4c9591d000-7f4c95933000 r-xp 00000000 08:01 58458346                   /lib/x86_64-linux-gnu/libnsl-2.23.so
7f4c95933000-7f4c95b32000 ---p 00016000 08:01 58458346                   /lib/x86_64-linux-gnu/libnsl-2.23.so
7f4c95b32000-7f4c95b33000 r--p 00015000 08:01 58458346                   /lib/x86_64-linux-gnu/libnsl-2.23.so
7f4c95b33000-7f4c95b34000 rw-p 00016000 08:01 58458346                   /lib/x86_64-linux-gnu/libnsl-2.23.so
7f4c95b34000-7f4c95b36000 rw-p 00000000 00:00 0 
7f4c95b36000-7f4c95b3e000 r-xp 00000000 08:01 58458372                   /lib/x86_64-linux-gnu/libnss_compat-2.23.so
7f4c95b3e000-7f4c95d3d000 ---p 00008000 08:01 58458372                   /lib/x86_64-linux-gnu/libnss_compat-2.23.so
7f4c95d3d000-7f4c95d3e000 r--p 00007000 08:01 58458372                   /lib/x86_64-linux-gnu/libnss_compat-2.23.so
7f4c95d3e000-7f4c95d3f000 rw-p 00008000 08:01 58458372                   /lib/x86_64-linux-gnu/libnss_compat-2.23.so
7f4c95d3f000-7f4c95d68000 r-xp 00000000 08:01 18481529                   /opt/jdk1.7.0_79/jre/lib/amd64/libjava.so
7f4c95d68000-7f4c95f68000 ---p 00029000 08:01 18481529                   /opt/jdk1.7.0_79/jre/lib/amd64/libjava.so
7f4c95f68000-7f4c95f6a000 rw-p 00029000 08:01 18481529                   /opt/jdk1.7.0_79/jre/lib/amd64/libjava.so
7f4c95f6a000-7f4c95f77000 r-xp 00000000 08:01 18481556                   /opt/jdk1.7.0_79/jre/lib/amd64/libverify.so
7f4c95f77000-7f4c96176000 ---p 0000d000 08:01 18481556                   /opt/jdk1.7.0_79/jre/lib/amd64/libverify.so
7f4c96176000-7f4c96178000 rw-p 0000c000 08:01 18481556                   /opt/jdk1.7.0_79/jre/lib/amd64/libverify.so
7f4c96178000-7f4c9617f000 r-xp 00000000 08:01 58458364                   /lib/x86_64-linux-gnu/librt-2.23.so
7f4c9617f000-7f4c9637e000 ---p 00007000 08:01 58458364                   /lib/x86_64-linux-gnu/librt-2.23.so
7f4c9637e000-7f4c9637f000 r--p 00006000 08:01 58458364                   /lib/x86_64-linux-gnu/librt-2.23.so
7f4c9637f000-7f4c96380000 rw-p 00007000 08:01 58458364                   /lib/x86_64-linux-gnu/librt-2.23.so
7f4c96380000-7f4c96488000 r-xp 00000000 08:01 58458382                   /lib/x86_64-linux-gnu/libm-2.23.so
7f4c96488000-7f4c96687000 ---p 00108000 08:01 58458382                   /lib/x86_64-linux-gnu/libm-2.23.so
7f4c96687000-7f4c96688000 r--p 00107000 08:01 58458382                   /lib/x86_64-linux-gnu/libm-2.23.so
7f4c96688000-7f4c96689000 rw-p 00108000 08:01 58458382                   /lib/x86_64-linux-gnu/libm-2.23.so
7f4c96689000-7f4c971fe000 r-xp 00000000 08:01 18481583                   /opt/jdk1.7.0_79/jre/lib/amd64/server/libjvm.so
7f4c971fe000-7f4c973fe000 ---p 00b75000 08:01 18481583                   /opt/jdk1.7.0_79/jre/lib/amd64/server/libjvm.so
7f4c973fe000-7f4c974c2000 rw-p 00b75000 08:01 18481583                   /opt/jdk1.7.0_79/jre/lib/amd64/server/libjvm.so
7f4c974c2000-7f4c97503000 rw-p 00000000 00:00 0 
7f4c97503000-7f4c976c3000 r-xp 00000000 08:01 58458389                   /lib/x86_64-linux-gnu/libc-2.23.so
7f4c976c3000-7f4c978c3000 ---p 001c0000 08:01 58458389                   /lib/x86_64-linux-gnu/libc-2.23.so
7f4c978c3000-7f4c978c7000 r--p 001c0000 08:01 58458389                   /lib/x86_64-linux-gnu/libc-2.23.so
7f4c978c7000-7f4c978c9000 rw-p 001c4000 08:01 58458389                   /lib/x86_64-linux-gnu/libc-2.23.so
7f4c978c9000-7f4c978cd000 rw-p 00000000 00:00 0 
7f4c978cd000-7f4c978d0000 r-xp 00000000 08:01 58458370                   /lib/x86_64-linux-gnu/libdl-2.23.so
7f4c978d0000-7f4c97acf000 ---p 00003000 08:01 58458370                   /lib/x86_64-linux-gnu/libdl-2.23.so
7f4c97acf000-7f4c97ad0000 r--p 00002000 08:01 58458370                   /lib/x86_64-linux-gnu/libdl-2.23.so
7f4c97ad0000-7f4c97ad1000 rw-p 00003000 08:01 58458370                   /lib/x86_64-linux-gnu/libdl-2.23.so
7f4c97ad1000-7f4c97ae7000 r-xp 00000000 08:01 18482260                   /opt/jdk1.7.0_79/lib/amd64/jli/libjli.so
7f4c97ae7000-7f4c97ce7000 ---p 00016000 08:01 18482260                   /opt/jdk1.7.0_79/lib/amd64/jli/libjli.so
7f4c97ce7000-7f4c97ce8000 rw-p 00016000 08:01 18482260                   /opt/jdk1.7.0_79/lib/amd64/jli/libjli.so
7f4c97ce8000-7f4c97d00000 r-xp 00000000 08:01 58458358                   /lib/x86_64-linux-gnu/libpthread-2.23.so
7f4c97d00000-7f4c97eff000 ---p 00018000 08:01 58458358                   /lib/x86_64-linux-gnu/libpthread-2.23.so
7f4c97eff000-7f4c97f00000 r--p 00017000 08:01 58458358                   /lib/x86_64-linux-gnu/libpthread-2.23.so
7f4c97f00000-7f4c97f01000 rw-p 00018000 08:01 58458358                   /lib/x86_64-linux-gnu/libpthread-2.23.so
7f4c97f01000-7f4c97f05000 rw-p 00000000 00:00 0 
7f4c97f05000-7f4c97f2b000 r-xp 00000000 08:01 58458348                   /lib/x86_64-linux-gnu/ld-2.23.so
7f4c97f2c000-7f4c97f33000 r--s 00067000 08:01 37360535                   /home/ubuntu/graduate_project/ConsoleMainServerProgram/lib/quartz-1.6.5.jar
7f4c97f33000-7f4c97f35000 r--s 00016000 08:01 37360543                   /home/ubuntu/graduate_project/ConsoleMainServerProgram/lib/json.jar
7f4c97f35000-7f4c97f46000 r--s 0016f000 08:01 37360540                   /home/ubuntu/graduate_project/ConsoleMainServerProgram/lib/jfreechart-1.0.19.jar
7f4c97f46000-7f4c97f50000 rw-p 00000000 00:00 0 
7f4c97f50000-7f4c98006000 rw-p 00000000 00:00 0 
7f4c98006000-7f4c98009000 ---p 00000000 00:00 0 
7f4c98009000-7f4c9810b000 rw-p 00000000 00:00 0 
7f4c9810b000-7f4c98111000 r--s 0004b000 08:01 37360534                   /home/ubuntu/graduate_project/ConsoleMainServerProgram/lib/jcommon-1.0.23.jar
7f4c98111000-7f4c98114000 r--s 00014000 08:01 37360536                   /home/ubuntu/graduate_project/ConsoleMainServerProgram/lib/commons-net-ftp-2.0.jar
7f4c98114000-7f4c9811e000 r--s 00253000 08:01 18481611                   /opt/jdk1.7.0_79/jre/lib/resources.jar
7f4c9811e000-7f4c98126000 rw-s 00000000 08:01 42336277                   /tmp/hsperfdata_ubuntu/8535
7f4c98126000-7f4c98127000 rw-p 00000000 00:00 0 
7f4c98127000-7f4c98128000 r--p 00000000 00:00 0 
7f4c98128000-7f4c9812a000 rw-p 00000000 00:00 0 
7f4c9812a000-7f4c9812b000 r--p 00025000 08:01 58458348                   /lib/x86_64-linux-gnu/ld-2.23.so
7f4c9812b000-7f4c9812c000 rw-p 00026000 08:01 58458348                   /lib/x86_64-linux-gnu/ld-2.23.so
7f4c9812c000-7f4c9812d000 rw-p 00000000 00:00 0 
7fff11fc9000-7fff11fea000 rw-p 00000000 00:00 0                          [stack]
7fff11ffc000-7fff11ffe000 r--p 00000000 00:00 0                          [vvar]
7fff11ffe000-7fff12000000 r-xp 00000000 00:00 0                          [vdso]
ffffffffff600000-ffffffffff601000 r-xp 00000000 00:00 0                  [vsyscall]

VM Arguments:
jvm_args: -Dfile.encoding=UTF-8 
java_command: com.hit.heat.cn.Main
Launcher Type: SUN_STANDARD

Environment Variables:
JAVA_HOME=/opt/jdk1.8.0_102
CLASSPATH=.:/opt/jdk1.8.0_102/lib/dt.jar:/opt/jdk1.8.0_102/lib/tools.jar:
PATH=/opt/jdk1.8.0_102/bin:/usr/local/sbin:/usr/local/bin:/usr/sbin:/usr/bin:/sbin:/bin:/usr/games:/usr/local/games:/snap/bin
SHELL=/bin/bash
DISPLAY=:0

Signal Handlers:
SIGSEGV: [libjvm.so+0x9a3bf0], sa_mask[0]=0x7ffbfeff, sa_flags=0x10000004
SIGBUS: [libjvm.so+0x9a3bf0], sa_mask[0]=0x7ffbfeff, sa_flags=0x10000004
SIGFPE: [libjvm.so+0x81cb60], sa_mask[0]=0x7ffbfeff, sa_flags=0x10000004
SIGPIPE: [libjvm.so+0x81cb60], sa_mask[0]=0x7ffbfeff, sa_flags=0x10000004
SIGXFSZ: [libjvm.so+0x81cb60], sa_mask[0]=0x7ffbfeff, sa_flags=0x10000004
SIGILL: [libjvm.so+0x81cb60], sa_mask[0]=0x7ffbfeff, sa_flags=0x10000004
SIGUSR1: SIG_DFL, sa_mask[0]=0x00000000, sa_flags=0x00000000
SIGUSR2: [libjvm.so+0x81e360], sa_mask[0]=0x00000004, sa_flags=0x10000004
SIGHUP: [libjvm.so+0x81f480], sa_mask[0]=0x7ffbfeff, sa_flags=0x10000004
SIGINT: [libjvm.so+0x81f480], sa_mask[0]=0x7ffbfeff, sa_flags=0x10000004
SIGTERM: [libjvm.so+0x81f480], sa_mask[0]=0x7ffbfeff, sa_flags=0x10000004
SIGQUIT: [libjvm.so+0x81f480], sa_mask[0]=0x7ffbfeff, sa_flags=0x10000004


---------------  S Y S T E M  ---------------

OS:stretch/sid

uname:Linux 4.4.0-97-generic #120-Ubuntu SMP Tue Sep 19 17:28:18 UTC 2017 x86_64
libc:glibc 2.23 NPTL 2.23 
rlimit: STACK 8192k, CORE 0k, NPROC 31428, NOFILE 65536, AS infinity
load average:0.43 0.34 0.21

/proc/meminfo:
MemTotal:        8085092 kB
MemFree:          176940 kB
MemAvailable:    2552688 kB
Buffers:          601392 kB
Cached:          2303756 kB
SwapCached:        12660 kB
Active:          5243392 kB
Inactive:        1971820 kB
Active(anon):    4063268 kB
Inactive(anon):   985960 kB
Active(file):    1180124 kB
Inactive(file):   985860 kB
Unevictable:          32 kB
Mlocked:              32 kB
SwapTotal:       8296444 kB
SwapFree:        7618820 kB
Dirty:               720 kB
Writeback:             4 kB
AnonPages:       4303804 kB
Mapped:           428868 kB
Shmem:            738796 kB
Slab:             565660 kB
SReclaimable:     515196 kB
SUnreclaim:        50464 kB
KernelStack:       12544 kB
PageTables:        58968 kB
NFS_Unstable:          0 kB
Bounce:                0 kB
WritebackTmp:          0 kB
CommitLimit:    12338988 kB
Committed_AS:   14111488 kB
VmallocTotal:   34359738367 kB
VmallocUsed:           0 kB
VmallocChunk:          0 kB
HardwareCorrupted:     0 kB
AnonHugePages:   2408448 kB
CmaTotal:              0 kB
CmaFree:               0 kB
HugePages_Total:       0
HugePages_Free:        0
HugePages_Rsvd:        0
HugePages_Surp:        0
Hugepagesize:       2048 kB
DirectMap4k:      242372 kB
DirectMap2M:     8056832 kB


CPU:total 4 (2 cores per cpu, 2 threads per core) family 6 model 42 stepping 7, cmov, cx8, fxsr, mmx, sse, sse2, sse3, ssse3, sse4.1, sse4.2, popcnt, avx, ht, tsc, tscinvbit

/proc/cpuinfo:
processor	: 0
vendor_id	: GenuineIntel
cpu family	: 6
model		: 42
model name	: Intel(R) Core(TM) i3-2100 CPU @ 3.10GHz
stepping	: 7
microcode	: 0x18
cpu MHz		: 2224.855
cache size	: 3072 KB
physical id	: 0
siblings	: 4
core id		: 0
cpu cores	: 2
apicid		: 0
initial apicid	: 0
fpu		: yes
fpu_exception	: yes
cpuid level	: 13
wp		: yes
flags		: fpu vme de pse tsc msr pae mce cx8 apic sep mtrr pge mca cmov pat pse36 clflush dts acpi mmx fxsr sse sse2 ss ht tm pbe syscall nx rdtscp lm constant_tsc arch_perfmon pebs bts rep_good nopl xtopology nonstop_tsc aperfmperf eagerfpu pni pclmulqdq dtes64 monitor ds_cpl vmx est tm2 ssse3 cx16 xtpr pdcm pcid sse4_1 sse4_2 popcnt tsc_deadline_timer xsave avx lahf_lm epb tpr_shadow vnmi flexpriority ept vpid xsaveopt dtherm arat pln pts
bugs		:
bogomips	: 6185.66
clflush size	: 64
cache_alignment	: 64
address sizes	: 36 bits physical, 48 bits virtual
power management:

processor	: 1
vendor_id	: GenuineIntel
cpu family	: 6
model		: 42
model name	: Intel(R) Core(TM) i3-2100 CPU @ 3.10GHz
stepping	: 7
microcode	: 0x18
cpu MHz		: 2631.367
cache size	: 3072 KB
physical id	: 0
siblings	: 4
core id		: 1
cpu cores	: 2
apicid		: 2
initial apicid	: 2
fpu		: yes
fpu_exception	: yes
cpuid level	: 13
wp		: yes
flags		: fpu vme de pse tsc msr pae mce cx8 apic sep mtrr pge mca cmov pat pse36 clflush dts acpi mmx fxsr sse sse2 ss ht tm pbe syscall nx rdtscp lm constant_tsc arch_perfmon pebs bts rep_good nopl xtopology nonstop_tsc aperfmperf eagerfpu pni pclmulqdq dtes64 monitor ds_cpl vmx est tm2 ssse3 cx16 xtpr pdcm pcid sse4_1 sse4_2 popcnt tsc_deadline_timer xsave avx lahf_lm epb tpr_shadow vnmi flexpriority ept vpid xsaveopt dtherm arat pln pts
bugs		:
bogomips	: 6185.66
clflush size	: 64
cache_alignment	: 64
address sizes	: 36 bits physical, 48 bits virtual
power management:

processor	: 2
vendor_id	: GenuineIntel
cpu family	: 6
model		: 42
model name	: Intel(R) Core(TM) i3-2100 CPU @ 3.10GHz
stepping	: 7
microcode	: 0x18
cpu MHz		: 2681.863
cache size	: 3072 KB
physical id	: 0
siblings	: 4
core id		: 0
cpu cores	: 2
apicid		: 1
initial apicid	: 1
fpu		: yes
fpu_exception	: yes
cpuid level	: 13
wp		: yes
flags		: fpu vme de pse tsc msr pae mce cx8 apic sep mtrr pge mca cmov pat pse36 clflush dts acpi mmx fxsr sse sse2 ss ht tm pbe syscall nx rdtscp lm constant_tsc arch_perfmon pebs bts rep_good nopl xtopology nonstop_tsc aperfmperf eagerfpu pni pclmulqdq dtes64 monitor ds_cpl vmx est tm2 ssse3 cx16 xtpr pdcm pcid sse4_1 sse4_2 popcnt tsc_deadline_timer xsave avx lahf_lm epb tpr_shadow vnmi flexpriority ept vpid xsaveopt dtherm arat pln pts
bugs		:
bogomips	: 6185.66
clflush size	: 64
cache_alignment	: 64
address sizes	: 36 bits physical, 48 bits virtual
power management:

processor	: 3
vendor_id	: GenuineIntel
cpu family	: 6
model		: 42
model name	: Intel(R) Core(TM) i3-2100 CPU @ 3.10GHz
stepping	: 7
microcode	: 0x18
cpu MHz		: 2575.542
cache size	: 3072 KB
physical id	: 0
siblings	: 4
core id		: 1
cpu cores	: 2
apicid		: 3
initial apicid	: 3
fpu		: yes
fpu_exception	: yes
cpuid level	: 13
wp		: yes
flags		: fpu vme de pse tsc msr pae mce cx8 apic sep mtrr pge mca cmov pat pse36 clflush dts acpi mmx fxsr sse sse2 ss ht tm pbe syscall nx rdtscp lm constant_tsc arch_perfmon pebs bts rep_good nopl xtopology nonstop_tsc aperfmperf eagerfpu pni pclmulqdq dtes64 monitor ds_cpl vmx est tm2 ssse3 cx16 xtpr pdcm pcid sse4_1 sse4_2 popcnt tsc_deadline_timer xsave avx lahf_lm epb tpr_shadow vnmi flexpriority ept vpid xsaveopt dtherm arat pln pts
bugs		:
bogomips	: 6185.66
clflush size	: 64
cache_alignment	: 64
address sizes	: 36 bits physical, 48 bits virtual
power management:



Memory: 4k page, physical 8085092k(176940k free), swap 8296444k(7618820k free)

vm_info: Java HotSpot(TM) 64-Bit Server VM (24.79-b02) for linux-amd64 JRE (1.7.0_79-b15), built on Apr 10 2015 11:34:48 by "java_re" with gcc 4.3.0 20080428 (Red Hat 4.3.0-8)

time: Wed Dec  6 07:40:45 2017
elapsed time: 120396 seconds

